<?xml version="1.0" encoding="UTF-8"?>
<testsuites name="SauceTestSuite" time="662.612" tests="2" failures="0" errors="0">
   <testsuite name="SauceTestSuite" tests="2" failures="0" errors="0" time="662.612" skipped="0" timestamp="11-10-2024T17:20:43" hostname="Anoop_G - 192.168.1.38" id="Test Suites/SauceLab/SauceTestSuite">
      <properties>
         <property name="deviceName"/>
         <property name="devicePlatform" value="WINDOWS"/>
         <property name="logFolder" value="C:\\Users\\Anoop_G\\git\\GitKatalonIntegration\\GitKatalonIntegration\\Reports\\20241011_172026\\SauceLab\\SauceTestSuite\\20241011_172026"/>
         <property name="logFiles" value="C:\\Users\\Anoop_G\\git\\GitKatalonIntegration\\GitKatalonIntegration\\Reports\\20241011_172026\\SauceLab\\SauceTestSuite\\20241011_172026\\execution0.log"/>
         <property name="attachments" value=""/>
         <property name="hostName" value="Anoop_G - 192.168.1.38"/>
         <property name="remoteDriverUrl" value="testcloud.katalon.com/hub"/>
         <property name="desiredCapabilities" value="{&#xa;  &quot;timeouts&quot;: {&#xa;    &quot;implicit&quot;: 0,&#xa;    &quot;pageLoad&quot;: 300000,&#xa;    &quot;script&quot;: 30000&#xa;  },&#xa;  &quot;se:cdpEnabled&quot;: false,&#xa;  &quot;platform&quot;: &quot;WINDOWS&quot;,&#xa;  &quot;goog:chromeOptions&quot;: {&#xa;    &quot;debuggerAddress&quot;: &quot;localhost:9225&quot;&#xa;  },&#xa;  &quot;webauthn:extension:credBlob&quot;: true,&#xa;  &quot;acceptInsecureCerts&quot;: false,&#xa;  &quot;browserVersion&quot;: &quot;129.0.0.0&quot;,&#xa;  &quot;fedcm:accounts&quot;: true,&#xa;  &quot;kt:requestId&quot;: &quot;a772b0b5-2636-4b25-afe4-078119cfcc49&quot;,&#xa;  &quot;browserName&quot;: &quot;chrome&quot;,&#xa;  &quot;javascriptEnabled&quot;: true,&#xa;  &quot;katalon:option&quot;: {&#xa;    &quot;apiKey&quot;: &quot;c0315456-d2c3-40d2-8d49-2c89f0a3333d&quot;,&#xa;    &quot;tunnelMetadataId&quot;: &quot;c54de382-28b8-45e2-944c-cbb2bb6119ca&quot;,&#xa;    &quot;executionSessionId&quot;: &quot;a772b0b5-2636-4b25-afe4-078119cfcc49&quot;,&#xa;    &quot;userId&quot;: 1589010,&#xa;    &quot;organizationId&quot;: &quot;1649964&quot;,&#xa;    &quot;executionId&quot;: &quot;c472a1bf-7db7-4fff-91df-6c1155acfcaf&quot;,&#xa;    &quot;runFromTestCloud&quot;: true,&#xa;    &quot;tenant&quot;: &quot;KatalonStudio&quot;,&#xa;    &quot;group&quot;: &quot;6f85506d-e1d2-4ffe-bd1e-9d045d72c602&quot;,&#xa;    &quot;usingTunnel&quot;: true&#xa;  },&#xa;  &quot;platformName&quot;: &quot;WINDOWS&quot;,&#xa;  &quot;setWindowRect&quot;: true,&#xa;  &quot;webauthn:extension:largeBlob&quot;: true,&#xa;  &quot;networkConnectionEnabled&quot;: false,&#xa;  &quot;chrome&quot;: {&#xa;    &quot;chromedriverVersion&quot;: &quot;129.0.6668.89 (951c0b97221f8d4ba37cf97d324505c832251cf9-refs/branch-heads/6668@{#1503})&quot;,&#xa;    &quot;userDataDir&quot;: &quot;C:\\Windows\\SystemTemp\\scoped_dir2000_271219007&quot;&#xa;  },&#xa;  &quot;kt:rid&quot;: &quot;a772b0b5-2636-4b25-afe4-078119cfcc49&quot;,&#xa;  &quot;pageLoadStrategy&quot;: &quot;normal&quot;,&#xa;  &quot;unhandledPromptBehavior&quot;: &quot;dismiss and notify&quot;,&#xa;  &quot;strictFileInteractability&quot;: false,&#xa;  &quot;***:loadExtension&quot;: [&#xa;    &quot;https://prod-magicleap-user-files-us-east-1-v1.s3.amazonaws.com/extensions/orgId-691279/SmartWait.zip&quot;&#xa;  ],&#xa;  &quot;se:bidiEnabled&quot;: false,&#xa;  &quot;proxy&quot;: {&#xa;    &quot;proxyType&quot;: &quot;UNSPECIFIED&quot;,&#xa;    &quot;autodetect&quot;: false&#xa;  },&#xa;  &quot;webauthn:extension:minPinLength&quot;: true,&#xa;  &quot;webauthn:extension:prf&quot;: true,&#xa;  &quot;webauthn:virtualAuthenticators&quot;: true&#xa;}"/>
         <property name="os" value="Windows 11 64bit"/>
         <property name="remoteOS" value="Windows"/>
         <property name="katalonVersion" value="9.7.2.223"/>
         <property name="browser" value="Chrome 129.0.0.0"/>
         <property name="hostAddress" value="192.168.1.38"/>
         <property name="sessionId" value="5c3b873af604cde779d42643b8bf3281"/>
         <property name="seleniumVersion" value="3.141.59"/>
         <property name="proxyInformation" value="ProxyInformation { proxyOption=NO_PROXY, proxyServerType=HTTP, username=, password=********, proxyServerAddress=, proxyServerPort=0, executionList=&quot;&quot;, isApplyToDesiredCapabilities=true }"/>
         <property name="platform" value="Windows 11"/>
      </properties>
      <testcase name="Test Cases/SauceLab/TC2_SauceLab_Variable - DD" time="323.154" classname="Test Cases/SauceLab/TC2_SauceLab_Variable - DD" status="PASSED">
         <system-out><![CDATA[11-10-2024T17:20:44 - [TEST_CASE][PASSED] - Test Cases/SauceLab/TC2_SauceLab_Variable - DD: Test Cases/SauceLab/TC2_SauceLab_Variable - DD

11-10-2024T17:20:45 - [TEST_STEP][PASSED] - openBrowser(""): Browser is opened with url: ''

11-10-2024T17:20:46 - [MESSAGE][INFO] - User set preference: ['os', 'windows']

11-10-2024T17:20:46 - [MESSAGE][INFO] - User set preference: ['browserVersion', '129']

11-10-2024T17:20:46 - [MESSAGE][INFO] - User set preference: ['browserName', 'chrome']

11-10-2024T17:20:46 - [MESSAGE][INFO] - User set preference: ['katalon:option', '{organizationId=1649964, usingTunnel=true}']

11-10-2024T17:20:46 - [MESSAGE][INFO] - Connecting to remote web server 'testcloud.katalon.com/hub' with type 'Selenium'

11-10-2024T17:20:46 - [MESSAGE][INFO] - Action delay is set to 0 milliseconds

11-10-2024T17:21:19 - [MESSAGE][PASSED] - Browser is opened with url: ''

11-10-2024T17:21:19 - [TEST_STEP][PASSED] - navigateToUrl(url): Navigate to 'https://www.saucedemo.com/' successfully

11-10-2024T17:21:21 - [MESSAGE][PASSED] - Navigate to 'https://www.saucedemo.com/' successfully

11-10-2024T17:21:21 - [TEST_STEP][PASSED] - setText(findTestObject("Object Repository/Page_Swag Labs/input_Swag Labs_user-name"), username): Text 'standard_user' is set on object 'Object Repository/Page_Swag Labs/input_Swag Labs_user-name'

11-10-2024T17:22:25 - [MESSAGE][PASSED] - Text 'standard_user' is set on object 'Object Repository/Page_Swag Labs/input_Swag Labs_user-name'

11-10-2024T17:22:25 - [TEST_STEP][PASSED] - setText(findTestObject("Object Repository/Page_Swag Labs/input_Swag Labs_password"), password): Text 'secret_sauce' is set on object 'Object Repository/Page_Swag Labs/input_Swag Labs_password'

11-10-2024T17:23:31 - [MESSAGE][PASSED] - Text 'secret_sauce' is set on object 'Object Repository/Page_Swag Labs/input_Swag Labs_password'

11-10-2024T17:23:31 - [TEST_STEP][PASSED] - click(findTestObject("Object Repository/Page_Swag Labs/input_Swag Labs_login-button")): Object: 'Object Repository/Page_Swag Labs/input_Swag Labs_login-button' is clicked on

11-10-2024T17:24:03 - [MESSAGE][PASSED] - Object: 'Object Repository/Page_Swag Labs/input_Swag Labs_login-button' is clicked on

11-10-2024T17:24:03 - [TEST_STEP][PASSED] - verifyElementText(findTestObject("Object Repository/Page_Swag Labs/div_Sauce Labs Backpack"), "Sauce Labs Backpack"): Actual text and expected text of test object 'Object Repository/Page_Swag Labs/div_Sauce Labs Backpack' are matched.

11-10-2024T17:24:34 - [MESSAGE][PASSED] - Actual text and expected text of test object 'Object Repository/Page_Swag Labs/div_Sauce Labs Backpack' are matched.

11-10-2024T17:24:34 - [TEST_STEP][PASSED] - click(findTestObject("Object Repository/Page_Swag Labs/button_Add to cart")): Object: 'Object Repository/Page_Swag Labs/button_Add to cart' is clicked on

11-10-2024T17:25:05 - [MESSAGE][PASSED] - Object: 'Object Repository/Page_Swag Labs/button_Add to cart' is clicked on

11-10-2024T17:25:05 - [TEST_STEP][PASSED] - click(findTestObject("Object Repository/Page_Swag Labs/a_1")): Object: 'Object Repository/Page_Swag Labs/a_1' is clicked on

11-10-2024T17:25:36 - [MESSAGE][PASSED] - Object: 'Object Repository/Page_Swag Labs/a_1' is clicked on

11-10-2024T17:25:36 - [TEST_STEP][PASSED] - verifyElementPresent(findTestObject("Object Repository/Page_Swag Labs/div_Sauce Labs Backpack"), 0): Object 'Object Repository/Page_Swag Labs/div_Sauce Labs Backpack' is present

11-10-2024T17:25:36 - [MESSAGE][WARNING] - Timeout '0' is invalid. Using default page load timeout: '30'

11-10-2024T17:26:07 - [MESSAGE][PASSED] - Object 'Object Repository/Page_Swag Labs/div_Sauce Labs Backpack' is present]]></system-out>
         <system-err><![CDATA[]]></system-err>
      </testcase>
      <testcase name="Test Cases/SauceLab/TC2_SauceLab_Variable - DD" time="338.482" classname="Test Cases/SauceLab/TC2_SauceLab_Variable - DD" status="PASSED">
         <system-out><![CDATA[11-10-2024T17:26:07 - [TEST_CASE][PASSED] - Test Cases/SauceLab/TC2_SauceLab_Variable - DD: Test Cases/SauceLab/TC2_SauceLab_Variable - DD

11-10-2024T17:26:08 - [TEST_STEP][PASSED] - openBrowser(""): Browser is opened with url: ''

11-10-2024T17:26:08 - [MESSAGE][WARNING] - A browser is already opened. Closing browser and opening a new one

11-10-2024T17:26:09 - [MESSAGE][INFO] - User set preference: ['os', 'windows']

11-10-2024T17:26:09 - [MESSAGE][INFO] - User set preference: ['browserVersion', '129']

11-10-2024T17:26:09 - [MESSAGE][INFO] - User set preference: ['browserName', 'chrome']

11-10-2024T17:26:09 - [MESSAGE][INFO] - User set preference: ['katalon:option', '{organizationId=1649964, usingTunnel=true}']

11-10-2024T17:26:09 - [MESSAGE][INFO] - Connecting to remote web server 'testcloud.katalon.com/hub' with type 'Selenium'

11-10-2024T17:26:09 - [MESSAGE][INFO] - Action delay is set to 0 milliseconds

11-10-2024T17:26:57 - [MESSAGE][PASSED] - Browser is opened with url: ''

11-10-2024T17:26:57 - [TEST_STEP][PASSED] - navigateToUrl(url): Navigate to 'https://www.saucedemo.com/' successfully

11-10-2024T17:27:00 - [MESSAGE][PASSED] - Navigate to 'https://www.saucedemo.com/' successfully

11-10-2024T17:27:00 - [TEST_STEP][PASSED] - setText(findTestObject("Object Repository/Page_Swag Labs/input_Swag Labs_user-name"), username): Text 'performance_glitch_user' is set on object 'Object Repository/Page_Swag Labs/input_Swag Labs_user-name'

11-10-2024T17:28:03 - [MESSAGE][PASSED] - Text 'performance_glitch_user' is set on object 'Object Repository/Page_Swag Labs/input_Swag Labs_user-name'

11-10-2024T17:28:03 - [TEST_STEP][PASSED] - setText(findTestObject("Object Repository/Page_Swag Labs/input_Swag Labs_password"), password): Text 'secret_sauce' is set on object 'Object Repository/Page_Swag Labs/input_Swag Labs_password'

11-10-2024T17:29:06 - [MESSAGE][PASSED] - Text 'secret_sauce' is set on object 'Object Repository/Page_Swag Labs/input_Swag Labs_password'

11-10-2024T17:29:06 - [TEST_STEP][PASSED] - click(findTestObject("Object Repository/Page_Swag Labs/input_Swag Labs_login-button")): Object: 'Object Repository/Page_Swag Labs/input_Swag Labs_login-button' is clicked on

11-10-2024T17:29:42 - [MESSAGE][PASSED] - Object: 'Object Repository/Page_Swag Labs/input_Swag Labs_login-button' is clicked on

11-10-2024T17:29:42 - [TEST_STEP][PASSED] - verifyElementText(findTestObject("Object Repository/Page_Swag Labs/div_Sauce Labs Backpack"), "Sauce Labs Backpack"): Actual text and expected text of test object 'Object Repository/Page_Swag Labs/div_Sauce Labs Backpack' are matched.

11-10-2024T17:30:13 - [MESSAGE][PASSED] - Actual text and expected text of test object 'Object Repository/Page_Swag Labs/div_Sauce Labs Backpack' are matched.

11-10-2024T17:30:13 - [TEST_STEP][PASSED] - click(findTestObject("Object Repository/Page_Swag Labs/button_Add to cart")): Object: 'Object Repository/Page_Swag Labs/button_Add to cart' is clicked on

11-10-2024T17:30:44 - [MESSAGE][PASSED] - Object: 'Object Repository/Page_Swag Labs/button_Add to cart' is clicked on

11-10-2024T17:30:44 - [TEST_STEP][PASSED] - click(findTestObject("Object Repository/Page_Swag Labs/a_1")): Object: 'Object Repository/Page_Swag Labs/a_1' is clicked on

11-10-2024T17:31:15 - [MESSAGE][PASSED] - Object: 'Object Repository/Page_Swag Labs/a_1' is clicked on

11-10-2024T17:31:15 - [TEST_STEP][PASSED] - verifyElementPresent(findTestObject("Object Repository/Page_Swag Labs/div_Sauce Labs Backpack"), 0): Object 'Object Repository/Page_Swag Labs/div_Sauce Labs Backpack' is present

11-10-2024T17:31:15 - [MESSAGE][WARNING] - Timeout '0' is invalid. Using default page load timeout: '30'

11-10-2024T17:31:46 - [MESSAGE][PASSED] - Object 'Object Repository/Page_Swag Labs/div_Sauce Labs Backpack' is present]]></system-out>
         <system-err><![CDATA[]]></system-err>
      </testcase>
      <system-out><![CDATA[11-10-2024T17:20:43 - [TEST_SUITE][PASSED] - SauceTestSuite: Test Cases/SauceLab/TC2_SauceLab_Variable - DD]]></system-out>
      <system-err><![CDATA[]]></system-err>
   </testsuite>
</testsuites>
