<?xml version="1.0" encoding="UTF-8"?>
<testsuites name="CuraPwdSelfhealTry" time="21.123" tests="1" failures="0" errors="0">
   <testsuite name="CuraPwdSelfhealTry" tests="1" failures="0" errors="0" time="21.123" skipped="0" timestamp="05-10-2024T14:35:08" hostname="Anoop_G - 192.168.1.36" id="Test Suites/CuraPwdSelfhealTry">
      <properties>
         <property name="deviceName" value=""/>
         <property name="devicePlatform"/>
         <property name="logFolder" value="C:\\Users\\Anoop_G\\git\\gitlocal\\GitKatalonIntegration\\Reports\\20241005_143452\\CuraPwdSelfhealTry\\20241005_143454"/>
         <property name="logFiles" value="C:\\Users\\Anoop_G\\git\\gitlocal\\GitKatalonIntegration\\Reports\\20241005_143452\\CuraPwdSelfhealTry\\20241005_143454\\execution0.log"/>
         <property name="attachments" value=""/>
         <property name="hostName" value="Anoop_G - 192.168.1.36"/>
         <property name="os" value="Windows 11 64bit"/>
         <property name="katalonVersion" value="9.7.2.223"/>
         <property name="browser" value="Chrome 129.0.0.0"/>
         <property name="hostAddress" value="192.168.1.36"/>
         <property name="sessionId" value="d59732ca212283d95db6ad6f85af3875"/>
         <property name="seleniumVersion" value="3.141.59"/>
         <property name="proxyInformation" value="ProxyInformation { proxyOption=NO_PROXY, proxyServerType=HTTP, username=, password=********, proxyServerAddress=, proxyServerPort=0, executionList=&quot;&quot;, isApplyToDesiredCapabilities=true }"/>
         <property name="platform" value="Windows 11"/>
      </properties>
      <testcase name="Test Cases/TC2_CuraHealth_SelfHeal" time="20.317" classname="Test Cases/TC2_CuraHealth_SelfHeal" status="PASSED">
         <system-out><![CDATA[05-10-2024T14:35:09 - [TEST_CASE][PASSED] - Test Cases/TC2_CuraHealth_SelfHeal: Test Cases/TC2_CuraHealth_SelfHeal

05-10-2024T14:35:09 - [TEST_STEP][PASSED] - openBrowser(""): Browser is opened with url: ''

05-10-2024T14:35:11 - [MESSAGE][INFO] - Starting 'Chrome' driver

05-10-2024T14:35:11 - [MESSAGE][INFO] - Action delay is set to 0 milliseconds

05-10-2024T14:35:16 - [MESSAGE][PASSED] - Browser is opened with url: ''

05-10-2024T14:35:16 - [TEST_STEP][PASSED] - navigateToUrl("https://katalon-demo-cura.herokuapp.com/"): Navigate to 'https://katalon-demo-cura.herokuapp.com/' successfully

05-10-2024T14:35:21 - [MESSAGE][PASSED] - Navigate to 'https://katalon-demo-cura.herokuapp.com/' successfully

05-10-2024T14:35:21 - [TEST_STEP][PASSED] - click(findTestObject("Object Repository/Page_CURA Healthcare Service/a_Make Appointment")): Object: 'Object Repository/Page_CURA Healthcare Service/a_Make Appointment' is clicked on

05-10-2024T14:35:24 - [MESSAGE][PASSED] - Object: 'Object Repository/Page_CURA Healthcare Service/a_Make Appointment' is clicked on

05-10-2024T14:35:24 - [TEST_STEP][PASSED] - username = findTestObject("Object Repository/Page_CURA Healthcare Service/input_Username_username"): null

05-10-2024T14:35:24 - [TEST_STEP][PASSED] - setText(username, "John Doe"): Text 'John Doe' is set on object 'Object Repository/Page_CURA Healthcare Service/input_Username_username'

05-10-2024T14:35:25 - [MESSAGE][PASSED] - Text 'John Doe' is set on object 'Object Repository/Page_CURA Healthcare Service/input_Username_username'

05-10-2024T14:35:25 - [TEST_STEP][PASSED] - verifyElementPresent(username, 5): Object 'Object Repository/Page_CURA Healthcare Service/input_Username_username' is present

05-10-2024T14:35:26 - [MESSAGE][PASSED] - Object 'Object Repository/Page_CURA Healthcare Service/input_Username_username' is present

05-10-2024T14:35:26 - [TEST_STEP][PASSED] - setText(findTestObject("Object Repository/Page_CURA Healthcare Service/input_Password_password"), "ThisIsNotAPassword"): Text 'ThisIsNotAPassword' is set on object 'Object Repository/Page_CURA Healthcare Service/input_Password_password'

05-10-2024T14:35:27 - [MESSAGE][PASSED] - Text 'ThisIsNotAPassword' is set on object 'Object Repository/Page_CURA Healthcare Service/input_Password_password'

05-10-2024T14:35:27 - [TEST_STEP][PASSED] - click(findTestObject("Page_CURA Healthcare Service/button_Login")): Object: 'Object Repository/Page_CURA Healthcare Service/button_Login' is clicked on

05-10-2024T14:35:28 - [MESSAGE][PASSED] - Object: 'Object Repository/Page_CURA Healthcare Service/button_Login' is clicked on

05-10-2024T14:35:28 - [TEST_STEP][PASSED] - verifyElementPresent(findTestObject("Object Repository/Page_CURA Healthcare Service/textMake_Appointment"), 0): Object 'Object Repository/Page_CURA Healthcare Service/textMake_Appointment' is present

05-10-2024T14:35:28 - [MESSAGE][WARNING] - Timeout '0' is invalid. Using default page load timeout: '30'

05-10-2024T14:35:29 - [MESSAGE][PASSED] - Object 'Object Repository/Page_CURA Healthcare Service/textMake_Appointment' is present]]></system-out>
         <system-err><![CDATA[]]></system-err>
      </testcase>
      <system-out><![CDATA[05-10-2024T14:35:08 - [TEST_SUITE][PASSED] - CuraPwdSelfhealTry: Test Cases/TC2_CuraHealth_SelfHeal]]></system-out>
      <system-err><![CDATA[]]></system-err>
   </testsuite>
</testsuites>
