<?xml version="1.0" encoding="UTF-8"?>
<testsuites name="ai10ts" time="107.891" tests="1" failures="0" errors="0">
   <testsuite name="ai10ts" tests="1" failures="0" errors="0" time="107.891" skipped="0" timestamp="23-10-2024T22:46:38" hostname="Anoop_G - 192.168.1.39" id="Test Suites/ai10ts">
      <properties>
         <property name="deviceName" value=""/>
         <property name="devicePlatform"/>
         <property name="logFolder" value="C:\\Users\\Anoop_G\\git\\GitKatalonIntegration\\GitKatalonIntegration\\Reports\\20241023_224622\\ai10ts\\20241023_224622"/>
         <property name="logFiles" value="C:\\Users\\Anoop_G\\git\\GitKatalonIntegration\\GitKatalonIntegration\\Reports\\20241023_224622\\ai10ts\\20241023_224622\\execution0.log"/>
         <property name="attachments" value=""/>
         <property name="hostName" value="Anoop_G - 192.168.1.39"/>
         <property name="os" value="Windows 11 64bit"/>
         <property name="katalonVersion" value="9.7.2.223"/>
         <property name="browser" value="Chrome 130.0.0.0"/>
         <property name="hostAddress" value="192.168.1.39"/>
         <property name="sessionId" value="ce8fff1e1e423efb183e3f6b3674d6c4"/>
         <property name="seleniumVersion" value="3.141.59"/>
         <property name="proxyInformation" value="ProxyInformation { proxyOption=NO_PROXY, proxyServerType=HTTP, username=, password=********, proxyServerAddress=, proxyServerPort=0, executionList=&quot;&quot;, isApplyToDesiredCapabilities=true }"/>
         <property name="platform" value="Windows 11"/>
      </properties>
      <testcase name="Test Cases/AI10tc" time="106.708" classname="Test Cases/AI10tc" status="PASSED">
         <system-out><![CDATA[23-10-2024T22:46:39 - [TEST_CASE][PASSED] - Test Cases/AI10tc: Test Cases/AI10tc

23-10-2024T22:46:40 - [TEST_STEP][PASSED] - openBrowser(""): Browser is opened with url: ''

23-10-2024T22:46:41 - [MESSAGE][INFO] - Starting 'Chrome' driver

23-10-2024T22:46:42 - [MESSAGE][INFO] - Action delay is set to 0 milliseconds

23-10-2024T22:46:46 - [MESSAGE][PASSED] - Browser is opened with url: ''

23-10-2024T22:46:46 - [TEST_STEP][PASSED] - navigateToUrl("https://www.tutorialspoint.com/index.htm"): Navigate to 'https://www.tutorialspoint.com/index.htm' successfully

23-10-2024T22:46:59 - [MESSAGE][PASSED] - Navigate to 'https://www.tutorialspoint.com/index.htm' successfully

23-10-2024T22:46:59 - [TEST_STEP][PASSED] - click(findTestObject("Object Repository/Page_Quality Tutorials, Video Courses, and _b82182/a_CSS")): Object: 'Object Repository/Page_Quality Tutorials, Video Courses, and _b82182/a_CSS' is clicked on

23-10-2024T22:47:55 - [MESSAGE][PASSED] - Object: 'Object Repository/Page_Quality Tutorials, Video Courses, and _b82182/a_CSS' is clicked on

23-10-2024T22:47:55 - [TEST_STEP][PASSED] - click(findTestObject("Object Repository/Page_CSS Tutorial/a_Discussion")): Object: 'Object Repository/Page_CSS Tutorial/a_Discussion' is clicked on

23-10-2024T22:48:26 - [MESSAGE][PASSED] - Object: 'Object Repository/Page_CSS Tutorial/a_Discussion' is clicked on]]></system-out>
         <system-err><![CDATA[]]></system-err>
      </testcase>
      <system-out><![CDATA[23-10-2024T22:46:38 - [TEST_SUITE][PASSED] - ai10ts: Test Cases/AI10tc]]></system-out>
      <system-err><![CDATA[]]></system-err>
   </testsuite>
</testsuites>
