<?xml version="1.0" encoding="UTF-8"?>
<testsuites name="CuraTestSuite" time="26.636" tests="1" failures="0" errors="0">
   <testsuite name="CuraTestSuite" tests="1" failures="0" errors="0" time="26.636" skipped="0" timestamp="16-10-2024T23:45:05" hostname="Anoop_G - 192.168.1.38" id="Test Suites/CuraTestSuite">
      <properties>
         <property name="deviceName" value=""/>
         <property name="devicePlatform"/>
         <property name="logFolder" value="C:\\Users\\Anoop_G\\git\\GitKatalonIntegration\\GitKatalonIntegration\\Reports\\20241016_234421\\CuraTestSuite\\20241016_234422"/>
         <property name="logFiles" value="C:\\Users\\Anoop_G\\git\\GitKatalonIntegration\\GitKatalonIntegration\\Reports\\20241016_234421\\CuraTestSuite\\20241016_234422\\execution0.log"/>
         <property name="attachments" value=""/>
         <property name="hostName" value="Anoop_G - 192.168.1.38"/>
         <property name="os" value="Windows 11 64bit"/>
         <property name="katalonVersion" value="9.7.2.223"/>
         <property name="browser" value="Chrome 129.0.0.0"/>
         <property name="hostAddress" value="192.168.1.38"/>
         <property name="sessionId" value="354eecd9e7a5baf9fe5666b747181b54"/>
         <property name="seleniumVersion" value="3.141.59"/>
         <property name="proxyInformation" value="ProxyInformation { proxyOption=NO_PROXY, proxyServerType=HTTP, username=, password=********, proxyServerAddress=, proxyServerPort=0, executionList=&quot;&quot;, isApplyToDesiredCapabilities=true }"/>
         <property name="platform" value="Windows 11"/>
      </properties>
      <testcase name="Test Cases/TC_CuraHealth_SelfHeal" time="24.995" classname="Test Cases/TC_CuraHealth_SelfHeal" status="PASSED">
         <system-out><![CDATA[16-10-2024T23:45:07 - [TEST_CASE][PASSED] - Test Cases/TC_CuraHealth_SelfHeal: Test Cases/TC_CuraHealth_SelfHeal

16-10-2024T23:45:09 - [TEST_STEP][PASSED] - openBrowser(""): Browser is opened with url: ''

16-10-2024T23:45:12 - [MESSAGE][INFO] - Starting 'Chrome' driver

16-10-2024T23:45:12 - [MESSAGE][INFO] - Action delay is set to 0 milliseconds

16-10-2024T23:45:19 - [MESSAGE][PASSED] - Browser is opened with url: ''

16-10-2024T23:45:19 - [TEST_STEP][PASSED] - navigateToUrl("https://katalon-demo-cura.herokuapp.com/"): Navigate to 'https://katalon-demo-cura.herokuapp.com/' successfully

16-10-2024T23:45:23 - [MESSAGE][PASSED] - Navigate to 'https://katalon-demo-cura.herokuapp.com/' successfully

16-10-2024T23:45:23 - [TEST_STEP][PASSED] - click(findTestObject("Object Repository/Page_CURA Healthcare Service/a_Make Appointment")): Object: 'Object Repository/Page_CURA Healthcare Service/a_Make Appointment' is clicked on

16-10-2024T23:45:26 - [MESSAGE][PASSED] - Object: 'Object Repository/Page_CURA Healthcare Service/a_Make Appointment' is clicked on

16-10-2024T23:45:26 - [TEST_STEP][PASSED] - username = findTestObject("Object Repository/Page_CURA Healthcare Service/input_Username_username"): null

16-10-2024T23:45:26 - [TEST_STEP][PASSED] - setText(username, "John Doe"): Text 'John Doe' is set on object 'Object Repository/Page_CURA Healthcare Service/input_Username_username'

16-10-2024T23:45:27 - [MESSAGE][PASSED] - Text 'John Doe' is set on object 'Object Repository/Page_CURA Healthcare Service/input_Username_username'

16-10-2024T23:45:27 - [TEST_STEP][PASSED] - verifyElementPresent(username, 5): Object 'Object Repository/Page_CURA Healthcare Service/input_Username_username' is present

16-10-2024T23:45:28 - [MESSAGE][PASSED] - Object 'Object Repository/Page_CURA Healthcare Service/input_Username_username' is present

16-10-2024T23:45:28 - [TEST_STEP][PASSED] - setText(findTestObject("Object Repository/Page_CURA Healthcare Service/input_Password_password"), "ThisIsNotAPassword"): Text 'ThisIsNotAPassword' is set on object 'Object Repository/Page_CURA Healthcare Service/input_Password_password'

16-10-2024T23:45:29 - [MESSAGE][PASSED] - Text 'ThisIsNotAPassword' is set on object 'Object Repository/Page_CURA Healthcare Service/input_Password_password'

16-10-2024T23:45:29 - [TEST_STEP][PASSED] - click(findTestObject("Page_CURA Healthcare Service/button_Login")): Object: 'Object Repository/Page_CURA Healthcare Service/button_Login' is clicked on

16-10-2024T23:45:31 - [MESSAGE][PASSED] - Object: 'Object Repository/Page_CURA Healthcare Service/button_Login' is clicked on

16-10-2024T23:45:31 - [TEST_STEP][PASSED] - verifyElementPresent(findTestObject("Object Repository/Page_CURA Healthcare Service/textMake_Appointment"), 0): Object 'Object Repository/Page_CURA Healthcare Service/textMake_Appointment' is present

16-10-2024T23:45:31 - [MESSAGE][WARNING] - Timeout '0' is invalid. Using default page load timeout: '30'

16-10-2024T23:45:32 - [MESSAGE][PASSED] - Object 'Object Repository/Page_CURA Healthcare Service/textMake_Appointment' is present]]></system-out>
         <system-err><![CDATA[]]></system-err>
      </testcase>
      <system-out><![CDATA[16-10-2024T23:45:05 - [TEST_SUITE][PASSED] - CuraTestSuite: Test Cases/TC_CuraHealth_SelfHeal]]></system-out>
      <system-err><![CDATA[]]></system-err>
   </testsuite>
</testsuites>
