<?xml version="1.0" encoding="UTF-8"?>
<testsuites name="sampletestsuite" time="76.049" tests="2" failures="0" errors="0">
   <testsuite name="sampletestsuite" tests="2" failures="0" errors="0" time="76.049" skipped="0" timestamp="01-10-2024T22:30:55" hostname="Anoop_G - 192.168.1.36" id="Test Suites/sampletestsuite">
      <properties>
         <property name="deviceName" value=""/>
         <property name="devicePlatform"/>
         <property name="logFolder" value="C:\\Users\\Anoop_G\\git\\GitKatalonIntegrationTO\\GitKatalonIntegration\\Reports\\20241001_223021\\sampletestsuite\\20241001_223026"/>
         <property name="logFiles" value="C:\\Users\\Anoop_G\\git\\GitKatalonIntegrationTO\\GitKatalonIntegration\\Reports\\20241001_223021\\sampletestsuite\\20241001_223026\\execution0.log"/>
         <property name="attachments" value=""/>
         <property name="hostName" value="Anoop_G - 192.168.1.36"/>
         <property name="os" value="Windows 11 64bit"/>
         <property name="katalonVersion" value="9.7.2.223"/>
         <property name="browser" value="Chrome 129.0.0.0"/>
         <property name="hostAddress" value="192.168.1.36"/>
         <property name="sessionId" value="0ef5690fadf57b4cef32113e1cdeaf13"/>
         <property name="seleniumVersion" value="3.141.59"/>
         <property name="proxyInformation" value="ProxyInformation { proxyOption=NO_PROXY, proxyServerType=HTTP, username=, password=********, proxyServerAddress=, proxyServerPort=0, executionList=&quot;&quot;, isApplyToDesiredCapabilities=true }"/>
         <property name="platform" value="Windows 11"/>
      </properties>
      <testcase name="Test Cases/TCSample" time="46.553" classname="Test Cases/TCSample" status="PASSED">
         <system-out><![CDATA[01-10-2024T22:30:58 - [TEST_CASE][PASSED] - Test Cases/TCSample: Test Cases/TCSample

01-10-2024T22:31:02 - [TEST_STEP][PASSED] - openBrowser(""): Browser is opened with url: ''

01-10-2024T22:31:05 - [MESSAGE][INFO] - Starting 'Chrome' driver

01-10-2024T22:31:05 - [MESSAGE][INFO] - Action delay is set to 0 milliseconds

01-10-2024T22:31:20 - [MESSAGE][PASSED] - Browser is opened with url: ''

01-10-2024T22:31:20 - [TEST_STEP][PASSED] - navigateToUrl("https://stps.ecoleaide.com/home.htm"): Navigate to 'https://stps.ecoleaide.com/home.htm' successfully

01-10-2024T22:31:22 - [MESSAGE][PASSED] - Navigate to 'https://stps.ecoleaide.com/home.htm' successfully

01-10-2024T22:31:22 - [TEST_STEP][PASSED] - click(findTestObject("Object Repository/Page_St. Thomas Public School - StudentPare_015377/a_Forgot Password")): Object: 'Object Repository/Page_St. Thomas Public School - StudentPare_015377/a_Forgot Password' is clicked on

01-10-2024T22:31:25 - [MESSAGE][PASSED] - Object: 'Object Repository/Page_St. Thomas Public School - StudentPare_015377/a_Forgot Password' is clicked on

01-10-2024T22:31:25 - [TEST_STEP][PASSED] - selectOptionByValue(findTestObject("Object Repository/Page_St. Thomas Public School - StudentPare_015377/select_--Select Problem--I forgot my password"), "1", true): All options with value '1' are selected in object 'Object Repository/Page_St. Thomas Public School - StudentPare_015377/select_--Select Problem--I forgot my password'  using regular expression

01-10-2024T22:31:34 - [MESSAGE][PASSED] - All options with value '1' are selected in object 'Object Repository/Page_St. Thomas Public School - StudentPare_015377/select_--Select Problem--I forgot my password'  using regular expression

01-10-2024T22:31:34 - [TEST_STEP][PASSED] - click(findTestObject("Object Repository/Page_St. Thomas Public School - StudentPare_015377/input_What problem are you having with your_1922ff")): Object: 'Object Repository/Page_St. Thomas Public School - StudentPare_015377/input_What problem are you having with your_1922ff' is clicked on

01-10-2024T22:31:40 - [MESSAGE][PASSED] - Object: 'Object Repository/Page_St. Thomas Public School - StudentPare_015377/input_What problem are you having with your_1922ff' is clicked on

01-10-2024T22:31:40 - [TEST_STEP][PASSED] - selectOptionByValue(findTestObject("Object Repository/Page_St. Thomas Public School - StudentPare_015377/select_--Select reset method--Send reset me_765839"), "2", true): All options with value '2' are selected in object 'Object Repository/Page_St. Thomas Public School - StudentPare_015377/select_--Select reset method--Send reset me_765839'  using regular expression

01-10-2024T22:31:42 - [MESSAGE][PASSED] - All options with value '2' are selected in object 'Object Repository/Page_St. Thomas Public School - StudentPare_015377/select_--Select reset method--Send reset me_765839'  using regular expression

01-10-2024T22:31:42 - [TEST_STEP][PASSED] - setText(findTestObject("Object Repository/Page_St. Thomas Public School - StudentPare_015377/input_Enter your username_email"), "test"): Text 'test' is set on object 'Object Repository/Page_St. Thomas Public School - StudentPare_015377/input_Enter your username_email'

01-10-2024T22:31:44 - [MESSAGE][PASSED] - Text 'test' is set on object 'Object Repository/Page_St. Thomas Public School - StudentPare_015377/input_Enter your username_email'

01-10-2024T22:31:44 - [TEST_STEP][PASSED] - click(findTestObject("Object Repository/Page_St. Thomas Public School - StudentPare_015377/input_Enter your username_back")): Object: 'Object Repository/Page_St. Thomas Public School - StudentPare_015377/input_Enter your username_back' is clicked on

01-10-2024T22:31:45 - [MESSAGE][PASSED] - Object: 'Object Repository/Page_St. Thomas Public School - StudentPare_015377/input_Enter your username_back' is clicked on]]></system-out>
         <system-err><![CDATA[]]></system-err>
      </testcase>
      <testcase name="Test Cases/TCSample" time="26.292" classname="Test Cases/TCSample" status="PASSED">
         <system-out><![CDATA[01-10-2024T22:31:45 - [TEST_CASE][PASSED] - Test Cases/TCSample: Test Cases/TCSample

01-10-2024T22:31:45 - [TEST_STEP][PASSED] - openBrowser(""): Browser is opened with url: ''

01-10-2024T22:31:45 - [MESSAGE][WARNING] - A browser is already opened. Closing browser and opening a new one

01-10-2024T22:31:58 - [MESSAGE][INFO] - Starting 'Chrome' driver

01-10-2024T22:31:58 - [MESSAGE][INFO] - Action delay is set to 0 milliseconds

01-10-2024T22:32:02 - [MESSAGE][PASSED] - Browser is opened with url: ''

01-10-2024T22:32:02 - [TEST_STEP][PASSED] - navigateToUrl("https://stps.ecoleaide.com/home.htm"): Navigate to 'https://stps.ecoleaide.com/home.htm' successfully

01-10-2024T22:32:04 - [MESSAGE][PASSED] - Navigate to 'https://stps.ecoleaide.com/home.htm' successfully

01-10-2024T22:32:04 - [TEST_STEP][PASSED] - click(findTestObject("Object Repository/Page_St. Thomas Public School - StudentPare_015377/a_Forgot Password")): Object: 'Object Repository/Page_St. Thomas Public School - StudentPare_015377/a_Forgot Password' is clicked on

01-10-2024T22:32:07 - [MESSAGE][PASSED] - Object: 'Object Repository/Page_St. Thomas Public School - StudentPare_015377/a_Forgot Password' is clicked on

01-10-2024T22:32:07 - [TEST_STEP][PASSED] - selectOptionByValue(findTestObject("Object Repository/Page_St. Thomas Public School - StudentPare_015377/select_--Select Problem--I forgot my password"), "1", true): All options with value '1' are selected in object 'Object Repository/Page_St. Thomas Public School - StudentPare_015377/select_--Select Problem--I forgot my password'  using regular expression

01-10-2024T22:32:08 - [MESSAGE][PASSED] - All options with value '1' are selected in object 'Object Repository/Page_St. Thomas Public School - StudentPare_015377/select_--Select Problem--I forgot my password'  using regular expression

01-10-2024T22:32:08 - [TEST_STEP][PASSED] - click(findTestObject("Object Repository/Page_St. Thomas Public School - StudentPare_015377/input_What problem are you having with your_1922ff")): Object: 'Object Repository/Page_St. Thomas Public School - StudentPare_015377/input_What problem are you having with your_1922ff' is clicked on

01-10-2024T22:32:09 - [MESSAGE][PASSED] - Object: 'Object Repository/Page_St. Thomas Public School - StudentPare_015377/input_What problem are you having with your_1922ff' is clicked on

01-10-2024T22:32:09 - [TEST_STEP][PASSED] - selectOptionByValue(findTestObject("Object Repository/Page_St. Thomas Public School - StudentPare_015377/select_--Select reset method--Send reset me_765839"), "2", true): All options with value '2' are selected in object 'Object Repository/Page_St. Thomas Public School - StudentPare_015377/select_--Select reset method--Send reset me_765839'  using regular expression

01-10-2024T22:32:10 - [MESSAGE][PASSED] - All options with value '2' are selected in object 'Object Repository/Page_St. Thomas Public School - StudentPare_015377/select_--Select reset method--Send reset me_765839'  using regular expression

01-10-2024T22:32:10 - [TEST_STEP][PASSED] - setText(findTestObject("Object Repository/Page_St. Thomas Public School - StudentPare_015377/input_Enter your username_email"), "test"): Text 'test' is set on object 'Object Repository/Page_St. Thomas Public School - StudentPare_015377/input_Enter your username_email'

01-10-2024T22:32:11 - [MESSAGE][PASSED] - Text 'test' is set on object 'Object Repository/Page_St. Thomas Public School - StudentPare_015377/input_Enter your username_email'

01-10-2024T22:32:11 - [TEST_STEP][PASSED] - click(findTestObject("Object Repository/Page_St. Thomas Public School - StudentPare_015377/input_Enter your username_back")): Object: 'Object Repository/Page_St. Thomas Public School - StudentPare_015377/input_Enter your username_back' is clicked on

01-10-2024T22:32:11 - [MESSAGE][PASSED] - Object: 'Object Repository/Page_St. Thomas Public School - StudentPare_015377/input_Enter your username_back' is clicked on]]></system-out>
         <system-err><![CDATA[]]></system-err>
      </testcase>
      <system-out><![CDATA[01-10-2024T22:30:55 - [TEST_SUITE][PASSED] - sampletestsuite: Test Cases/TCSample]]></system-out>
      <system-err><![CDATA[]]></system-err>
   </testsuite>
</testsuites>
