<?xml version="1.0" encoding="UTF-8"?>
<testsuites name="sampletestsuite" time="45.502" tests="2" failures="0" errors="0">
   <testsuite name="sampletestsuite" tests="2" failures="0" errors="0" time="45.502" skipped="0" timestamp="24-10-2024T00:03:08" hostname="Anoop_G - 192.168.1.39" id="Test Suites/sampletestsuite">
      <properties>
         <property name="deviceName" value=""/>
         <property name="devicePlatform"/>
         <property name="logFolder" value="C:\\Users\\Anoop_G\\git\\GitKatalonIntegration\\GitKatalonIntegration\\Reports\\20241024_000255\\sampletestsuite\\20241024_000255"/>
         <property name="logFiles" value="C:\\Users\\Anoop_G\\git\\GitKatalonIntegration\\GitKatalonIntegration\\Reports\\20241024_000255\\sampletestsuite\\20241024_000255\\execution0.log"/>
         <property name="attachments" value=""/>
         <property name="hostName" value="Anoop_G - 192.168.1.39"/>
         <property name="os" value="Windows 11 64bit"/>
         <property name="katalonVersion" value="9.7.2.223"/>
         <property name="browser" value="Chrome 130.0.0.0"/>
         <property name="hostAddress" value="192.168.1.39"/>
         <property name="sessionId" value="f33a257b4ced79029982dcbf25427a31"/>
         <property name="seleniumVersion" value="3.141.59"/>
         <property name="proxyInformation" value="ProxyInformation { proxyOption=NO_PROXY, proxyServerType=HTTP, username=, password=********, proxyServerAddress=, proxyServerPort=0, executionList=&quot;&quot;, isApplyToDesiredCapabilities=true }"/>
         <property name="platform" value="Windows 11"/>
      </properties>
      <testcase name="Test Cases/TCSample" time="20.902" classname="Test Cases/TCSample" status="PASSED">
         <system-out><![CDATA[24-10-2024T00:03:11 - [TEST_CASE][PASSED] - Test Cases/TCSample: Test Cases/TCSample

24-10-2024T00:03:12 - [TEST_STEP][PASSED] - openBrowser(""): Browser is opened with url: ''

24-10-2024T00:03:14 - [MESSAGE][INFO] - Starting 'Chrome' driver

24-10-2024T00:03:15 - [MESSAGE][INFO] - Action delay is set to 0 milliseconds

24-10-2024T00:03:21 - [MESSAGE][PASSED] - Browser is opened with url: ''

24-10-2024T00:03:21 - [TEST_STEP][PASSED] - navigateToUrl("https://stps.ecoleaide.com/home.htm"): Navigate to 'https://stps.ecoleaide.com/home.htm' successfully

24-10-2024T00:03:24 - [MESSAGE][PASSED] - Navigate to 'https://stps.ecoleaide.com/home.htm' successfully

24-10-2024T00:03:24 - [TEST_STEP][PASSED] - click(findTestObject("Object Repository/Page_St. Thomas Public School - StudentPare_015377/a_Forgot Password")): Object: 'Object Repository/Page_St. Thomas Public School - StudentPare_015377/a_Forgot Password' is clicked on

24-10-2024T00:03:26 - [MESSAGE][PASSED] - Object: 'Object Repository/Page_St. Thomas Public School - StudentPare_015377/a_Forgot Password' is clicked on

24-10-2024T00:03:26 - [TEST_STEP][PASSED] - selectOptionByValue(findTestObject("Object Repository/Page_St. Thomas Public School - StudentPare_015377/select_--Select Problem--I forgot my password"), "1", true): All options with value '1' are selected in object 'Object Repository/Page_St. Thomas Public School - StudentPare_015377/select_--Select Problem--I forgot my password'  using regular expression

24-10-2024T00:03:28 - [MESSAGE][PASSED] - All options with value '1' are selected in object 'Object Repository/Page_St. Thomas Public School - StudentPare_015377/select_--Select Problem--I forgot my password'  using regular expression

24-10-2024T00:03:28 - [TEST_STEP][PASSED] - click(findTestObject("Object Repository/Page_St. Thomas Public School - StudentPare_015377/input_What problem are you having with your_1922ff")): Object: 'Object Repository/Page_St. Thomas Public School - StudentPare_015377/input_What problem are you having with your_1922ff' is clicked on

24-10-2024T00:03:28 - [MESSAGE][PASSED] - Object: 'Object Repository/Page_St. Thomas Public School - StudentPare_015377/input_What problem are you having with your_1922ff' is clicked on

24-10-2024T00:03:28 - [TEST_STEP][PASSED] - selectOptionByValue(findTestObject("Object Repository/Page_St. Thomas Public School - StudentPare_015377/select_--Select reset method--Send reset me_765839"), "2", true): All options with value '2' are selected in object 'Object Repository/Page_St. Thomas Public School - StudentPare_015377/select_--Select reset method--Send reset me_765839'  using regular expression

24-10-2024T00:03:30 - [MESSAGE][PASSED] - All options with value '2' are selected in object 'Object Repository/Page_St. Thomas Public School - StudentPare_015377/select_--Select reset method--Send reset me_765839'  using regular expression

24-10-2024T00:03:30 - [TEST_STEP][PASSED] - setText(findTestObject("Object Repository/Page_St. Thomas Public School - StudentPare_015377/input_Enter your username_email"), "test"): Text 'test' is set on object 'Object Repository/Page_St. Thomas Public School - StudentPare_015377/input_Enter your username_email'

24-10-2024T00:03:31 - [MESSAGE][PASSED] - Text 'test' is set on object 'Object Repository/Page_St. Thomas Public School - StudentPare_015377/input_Enter your username_email'

24-10-2024T00:03:31 - [TEST_STEP][PASSED] - click(findTestObject("Object Repository/Page_St. Thomas Public School - StudentPare_015377/input_Enter your username_back")): Object: 'Object Repository/Page_St. Thomas Public School - StudentPare_015377/input_Enter your username_back' is clicked on

24-10-2024T00:03:32 - [MESSAGE][PASSED] - Object: 'Object Repository/Page_St. Thomas Public School - StudentPare_015377/input_Enter your username_back' is clicked on]]></system-out>
         <system-err><![CDATA[]]></system-err>
      </testcase>
      <testcase name="Test Cases/TCSample" time="21.56" classname="Test Cases/TCSample" status="PASSED">
         <system-out><![CDATA[24-10-2024T00:03:32 - [TEST_CASE][PASSED] - Test Cases/TCSample: Test Cases/TCSample

24-10-2024T00:03:32 - [TEST_STEP][PASSED] - openBrowser(""): Browser is opened with url: ''

24-10-2024T00:03:32 - [MESSAGE][WARNING] - A browser is already opened. Closing browser and opening a new one

24-10-2024T00:03:39 - [MESSAGE][INFO] - Starting 'Chrome' driver

24-10-2024T00:03:39 - [MESSAGE][INFO] - Action delay is set to 0 milliseconds

24-10-2024T00:03:44 - [MESSAGE][PASSED] - Browser is opened with url: ''

24-10-2024T00:03:44 - [TEST_STEP][PASSED] - navigateToUrl("https://stps.ecoleaide.com/home.htm"): Navigate to 'https://stps.ecoleaide.com/home.htm' successfully

24-10-2024T00:03:44 - [MESSAGE][PASSED] - Navigate to 'https://stps.ecoleaide.com/home.htm' successfully

24-10-2024T00:03:44 - [TEST_STEP][PASSED] - click(findTestObject("Object Repository/Page_St. Thomas Public School - StudentPare_015377/a_Forgot Password")): Object: 'Object Repository/Page_St. Thomas Public School - StudentPare_015377/a_Forgot Password' is clicked on

24-10-2024T00:03:49 - [MESSAGE][PASSED] - Object: 'Object Repository/Page_St. Thomas Public School - StudentPare_015377/a_Forgot Password' is clicked on

24-10-2024T00:03:49 - [TEST_STEP][PASSED] - selectOptionByValue(findTestObject("Object Repository/Page_St. Thomas Public School - StudentPare_015377/select_--Select Problem--I forgot my password"), "1", true): All options with value '1' are selected in object 'Object Repository/Page_St. Thomas Public School - StudentPare_015377/select_--Select Problem--I forgot my password'  using regular expression

24-10-2024T00:03:50 - [MESSAGE][PASSED] - All options with value '1' are selected in object 'Object Repository/Page_St. Thomas Public School - StudentPare_015377/select_--Select Problem--I forgot my password'  using regular expression

24-10-2024T00:03:50 - [TEST_STEP][PASSED] - click(findTestObject("Object Repository/Page_St. Thomas Public School - StudentPare_015377/input_What problem are you having with your_1922ff")): Object: 'Object Repository/Page_St. Thomas Public School - StudentPare_015377/input_What problem are you having with your_1922ff' is clicked on

24-10-2024T00:03:51 - [MESSAGE][PASSED] - Object: 'Object Repository/Page_St. Thomas Public School - StudentPare_015377/input_What problem are you having with your_1922ff' is clicked on

24-10-2024T00:03:51 - [TEST_STEP][PASSED] - selectOptionByValue(findTestObject("Object Repository/Page_St. Thomas Public School - StudentPare_015377/select_--Select reset method--Send reset me_765839"), "2", true): All options with value '2' are selected in object 'Object Repository/Page_St. Thomas Public School - StudentPare_015377/select_--Select reset method--Send reset me_765839'  using regular expression

24-10-2024T00:03:52 - [MESSAGE][PASSED] - All options with value '2' are selected in object 'Object Repository/Page_St. Thomas Public School - StudentPare_015377/select_--Select reset method--Send reset me_765839'  using regular expression

24-10-2024T00:03:52 - [TEST_STEP][PASSED] - setText(findTestObject("Object Repository/Page_St. Thomas Public School - StudentPare_015377/input_Enter your username_email"), "test"): Text 'test' is set on object 'Object Repository/Page_St. Thomas Public School - StudentPare_015377/input_Enter your username_email'

24-10-2024T00:03:53 - [MESSAGE][PASSED] - Text 'test' is set on object 'Object Repository/Page_St. Thomas Public School - StudentPare_015377/input_Enter your username_email'

24-10-2024T00:03:53 - [TEST_STEP][PASSED] - click(findTestObject("Object Repository/Page_St. Thomas Public School - StudentPare_015377/input_Enter your username_back")): Object: 'Object Repository/Page_St. Thomas Public School - StudentPare_015377/input_Enter your username_back' is clicked on

24-10-2024T00:03:54 - [MESSAGE][PASSED] - Object: 'Object Repository/Page_St. Thomas Public School - StudentPare_015377/input_Enter your username_back' is clicked on]]></system-out>
         <system-err><![CDATA[]]></system-err>
      </testcase>
      <system-out><![CDATA[24-10-2024T00:03:08 - [TEST_SUITE][PASSED] - sampletestsuite: Test Cases/TCSample]]></system-out>
      <system-err><![CDATA[]]></system-err>
   </testsuite>
</testsuites>
