<?xml version="1.0" encoding="UTF-8"?>
<testsuites name="SauceSuite" time="15.946" tests="1" failures="0" errors="0">
   <testsuite name="SauceSuite" tests="1" failures="0" errors="0" time="15.946" skipped="0" timestamp="18-10-2024T23:49:06" hostname="Anoop_G - 192.168.1.38" id="Test Suites/SauceSuite">
      <properties>
         <property name="deviceName" value=""/>
         <property name="devicePlatform"/>
         <property name="logFolder" value="C:\\Users\\Anoop_G\\git\\GitKatalonIntegration\\GitKatalonIntegration\\Reports\\20241018_234852\\SauceSuite\\20241018_234852"/>
         <property name="logFiles" value="C:\\Users\\Anoop_G\\git\\GitKatalonIntegration\\GitKatalonIntegration\\Reports\\20241018_234852\\SauceSuite\\20241018_234852\\execution0.log"/>
         <property name="attachments" value=""/>
         <property name="hostName" value="Anoop_G - 192.168.1.38"/>
         <property name="os" value="Windows 11 64bit"/>
         <property name="katalonVersion" value="9.7.2.223"/>
         <property name="browser" value="Chrome 129.0.0.0"/>
         <property name="hostAddress" value="192.168.1.38"/>
         <property name="sessionId" value="bb21f61bf1cbe5ec4645b8dfb1007b67"/>
         <property name="seleniumVersion" value="3.141.59"/>
         <property name="proxyInformation" value="ProxyInformation { proxyOption=NO_PROXY, proxyServerType=HTTP, username=, password=********, proxyServerAddress=, proxyServerPort=0, executionList=&quot;&quot;, isApplyToDesiredCapabilities=true }"/>
         <property name="platform" value="Windows 11"/>
      </properties>
      <testcase name="Test Cases/dempapplotz" time="15.292" classname="Test Cases/dempapplotz" status="PASSED">
         <system-out><![CDATA[18-10-2024T23:49:07 - [TEST_CASE][PASSED] - Test Cases/dempapplotz: Test Cases/dempapplotz

18-10-2024T23:49:08 - [TEST_STEP][PASSED] - openBrowser(""): Browser is opened with url: ''

18-10-2024T23:49:09 - [MESSAGE][INFO] - Starting 'Chrome' driver

18-10-2024T23:49:09 - [MESSAGE][INFO] - Action delay is set to 0 milliseconds

18-10-2024T23:49:13 - [MESSAGE][PASSED] - Browser is opened with url: ''

18-10-2024T23:49:13 - [TEST_STEP][PASSED] - navigateToUrl("https://demo.applitools.com/"): Navigate to 'https://demo.applitools.com/' successfully

18-10-2024T23:49:14 - [MESSAGE][PASSED] - Navigate to 'https://demo.applitools.com/' successfully

18-10-2024T23:49:14 - [TEST_STEP][PASSED] - setText(findTestObject("Object Repository/Page_ACME Demo App by Applitools/input_Username_username"), "test"): Text 'test' is set on object 'Object Repository/Page_ACME Demo App by Applitools/input_Username_username'

18-10-2024T23:49:17 - [MESSAGE][PASSED] - Text 'test' is set on object 'Object Repository/Page_ACME Demo App by Applitools/input_Username_username'

18-10-2024T23:49:17 - [TEST_STEP][PASSED] - setEncryptedText(findTestObject("Object Repository/Page_ACME Demo App by Applitools/input_Password_password"), "P9ET2sDE0SE="): Text ****** has been set on object 'Object Repository/Page_ACME Demo App by Applitools/input_Password_password'

18-10-2024T23:49:17 - [MESSAGE][PASSED] - Text ****** has been set on object 'Object Repository/Page_ACME Demo App by Applitools/input_Password_password'

18-10-2024T23:49:17 - [TEST_STEP][PASSED] - click(findTestObject("Object Repository/Page_ACME Demo App by Applitools/input_Remember Me_form-check-input")): Object: 'Object Repository/Page_ACME Demo App by Applitools/input_Remember Me_form-check-input' is clicked on

18-10-2024T23:49:18 - [MESSAGE][PASSED] - Object: 'Object Repository/Page_ACME Demo App by Applitools/input_Remember Me_form-check-input' is clicked on

18-10-2024T23:49:18 - [TEST_STEP][PASSED] - click(findTestObject("Object Repository/Page_ACME Demo App by Applitools/a_Sign in")): Object: 'Object Repository/Page_ACME Demo App by Applitools/a_Sign in' is clicked on

18-10-2024T23:49:19 - [MESSAGE][PASSED] - Object: 'Object Repository/Page_ACME Demo App by Applitools/a_Sign in' is clicked on

18-10-2024T23:49:19 - [TEST_STEP][PASSED] - verifyElementPresent(findTestObject("Object Repository/Page_ACME demo app/h6_Your nearest branch closes in 30m 5s"), 0): Object 'Object Repository/Page_ACME demo app/h6_Your nearest branch closes in 30m 5s' is present

18-10-2024T23:49:20 - [MESSAGE][WARNING] - Timeout '0' is invalid. Using default page load timeout: '30'

18-10-2024T23:49:21 - [MESSAGE][PASSED] - Object 'Object Repository/Page_ACME demo app/h6_Your nearest branch closes in 30m 5s' is present

18-10-2024T23:49:21 - [TEST_STEP][PASSED] - click(findTestObject("Object Repository/Page_ACME demo app/a_Restaurant  Cafe")): Object: 'Object Repository/Page_ACME demo app/a_Restaurant  Cafe' is clicked on

18-10-2024T23:49:22 - [MESSAGE][PASSED] - Object: 'Object Repository/Page_ACME demo app/a_Restaurant  Cafe' is clicked on

18-10-2024T23:49:22 - [TEST_STEP][PASSED] - verifyElementPresent(findTestObject("Object Repository/Page_ACME demo app/span_Starbucks coffee"), 0): Object 'Object Repository/Page_ACME demo app/span_Starbucks coffee' is present

18-10-2024T23:49:22 - [MESSAGE][WARNING] - Timeout '0' is invalid. Using default page load timeout: '30'

18-10-2024T23:49:22 - [MESSAGE][PASSED] - Object 'Object Repository/Page_ACME demo app/span_Starbucks coffee' is present]]></system-out>
         <system-err><![CDATA[]]></system-err>
      </testcase>
      <system-out><![CDATA[18-10-2024T23:49:06 - [TEST_SUITE][PASSED] - SauceSuite: Test Cases/dempapplotz]]></system-out>
      <system-err><![CDATA[]]></system-err>
   </testsuite>
</testsuites>
