<?xml version="1.0" encoding="UTF-8"?>
<testsuites name="AISuite" time="25.512" tests="1" failures="0" errors="0">
   <testsuite name="AISuite" tests="1" failures="0" errors="0" time="25.512" skipped="0" timestamp="16-10-2024T23:50:41" hostname="Anoop_G - 192.168.1.38" id="Test Suites/AISuite">
      <properties>
         <property name="deviceName" value=""/>
         <property name="devicePlatform"/>
         <property name="logFolder" value="C:\\Users\\Anoop_G\\git\\GitKatalonIntegration\\GitKatalonIntegration\\Reports\\20241016_234941\\AISuite\\20241016_234941"/>
         <property name="logFiles" value="C:\\Users\\Anoop_G\\git\\GitKatalonIntegration\\GitKatalonIntegration\\Reports\\20241016_234941\\AISuite\\20241016_234941\\execution0.log"/>
         <property name="attachments" value=""/>
         <property name="hostName" value="Anoop_G - 192.168.1.38"/>
         <property name="os" value="Windows 11 64bit"/>
         <property name="katalonVersion" value="9.7.2.223"/>
         <property name="browser" value="Chrome 129.0.0.0"/>
         <property name="hostAddress" value="192.168.1.38"/>
         <property name="sessionId" value="97f336f0a7ea049db1980d4af59f4e8d"/>
         <property name="seleniumVersion" value="3.141.59"/>
         <property name="proxyInformation" value="ProxyInformation { proxyOption=NO_PROXY, proxyServerType=HTTP, username=, password=********, proxyServerAddress=, proxyServerPort=0, executionList=&quot;&quot;, isApplyToDesiredCapabilities=true }"/>
         <property name="platform" value="Windows 11"/>
      </properties>
      <testcase name="Test Cases/AI3" time="22.813" classname="Test Cases/AI3" status="PASSED">
         <system-out><![CDATA[16-10-2024T23:50:44 - [TEST_CASE][PASSED] - Test Cases/AI3: Test Cases/AI3

16-10-2024T23:50:46 - [TEST_STEP][PASSED] - openBrowser(""): Browser is opened with url: ''

16-10-2024T23:50:49 - [MESSAGE][INFO] - Starting 'Chrome' driver

16-10-2024T23:50:49 - [MESSAGE][INFO] - Action delay is set to 0 milliseconds

16-10-2024T23:51:01 - [MESSAGE][PASSED] - Browser is opened with url: ''

16-10-2024T23:51:01 - [TEST_STEP][PASSED] - maximizeWindow(): Current window maximized

16-10-2024T23:51:02 - [MESSAGE][PASSED] - Current window maximized

16-10-2024T23:51:02 - [TEST_STEP][PASSED] - navigateToUrl("https://rahulshettyacademy.com/client"): Navigate to 'https://rahulshettyacademy.com/client' successfully

16-10-2024T23:51:06 - [MESSAGE][PASSED] - Navigate to 'https://rahulshettyacademy.com/client' successfully]]></system-out>
         <system-err><![CDATA[]]></system-err>
      </testcase>
      <system-out><![CDATA[16-10-2024T23:50:41 - [TEST_SUITE][PASSED] - AISuite: Test Cases/AI3]]></system-out>
      <system-err><![CDATA[]]></system-err>
   </testsuite>
</testsuites>
