<?xml version="1.0" encoding="UTF-8"?>
<testsuites name="tc48suite" time="32.226" tests="1" failures="0" errors="0">
   <testsuite name="tc48suite" tests="1" failures="0" errors="0" time="32.226" skipped="0" timestamp="23-10-2024T23:58:42" hostname="Anoop_G - 192.168.1.39" id="Test Suites/tc48suite">
      <properties>
         <property name="deviceName" value=""/>
         <property name="devicePlatform"/>
         <property name="logFolder" value="C:\\Users\\Anoop_G\\git\\GitKatalonIntegration\\GitKatalonIntegration\\Reports\\20241023_235808\\tc48suite\\20241023_235808"/>
         <property name="logFiles" value="C:\\Users\\Anoop_G\\git\\GitKatalonIntegration\\GitKatalonIntegration\\Reports\\20241023_235808\\tc48suite\\20241023_235808\\execution0.log"/>
         <property name="attachments" value=""/>
         <property name="hostName" value="Anoop_G - 192.168.1.39"/>
         <property name="os" value="Windows 11 64bit"/>
         <property name="katalonVersion" value="9.7.2.223"/>
         <property name="browser" value="Chrome 130.0.0.0"/>
         <property name="hostAddress" value="192.168.1.39"/>
         <property name="sessionId" value="12dcd5eb7ca86e8fa0464887f170fa50"/>
         <property name="seleniumVersion" value="3.141.59"/>
         <property name="proxyInformation" value="ProxyInformation { proxyOption=NO_PROXY, proxyServerType=HTTP, username=, password=********, proxyServerAddress=, proxyServerPort=0, executionList=&quot;&quot;, isApplyToDesiredCapabilities=true }"/>
         <property name="platform" value="Windows 11"/>
      </properties>
      <testcase name="Test Cases/tc47" time="28.093" classname="Test Cases/tc47" status="PASSED">
         <system-out><![CDATA[23-10-2024T23:58:46 - [TEST_CASE][PASSED] - Test Cases/tc47: Test Cases/tc47

23-10-2024T23:58:51 - [TEST_STEP][PASSED] - openBrowser(""): Browser is opened with url: ''

23-10-2024T23:58:53 - [MESSAGE][INFO] - Starting 'Chrome' driver

23-10-2024T23:58:54 - [MESSAGE][INFO] - Action delay is set to 0 milliseconds

23-10-2024T23:59:05 - [MESSAGE][PASSED] - Browser is opened with url: ''

23-10-2024T23:59:05 - [TEST_STEP][PASSED] - navigateToUrl("https://automationbookstore.dev/"): Navigate to 'https://automationbookstore.dev/' successfully

23-10-2024T23:59:09 - [MESSAGE][PASSED] - Navigate to 'https://automationbookstore.dev/' successfully

23-10-2024T23:59:09 - [TEST_STEP][PASSED] - click(findTestObject("Object Repository/Page_Automation Bookstore/body_Automation BookstoreClear textAB Testi_7150f6")): Object: 'Object Repository/Page_Automation Bookstore/body_Automation BookstoreClear textAB Testi_7150f6' is clicked on

23-10-2024T23:59:12 - [MESSAGE][PASSED] - Object: 'Object Repository/Page_Automation Bookstore/body_Automation BookstoreClear textAB Testi_7150f6' is clicked on

23-10-2024T23:59:12 - [TEST_STEP][PASSED] - setText(findTestObject("Object Repository/Page_Automation Bookstore/input_Automation Bookstore_searchBar"), "agile te"): Text 'agile te' is set on object 'Object Repository/Page_Automation Bookstore/input_Automation Bookstore_searchBar'

23-10-2024T23:59:13 - [MESSAGE][PASSED] - Text 'agile te' is set on object 'Object Repository/Page_Automation Bookstore/input_Automation Bookstore_searchBar'

23-10-2024T23:59:13 - [TEST_STEP][PASSED] - verifyElementPresent(findTestObject("Object Repository/Page_Automation Bookstore/h2_Agile Testing"), 0): Object 'Object Repository/Page_Automation Bookstore/h2_Agile Testing' is present

23-10-2024T23:59:14 - [MESSAGE][WARNING] - Timeout '0' is invalid. Using default page load timeout: '30'

23-10-2024T23:59:14 - [MESSAGE][PASSED] - Object 'Object Repository/Page_Automation Bookstore/h2_Agile Testing' is present]]></system-out>
         <system-err><![CDATA[]]></system-err>
      </testcase>
      <system-out><![CDATA[23-10-2024T23:58:42 - [TEST_SUITE][PASSED] - tc48suite: Test Cases/tc47]]></system-out>
      <system-err><![CDATA[]]></system-err>
   </testsuite>
</testsuites>
