<?xml version="1.0" encoding="UTF-8"?>
<testsuites name="sampletestsuite" time="39.483" tests="2" failures="0" errors="0">
   <testsuite name="sampletestsuite" tests="2" failures="0" errors="0" time="39.483" skipped="0" timestamp="27-09-2024T18:37:07" hostname="Anoop_G - 192.168.1.33" id="Test Suites/sampletestsuite">
      <properties>
         <property name="deviceName" value=""/>
         <property name="devicePlatform"/>
         <property name="logFolder" value="C:\\Users\\Anoop_G\\git\\GitKatalonIntegrationTO\\GitKatalonIntegration\\Reports\\20240927_183653\\sampletestsuite\\20240927_183653"/>
         <property name="logFiles" value="C:\\Users\\Anoop_G\\git\\GitKatalonIntegrationTO\\GitKatalonIntegration\\Reports\\20240927_183653\\sampletestsuite\\20240927_183653\\execution0.log"/>
         <property name="attachments" value=""/>
         <property name="hostName" value="Anoop_G - 192.168.1.33"/>
         <property name="os" value="Windows 11 64bit"/>
         <property name="katalonVersion" value="9.7.2.223"/>
         <property name="browser" value="Chrome 129.0.0.0"/>
         <property name="hostAddress" value="192.168.1.33"/>
         <property name="sessionId" value="0090303be61f2745ae8d3fa0834c8d26"/>
         <property name="seleniumVersion" value="3.141.59"/>
         <property name="proxyInformation" value="ProxyInformation { proxyOption=NO_PROXY, proxyServerType=HTTP, username=, password=********, proxyServerAddress=, proxyServerPort=0, executionList=&quot;&quot;, isApplyToDesiredCapabilities=true }"/>
         <property name="platform" value="Windows 11"/>
      </properties>
      <testcase name="Test Cases/TCSample" time="24.204" classname="Test Cases/TCSample" status="PASSED">
         <system-out><![CDATA[27-09-2024T18:37:08 - [TEST_CASE][PASSED] - Test Cases/TCSample: Test Cases/TCSample

27-09-2024T18:37:09 - [TEST_STEP][PASSED] - openBrowser(""): Browser is opened with url: ''

27-09-2024T18:37:10 - [MESSAGE][INFO] - Starting 'Chrome' driver

27-09-2024T18:37:10 - [MESSAGE][INFO] - Action delay is set to 0 milliseconds

27-09-2024T18:37:17 - [MESSAGE][PASSED] - Browser is opened with url: ''

27-09-2024T18:37:17 - [TEST_STEP][PASSED] - navigateToUrl("https://stps.ecoleaide.com/home.htm"): Navigate to 'https://stps.ecoleaide.com/home.htm' successfully

27-09-2024T18:37:21 - [MESSAGE][PASSED] - Navigate to 'https://stps.ecoleaide.com/home.htm' successfully

27-09-2024T18:37:21 - [TEST_STEP][PASSED] - click(findTestObject("Object Repository/Page_St. Thomas Public School - StudentPare_015377/a_Forgot Password")): Object: 'Object Repository/Page_St. Thomas Public School - StudentPare_015377/a_Forgot Password' is clicked on

27-09-2024T18:37:26 - [MESSAGE][PASSED] - Object: 'Object Repository/Page_St. Thomas Public School - StudentPare_015377/a_Forgot Password' is clicked on

27-09-2024T18:37:26 - [TEST_STEP][PASSED] - selectOptionByValue(findTestObject("Object Repository/Page_St. Thomas Public School - StudentPare_015377/select_--Select Problem--I forgot my password"), "1", true): All options with value '1' are selected in object 'Object Repository/Page_St. Thomas Public School - StudentPare_015377/select_--Select Problem--I forgot my password'  using regular expression

27-09-2024T18:37:28 - [MESSAGE][PASSED] - All options with value '1' are selected in object 'Object Repository/Page_St. Thomas Public School - StudentPare_015377/select_--Select Problem--I forgot my password'  using regular expression

27-09-2024T18:37:28 - [TEST_STEP][PASSED] - click(findTestObject("Object Repository/Page_St. Thomas Public School - StudentPare_015377/input_What problem are you having with your_1922ff")): Object: 'Object Repository/Page_St. Thomas Public School - StudentPare_015377/input_What problem are you having with your_1922ff' is clicked on

27-09-2024T18:37:28 - [MESSAGE][PASSED] - Object: 'Object Repository/Page_St. Thomas Public School - StudentPare_015377/input_What problem are you having with your_1922ff' is clicked on

27-09-2024T18:37:28 - [TEST_STEP][PASSED] - selectOptionByValue(findTestObject("Object Repository/Page_St. Thomas Public School - StudentPare_015377/select_--Select reset method--Send reset me_765839"), "2", true): All options with value '2' are selected in object 'Object Repository/Page_St. Thomas Public School - StudentPare_015377/select_--Select reset method--Send reset me_765839'  using regular expression

27-09-2024T18:37:30 - [MESSAGE][PASSED] - All options with value '2' are selected in object 'Object Repository/Page_St. Thomas Public School - StudentPare_015377/select_--Select reset method--Send reset me_765839'  using regular expression

27-09-2024T18:37:30 - [TEST_STEP][PASSED] - setText(findTestObject("Object Repository/Page_St. Thomas Public School - StudentPare_015377/input_Enter your username_email"), "test"): Text 'test' is set on object 'Object Repository/Page_St. Thomas Public School - StudentPare_015377/input_Enter your username_email'

27-09-2024T18:37:31 - [MESSAGE][PASSED] - Text 'test' is set on object 'Object Repository/Page_St. Thomas Public School - StudentPare_015377/input_Enter your username_email'

27-09-2024T18:37:31 - [TEST_STEP][PASSED] - click(findTestObject("Object Repository/Page_St. Thomas Public School - StudentPare_015377/input_Enter your username_back")): Object: 'Object Repository/Page_St. Thomas Public School - StudentPare_015377/input_Enter your username_back' is clicked on

27-09-2024T18:37:32 - [MESSAGE][PASSED] - Object: 'Object Repository/Page_St. Thomas Public School - StudentPare_015377/input_Enter your username_back' is clicked on]]></system-out>
         <system-err><![CDATA[]]></system-err>
      </testcase>
      <testcase name="Test Cases/TCSample" time="14.517" classname="Test Cases/TCSample" status="PASSED">
         <system-out><![CDATA[27-09-2024T18:37:32 - [TEST_CASE][PASSED] - Test Cases/TCSample: Test Cases/TCSample

27-09-2024T18:37:32 - [TEST_STEP][PASSED] - openBrowser(""): Browser is opened with url: ''

27-09-2024T18:37:32 - [MESSAGE][WARNING] - A browser is already opened. Closing browser and opening a new one

27-09-2024T18:37:34 - [MESSAGE][INFO] - Starting 'Chrome' driver

27-09-2024T18:37:34 - [MESSAGE][INFO] - Action delay is set to 0 milliseconds

27-09-2024T18:37:37 - [MESSAGE][PASSED] - Browser is opened with url: ''

27-09-2024T18:37:37 - [TEST_STEP][PASSED] - navigateToUrl("https://stps.ecoleaide.com/home.htm"): Navigate to 'https://stps.ecoleaide.com/home.htm' successfully

27-09-2024T18:37:40 - [MESSAGE][PASSED] - Navigate to 'https://stps.ecoleaide.com/home.htm' successfully

27-09-2024T18:37:40 - [TEST_STEP][PASSED] - click(findTestObject("Object Repository/Page_St. Thomas Public School - StudentPare_015377/a_Forgot Password")): Object: 'Object Repository/Page_St. Thomas Public School - StudentPare_015377/a_Forgot Password' is clicked on

27-09-2024T18:37:41 - [MESSAGE][PASSED] - Object: 'Object Repository/Page_St. Thomas Public School - StudentPare_015377/a_Forgot Password' is clicked on

27-09-2024T18:37:41 - [TEST_STEP][PASSED] - selectOptionByValue(findTestObject("Object Repository/Page_St. Thomas Public School - StudentPare_015377/select_--Select Problem--I forgot my password"), "1", true): All options with value '1' are selected in object 'Object Repository/Page_St. Thomas Public School - StudentPare_015377/select_--Select Problem--I forgot my password'  using regular expression

27-09-2024T18:37:43 - [MESSAGE][PASSED] - All options with value '1' are selected in object 'Object Repository/Page_St. Thomas Public School - StudentPare_015377/select_--Select Problem--I forgot my password'  using regular expression

27-09-2024T18:37:43 - [TEST_STEP][PASSED] - click(findTestObject("Object Repository/Page_St. Thomas Public School - StudentPare_015377/input_What problem are you having with your_1922ff")): Object: 'Object Repository/Page_St. Thomas Public School - StudentPare_015377/input_What problem are you having with your_1922ff' is clicked on

27-09-2024T18:37:43 - [MESSAGE][PASSED] - Object: 'Object Repository/Page_St. Thomas Public School - StudentPare_015377/input_What problem are you having with your_1922ff' is clicked on

27-09-2024T18:37:44 - [TEST_STEP][PASSED] - selectOptionByValue(findTestObject("Object Repository/Page_St. Thomas Public School - StudentPare_015377/select_--Select reset method--Send reset me_765839"), "2", true): All options with value '2' are selected in object 'Object Repository/Page_St. Thomas Public School - StudentPare_015377/select_--Select reset method--Send reset me_765839'  using regular expression

27-09-2024T18:37:45 - [MESSAGE][PASSED] - All options with value '2' are selected in object 'Object Repository/Page_St. Thomas Public School - StudentPare_015377/select_--Select reset method--Send reset me_765839'  using regular expression

27-09-2024T18:37:45 - [TEST_STEP][PASSED] - setText(findTestObject("Object Repository/Page_St. Thomas Public School - StudentPare_015377/input_Enter your username_email"), "test"): Text 'test' is set on object 'Object Repository/Page_St. Thomas Public School - StudentPare_015377/input_Enter your username_email'

27-09-2024T18:37:46 - [MESSAGE][PASSED] - Text 'test' is set on object 'Object Repository/Page_St. Thomas Public School - StudentPare_015377/input_Enter your username_email'

27-09-2024T18:37:46 - [TEST_STEP][PASSED] - click(findTestObject("Object Repository/Page_St. Thomas Public School - StudentPare_015377/input_Enter your username_back")): Object: 'Object Repository/Page_St. Thomas Public School - StudentPare_015377/input_Enter your username_back' is clicked on

27-09-2024T18:37:47 - [MESSAGE][PASSED] - Object: 'Object Repository/Page_St. Thomas Public School - StudentPare_015377/input_Enter your username_back' is clicked on]]></system-out>
         <system-err><![CDATA[]]></system-err>
      </testcase>
      <system-out><![CDATA[27-09-2024T18:37:07 - [TEST_SUITE][PASSED] - sampletestsuite: Test Cases/TCSample]]></system-out>
      <system-err><![CDATA[]]></system-err>
   </testsuite>
</testsuites>
