<?xml version="1.0" encoding="UTF-8"?>
<testsuites name="pagespeedsuite" time="24.14" tests="1" failures="0" errors="0">
   <testsuite name="pagespeedsuite" tests="1" failures="0" errors="0" time="24.14" skipped="0" timestamp="22-10-2024T23:24:42" hostname="Anoop_G - 192.168.1.39" id="Test Suites/pagespeedsuite">
      <properties>
         <property name="deviceName" value=""/>
         <property name="devicePlatform"/>
         <property name="logFolder" value="C:\\Users\\Anoop_G\\git\\GitKatalonIntegration\\GitKatalonIntegration\\Reports\\20241022_232420\\pagespeedsuite\\20241022_232420"/>
         <property name="logFiles" value="C:\\Users\\Anoop_G\\git\\GitKatalonIntegration\\GitKatalonIntegration\\Reports\\20241022_232420\\pagespeedsuite\\20241022_232420\\execution0.log"/>
         <property name="attachments" value=""/>
         <property name="hostName" value="Anoop_G - 192.168.1.39"/>
         <property name="os" value="Windows 11 64bit"/>
         <property name="katalonVersion" value="9.7.2.223"/>
         <property name="browser" value="Chrome 130.0.0.0"/>
         <property name="hostAddress" value="192.168.1.39"/>
         <property name="sessionId" value="95d90d09ee1c63b7950173d25618a818"/>
         <property name="seleniumVersion" value="3.141.59"/>
         <property name="proxyInformation" value="ProxyInformation { proxyOption=NO_PROXY, proxyServerType=HTTP, username=, password=********, proxyServerAddress=, proxyServerPort=0, executionList=&quot;&quot;, isApplyToDesiredCapabilities=true }"/>
         <property name="platform" value="Windows 11"/>
      </properties>
      <testcase name="Test Cases/pagespeed.web.dev" time="22.914" classname="Test Cases/pagespeed.web.dev" status="PASSED">
         <system-out><![CDATA[22-10-2024T23:24:43 - [TEST_CASE][PASSED] - Test Cases/pagespeed.web.dev: Test Cases/pagespeed.web.dev

22-10-2024T23:24:44 - [TEST_STEP][PASSED] - openBrowser(""): Browser is opened with url: ''

22-10-2024T23:24:46 - [MESSAGE][INFO] - Starting 'Chrome' driver

22-10-2024T23:24:46 - [MESSAGE][INFO] - Action delay is set to 0 milliseconds

22-10-2024T23:24:52 - [MESSAGE][PASSED] - Browser is opened with url: ''

22-10-2024T23:24:52 - [TEST_STEP][PASSED] - navigateToUrl("https://developers.google.com/speed/docs/insights/v5/about"): Navigate to 'https://developers.google.com/speed/docs/insights/v5/about' successfully

22-10-2024T23:24:57 - [MESSAGE][PASSED] - Navigate to 'https://developers.google.com/speed/docs/insights/v5/about' successfully

22-10-2024T23:24:57 - [TEST_STEP][PASSED] - click(findTestObject("Object Repository/Page_About PageSpeed Insights  Google for D_534c49/a_Languages")): Object: 'Object Repository/Page_About PageSpeed Insights  Google for D_534c49/a_Languages' is clicked on

22-10-2024T23:25:02 - [MESSAGE][PASSED] - Object: 'Object Repository/Page_About PageSpeed Insights  Google for D_534c49/a_Languages' is clicked on

22-10-2024T23:25:02 - [TEST_STEP][PASSED] - click(findTestObject("Object Repository/Page_Supported Languages  PageSpeed Insight_e5c0ef/span_Get Started")): Object: 'Object Repository/Page_Supported Languages  PageSpeed Insight_e5c0ef/span_Get Started' is clicked on

22-10-2024T23:25:04 - [MESSAGE][PASSED] - Object: 'Object Repository/Page_Supported Languages  PageSpeed Insight_e5c0ef/span_Get Started' is clicked on

22-10-2024T23:25:04 - [TEST_STEP][PASSED] - verifyElementPresent(findTestObject("Object Repository/Page_Get Started with the PageSpeed Insight_f1a8cf/h1_Get Started with the PageSpeed Insights API"), 0): Object 'Object Repository/Page_Get Started with the PageSpeed Insight_f1a8cf/h1_Get Started with the PageSpeed Insights API' is present

22-10-2024T23:25:04 - [MESSAGE][WARNING] - Timeout '0' is invalid. Using default page load timeout: '30'

22-10-2024T23:25:06 - [MESSAGE][PASSED] - Object 'Object Repository/Page_Get Started with the PageSpeed Insight_f1a8cf/h1_Get Started with the PageSpeed Insights API' is present]]></system-out>
         <system-err><![CDATA[]]></system-err>
      </testcase>
      <system-out><![CDATA[22-10-2024T23:24:42 - [TEST_SUITE][PASSED] - pagespeedsuite: Test Cases/pagespeed.web.dev]]></system-out>
      <system-err><![CDATA[]]></system-err>
   </testsuite>
</testsuites>
