<?xml version="1.0" encoding="UTF-8"?>
<testsuites name="FacebookSuite" time="69.012" tests="1" failures="0" errors="0">
   <testsuite name="FacebookSuite" tests="1" failures="0" errors="0" time="69.012" skipped="0" timestamp="21-10-2024T20:18:42" hostname="Anoop_G - 192.168.1.39" id="Test Suites/FacebookSuite">
      <properties>
         <property name="deviceName" value=""/>
         <property name="devicePlatform"/>
         <property name="logFolder" value="C:\\Users\\Anoop_G\\git\\GitKatalonIntegration\\GitKatalonIntegration\\Reports\\20241021_201827\\FacebookSuite\\20241021_201827"/>
         <property name="logFiles" value="C:\\Users\\Anoop_G\\git\\GitKatalonIntegration\\GitKatalonIntegration\\Reports\\20241021_201827\\FacebookSuite\\20241021_201827\\execution0.log"/>
         <property name="attachments" value=""/>
         <property name="hostName" value="Anoop_G - 192.168.1.39"/>
         <property name="os" value="Windows 11 64bit"/>
         <property name="katalonVersion" value="9.7.2.223"/>
         <property name="browser" value="Chrome 130.0.0.0"/>
         <property name="hostAddress" value="192.168.1.39"/>
         <property name="sessionId" value="6ceb0b5d3e3a860c6407f51ab18307b9"/>
         <property name="seleniumVersion" value="3.141.59"/>
         <property name="proxyInformation" value="ProxyInformation { proxyOption=NO_PROXY, proxyServerType=HTTP, username=, password=********, proxyServerAddress=, proxyServerPort=0, executionList=&quot;&quot;, isApplyToDesiredCapabilities=true }"/>
         <property name="platform" value="Windows 11"/>
      </properties>
      <testcase name="Test Cases/FAcebook" time="68.386" classname="Test Cases/FAcebook" status="PASSED">
         <system-out><![CDATA[21-10-2024T20:18:43 - [TEST_CASE][PASSED] - Test Cases/FAcebook: Test Cases/FAcebook

21-10-2024T20:18:44 - [TEST_STEP][PASSED] - openBrowser(""): Browser is opened with url: ''

21-10-2024T20:18:45 - [MESSAGE][INFO] - Starting 'Chrome' driver

21-10-2024T20:18:45 - [MESSAGE][INFO] - Action delay is set to 0 milliseconds

21-10-2024T20:18:50 - [MESSAGE][PASSED] - Browser is opened with url: ''

21-10-2024T20:18:50 - [TEST_STEP][PASSED] - navigateToUrl("https://www.facebook.com/"): Navigate to 'https://www.facebook.com/' successfully

21-10-2024T20:18:53 - [MESSAGE][PASSED] - Navigate to 'https://www.facebook.com/' successfully

21-10-2024T20:18:53 - [TEST_STEP][PASSED] - setText(findTestObject("Object Repository/Page_Facebook  log in or sign up/input_Facebook helps you connect and share _ccef60"), "sree@fffssd.com"): Text 'sree@fffssd.com' is set on object 'Object Repository/Page_Facebook  log in or sign up/input_Facebook helps you connect and share _ccef60'

21-10-2024T20:18:56 - [MESSAGE][PASSED] - Text 'sree@fffssd.com' is set on object 'Object Repository/Page_Facebook  log in or sign up/input_Facebook helps you connect and share _ccef60'

21-10-2024T20:18:56 - [TEST_STEP][PASSED] - setEncryptedText(findTestObject("Object Repository/Page_Facebook  log in or sign up/input_Facebook helps you connect and share _ab63fc"), "28irGzZBQb0="): Text ****** has been set on object 'Object Repository/Page_Facebook  log in or sign up/input_Facebook helps you connect and share _ab63fc'

21-10-2024T20:18:57 - [MESSAGE][PASSED] - Text ****** has been set on object 'Object Repository/Page_Facebook  log in or sign up/input_Facebook helps you connect and share _ab63fc'

21-10-2024T20:18:57 - [TEST_STEP][PASSED] - click(findTestObject("Object Repository/Page_Facebook  log in or sign up/button_Log in")): Object: 'Object Repository/Page_Facebook  log in or sign up/button_Log in' is clicked on

21-10-2024T20:19:28 - [MESSAGE][INFO] - Unable to find the element located by 'By.xpath: //button[@id='u_0_5_iQ']'. Please recheck the objects properties to make sure the desired element is located. 

21-10-2024T20:19:28 - [MESSAGE][WARNING] - [SELF-HEALING] Failed to find element with id 'Object Repository/Page_Facebook  log in or sign up/button_Log in'. Try using Self-healing.

21-10-2024T20:19:29 - [MESSAGE][INFO] - [SELF-HEALING] Failed Locator: '//button[@id='u_0_5_iQ']'.

21-10-2024T20:19:29 - [MESSAGE][INFO] - [SELF-HEALING] Failed Locator: '//form[@id='u_0_2_jv']/div[2]/button'.

21-10-2024T20:19:29 - [MESSAGE][INFO] - [SELF-HEALING] Working Locator: '(.//*[normalize-space(text()) and normalize-space(.)='Facebook helps you connect and share with the people in your life.'])[1]/following::button[1]'.

21-10-2024T20:19:30 - [MESSAGE][INFO] - [SELF-HEALING] Screenshot: C:/Users/Anoop_G/git/GitKatalonIntegration/GitKatalonIntegration/Reports/Self-healing/Object Repository/Page_Facebook  log in or sign up/button_Log in_neighbor.png

21-10-2024T20:19:30 - [MESSAGE][WARNING] - [SELF-HEALING] The current locator of test object 'Object Repository/Page_Facebook  log in or sign up/button_Log in' was broken. Propose an alternative one: '(.//*[normalize-space(text()) and normalize-space(.)='Facebook helps you connect and share with the people in your life.'])[1]/following::button[1]'.

21-10-2024T20:19:30 - [MESSAGE][PASSED] - Object: 'Object Repository/Page_Facebook  log in or sign up/button_Log in' is clicked on

21-10-2024T20:19:30 - [TEST_STEP][PASSED] - verifyElementPresent(findTestObject("Object Repository/Page_Log in to Facebook/div_The email address you entered isnt conn_71e5d3"), 0): Object 'Object Repository/Page_Log in to Facebook/div_The email address you entered isnt conn_71e5d3' is present

21-10-2024T20:19:30 - [MESSAGE][WARNING] - Timeout '0' is invalid. Using default page load timeout: '30'

21-10-2024T20:19:51 - [MESSAGE][PASSED] - Object 'Object Repository/Page_Log in to Facebook/div_The email address you entered isnt conn_71e5d3' is present]]></system-out>
         <system-err><![CDATA[]]></system-err>
      </testcase>
      <system-out><![CDATA[21-10-2024T20:18:42 - [TEST_SUITE][PASSED] - FacebookSuite: Test Cases/FAcebook]]></system-out>
      <system-err><![CDATA[]]></system-err>
   </testsuite>
</testsuites>
