<?xml version="1.0" encoding="UTF-8"?>
<testsuites name="AISuite" time="58.967" tests="2" failures="0" errors="0">
   <testsuite name="AISuite" tests="2" failures="0" errors="0" time="58.967" skipped="0" timestamp="16-10-2024T23:54:33" hostname="Anoop_G - 192.168.1.38" id="Test Suites/AISuite">
      <properties>
         <property name="deviceName" value=""/>
         <property name="devicePlatform"/>
         <property name="logFolder" value="C:\\Users\\Anoop_G\\git\\GitKatalonIntegration\\GitKatalonIntegration\\Reports\\20241016_235334\\AISuite\\20241016_235334"/>
         <property name="logFiles" value="C:\\Users\\Anoop_G\\git\\GitKatalonIntegration\\GitKatalonIntegration\\Reports\\20241016_235334\\AISuite\\20241016_235334\\execution0.log"/>
         <property name="attachments" value=""/>
         <property name="hostName" value="Anoop_G - 192.168.1.38"/>
         <property name="os" value="Windows 11 64bit"/>
         <property name="katalonVersion" value="9.7.2.223"/>
         <property name="browser" value="Chrome 129.0.0.0"/>
         <property name="hostAddress" value="192.168.1.38"/>
         <property name="sessionId" value="9c39fe34b349f5a87da1e86cc81467e6"/>
         <property name="seleniumVersion" value="3.141.59"/>
         <property name="proxyInformation" value="ProxyInformation { proxyOption=NO_PROXY, proxyServerType=HTTP, username=, password=********, proxyServerAddress=, proxyServerPort=0, executionList=&quot;&quot;, isApplyToDesiredCapabilities=true }"/>
         <property name="platform" value="Windows 11"/>
      </properties>
      <testcase name="Test Cases/AI3" time="25.569" classname="Test Cases/AI3" status="PASSED">
         <system-out><![CDATA[16-10-2024T23:54:35 - [TEST_CASE][PASSED] - Test Cases/AI3: Test Cases/AI3

16-10-2024T23:54:38 - [TEST_STEP][PASSED] - openBrowser(""): Browser is opened with url: ''

16-10-2024T23:54:42 - [MESSAGE][INFO] - Starting 'Chrome' driver

16-10-2024T23:54:42 - [MESSAGE][INFO] - Action delay is set to 0 milliseconds

16-10-2024T23:54:56 - [MESSAGE][PASSED] - Browser is opened with url: ''

16-10-2024T23:54:56 - [TEST_STEP][PASSED] - maximizeWindow(): Current window maximized

16-10-2024T23:54:56 - [MESSAGE][PASSED] - Current window maximized

16-10-2024T23:54:56 - [TEST_STEP][PASSED] - navigateToUrl("https://rahulshettyacademy.com/client"): Navigate to 'https://rahulshettyacademy.com/client' successfully

16-10-2024T23:55:01 - [MESSAGE][PASSED] - Navigate to 'https://rahulshettyacademy.com/client' successfully]]></system-out>
         <system-err><![CDATA[]]></system-err>
      </testcase>
      <testcase name="Test Cases/AI_TC2" time="31.338" classname="Test Cases/AI_TC2" status="PASSED">
         <system-out><![CDATA[16-10-2024T23:55:01 - [TEST_CASE][PASSED] - Test Cases/AI_TC2: Test Cases/AI_TC2

16-10-2024T23:55:02 - [TEST_STEP][PASSED] - openBrowser(""): Browser is opened with url: ''

16-10-2024T23:55:02 - [MESSAGE][WARNING] - A browser is already opened. Closing browser and opening a new one

16-10-2024T23:55:11 - [MESSAGE][INFO] - Starting 'Chrome' driver

16-10-2024T23:55:11 - [MESSAGE][INFO] - Action delay is set to 0 milliseconds

16-10-2024T23:55:27 - [MESSAGE][PASSED] - Browser is opened with url: ''

16-10-2024T23:55:27 - [TEST_STEP][PASSED] - maximizeWindow(): Current window maximized

16-10-2024T23:55:27 - [MESSAGE][PASSED] - Current window maximized

16-10-2024T23:55:27 - [TEST_STEP][PASSED] - navigateToUrl("https://google.com"): Navigate to 'https://google.com' successfully

16-10-2024T23:55:32 - [MESSAGE][PASSED] - Navigate to 'https://google.com' successfully]]></system-out>
         <system-err><![CDATA[]]></system-err>
      </testcase>
      <system-out><![CDATA[16-10-2024T23:54:33 - [TEST_SUITE][PASSED] - AISuite: Test Cases/AI_TC2]]></system-out>
      <system-err><![CDATA[]]></system-err>
   </testsuite>
</testsuites>
