<?xml version="1.0" encoding="UTF-8"?>
<testsuites name="testsuite46" time="50.599" tests="2" failures="0" errors="0">
   <testsuite name="testsuite46" tests="2" failures="0" errors="0" time="50.599" skipped="0" timestamp="23-10-2024T23:16:18" hostname="Anoop_G - 192.168.1.39" id="Test Suites/testsuite46">
      <properties>
         <property name="deviceName" value=""/>
         <property name="devicePlatform"/>
         <property name="logFolder" value="C:\\Users\\Anoop_G\\git\\GitKatalonIntegration\\GitKatalonIntegration\\Reports\\20241023_231603\\testsuite46\\20241023_231603"/>
         <property name="logFiles" value="C:\\Users\\Anoop_G\\git\\GitKatalonIntegration\\GitKatalonIntegration\\Reports\\20241023_231603\\testsuite46\\20241023_231603\\execution0.log"/>
         <property name="attachments" value=""/>
         <property name="hostName" value="Anoop_G - 192.168.1.39"/>
         <property name="os" value="Windows 11 64bit"/>
         <property name="katalonVersion" value="9.7.2.223"/>
         <property name="browser" value="Chrome 130.0.0.0"/>
         <property name="hostAddress" value="192.168.1.39"/>
         <property name="sessionId" value="6f612a2140e8886320be1fe88747c7d3"/>
         <property name="seleniumVersion" value="3.141.59"/>
         <property name="proxyInformation" value="ProxyInformation { proxyOption=NO_PROXY, proxyServerType=HTTP, username=, password=********, proxyServerAddress=, proxyServerPort=0, executionList=&quot;&quot;, isApplyToDesiredCapabilities=true }"/>
         <property name="platform" value="Windows 11"/>
      </properties>
      <testcase name="Test Cases/SauceLab/TC3_Object" time="47.837" classname="Test Cases/SauceLab/TC3_Object" status="PASSED">
         <system-out><![CDATA[23-10-2024T23:16:20 - [TEST_CASE][PASSED] - Test Cases/SauceLab/TC3_Object: Test Cases/SauceLab/TC3_Object

23-10-2024T23:16:21 - [TEST_STEP][PASSED] - openBrowser(""): Browser is opened with url: ''

23-10-2024T23:16:23 - [MESSAGE][INFO] - Starting 'Chrome' driver

23-10-2024T23:16:23 - [MESSAGE][INFO] - Action delay is set to 0 milliseconds

23-10-2024T23:16:28 - [MESSAGE][PASSED] - Browser is opened with url: ''

23-10-2024T23:16:29 - [TEST_STEP][PASSED] - navigateToUrl("https://www.saucedemo.com/"): Navigate to 'https://www.saucedemo.com/' successfully

23-10-2024T23:16:32 - [MESSAGE][PASSED] - Navigate to 'https://www.saucedemo.com/' successfully

23-10-2024T23:16:32 - [TEST_STEP][PASSED] - click(findTestObject("Object Repository/Page_Swag Labs/body_You need to enable JavaScript to run t_37d0d7")): Object: 'Object Repository/Page_Swag Labs/body_You need to enable JavaScript to run t_37d0d7' is clicked on

23-10-2024T23:16:34 - [MESSAGE][PASSED] - Object: 'Object Repository/Page_Swag Labs/body_You need to enable JavaScript to run t_37d0d7' is clicked on

23-10-2024T23:16:34 - [TEST_STEP][PASSED] - setText(findTestObject("Object Repository/Page_Swag Labs/input_Swag Labs_user-name"), "locked_out_user"): Text 'locked_out_user' is set on object 'Object Repository/Page_Swag Labs/input_Swag Labs_user-name'

23-10-2024T23:16:36 - [MESSAGE][PASSED] - Text 'locked_out_user' is set on object 'Object Repository/Page_Swag Labs/input_Swag Labs_user-name'

23-10-2024T23:16:36 - [TEST_STEP][PASSED] - click(findTestObject("Object Repository/Page_Swag Labs/div_Password for all userssecret_sauce")): Object: 'Object Repository/Page_Swag Labs/div_Password for all userssecret_sauce' is clicked on

23-10-2024T23:16:36 - [MESSAGE][PASSED] - Object: 'Object Repository/Page_Swag Labs/div_Password for all userssecret_sauce' is clicked on

23-10-2024T23:16:36 - [TEST_STEP][PASSED] - setEncryptedText(findTestObject("Object Repository/Page_Swag Labs/input_Swag Labs_password"), "qcu24s4901FyWDTwXGr6XA=="): Text ****** has been set on object 'Object Repository/Page_Swag Labs/input_Swag Labs_password'

23-10-2024T23:16:37 - [MESSAGE][PASSED] - Text ****** has been set on object 'Object Repository/Page_Swag Labs/input_Swag Labs_password'

23-10-2024T23:16:37 - [TEST_STEP][PASSED] - click(findTestObject("Object Repository/Page_Swag Labs/input_Swag Labs_login-button")): Object: 'Object Repository/Page_Swag Labs/input_Swag Labs_login-button' is clicked on

23-10-2024T23:16:38 - [MESSAGE][PASSED] - Object: 'Object Repository/Page_Swag Labs/input_Swag Labs_login-button' is clicked on

23-10-2024T23:16:38 - [TEST_STEP][PASSED] - verifyElementPresent(findTestObject("Object Repository/Page_Swag Labs/h3_Epic sadface Sorry, this user has been l_a91fd7"), 0): Object 'Object Repository/Page_Swag Labs/h3_Epic sadface Sorry, this user has been l_a91fd7' is present

23-10-2024T23:16:38 - [MESSAGE][WARNING] - Timeout '0' is invalid. Using default page load timeout: '30'

23-10-2024T23:17:08 - [MESSAGE][PASSED] - Object 'Object Repository/Page_Swag Labs/h3_Epic sadface Sorry, this user has been l_a91fd7' is present]]></system-out>
         <system-err><![CDATA[]]></system-err>
      </testcase>
      <testcase name="Test Cases/SauceLab/tc_selfhealingchk" time="0.758" classname="Test Cases/SauceLab/tc_selfhealingchk" status="PASSED">
         <system-out><![CDATA[23-10-2024T23:17:08 - [TEST_CASE][PASSED] - Test Cases/SauceLab/tc_selfhealingchk: Test Cases/SauceLab/tc_selfhealingchk

23-10-2024T23:17:09 - [TEST_STEP][PASSED] - return null: null]]></system-out>
         <system-err><![CDATA[]]></system-err>
      </testcase>
      <system-out><![CDATA[23-10-2024T23:16:18 - [TEST_SUITE][PASSED] - testsuite46: Test Cases/SauceLab/tc_selfhealingchk]]></system-out>
      <system-err><![CDATA[]]></system-err>
   </testsuite>
</testsuites>
