<?xml version="1.0" encoding="UTF-8"?>
<testsuites name="KW8" time="59.772" tests="1" failures="0" errors="0">
   <testsuite name="KW8" tests="1" failures="0" errors="0" time="59.772" skipped="0" timestamp="19-10-2024T01:07:57" hostname="Anoop_G - 192.168.1.38" id="Test Suites/KW8">
      <properties>
         <property name="deviceName" value=""/>
         <property name="devicePlatform"/>
         <property name="logFolder" value="C:\\Users\\Anoop_G\\git\\GitKatalonIntegration\\GitKatalonIntegration\\Reports\\20241019_010742\\KW8\\20241019_010742"/>
         <property name="logFiles" value="C:\\Users\\Anoop_G\\git\\GitKatalonIntegration\\GitKatalonIntegration\\Reports\\20241019_010742\\KW8\\20241019_010742\\execution0.log"/>
         <property name="attachments" value=""/>
         <property name="hostName" value="Anoop_G - 192.168.1.38"/>
         <property name="os" value="Windows 11 64bit"/>
         <property name="katalonVersion" value="9.7.2.223"/>
         <property name="browser" value="Chrome 129.0.0.0"/>
         <property name="hostAddress" value="192.168.1.38"/>
         <property name="sessionId" value="7161348c12037b2ae8089fd857aae0cd"/>
         <property name="seleniumVersion" value="3.141.59"/>
         <property name="proxyInformation" value="ProxyInformation { proxyOption=NO_PROXY, proxyServerType=HTTP, username=, password=********, proxyServerAddress=, proxyServerPort=0, executionList=&quot;&quot;, isApplyToDesiredCapabilities=true }"/>
         <property name="platform" value="Windows 11"/>
      </properties>
      <testcase name="Test Cases/PBKW" time="58.793" classname="Test Cases/PBKW" status="PASSED">
         <system-out><![CDATA[19-10-2024T01:07:58 - [TEST_CASE][PASSED] - Test Cases/PBKW: Test Cases/PBKW

19-10-2024T01:07:59 - [TEST_STEP][PASSED] - openBrowser(""): Browser is opened with url: ''

19-10-2024T01:08:00 - [MESSAGE][INFO] - Starting 'Chrome' driver

19-10-2024T01:08:00 - [MESSAGE][INFO] - Action delay is set to 0 milliseconds

19-10-2024T01:08:05 - [MESSAGE][PASSED] - Browser is opened with url: ''

19-10-2024T01:08:05 - [TEST_STEP][PASSED] - navigateToUrl("https://parabank.parasoft.com/parabank/index.htm;jsessionid=433A0C0C0BB91807C12AA4A71899882A"): Navigate to 'https://parabank.parasoft.com/parabank/index.htm;jsessionid=433A0C0C0BB91807C12AA4A71899882A' successfully

19-10-2024T01:08:10 - [MESSAGE][PASSED] - Navigate to 'https://parabank.parasoft.com/parabank/index.htm;jsessionid=433A0C0C0BB91807C12AA4A71899882A' successfully

19-10-2024T01:08:10 - [TEST_STEP][PASSED] - click(findTestObject("Object Repository/Page_ParaBank  Welcome  Online Banking/a_Locations")): Object: 'Object Repository/Page_ParaBank  Welcome  Online Banking/a_Locations' is clicked on

19-10-2024T01:08:20 - [MESSAGE][PASSED] - Object: 'Object Repository/Page_ParaBank  Welcome  Online Banking/a_Locations' is clicked on

19-10-2024T01:08:20 - [TEST_STEP][PASSED] - com.test.pack1.customfunction8.printName("sreeeeeeeeeeeeeeeeeeeeeeeeeeeeeeeee"): com.test.pack1.customfunction8.printName is PASSED

19-10-2024T01:08:21 - [MESSAGE][PASSED] - com.test.pack1.customfunction8.printName is PASSED

19-10-2024T01:08:21 - [TEST_STEP][PASSED] - click(findTestObject("Object Repository/Page_Automated Software Testing Solutions F_4f6c59/span_Products")): Object: 'Object Repository/Page_Automated Software Testing Solutions F_4f6c59/span_Products' is clicked on

19-10-2024T01:08:21 - [MESSAGE][PASSED] - Object: 'Object Repository/Page_Automated Software Testing Solutions F_4f6c59/span_Products' is clicked on

19-10-2024T01:08:21 - [TEST_STEP][PASSED] - click(findTestObject("Object Repository/Page_Automated Software Testing Solutions F_4f6c59/span_CCtest")): Object: 'Object Repository/Page_Automated Software Testing Solutions F_4f6c59/span_CCtest' is clicked on

19-10-2024T01:08:29 - [MESSAGE][PASSED] - Object: 'Object Repository/Page_Automated Software Testing Solutions F_4f6c59/span_CCtest' is clicked on

19-10-2024T01:08:29 - [TEST_STEP][PASSED] - verifyElementPresent(findTestObject("Object Repository/Page_CCtest Check C and C Code Quality Tool_a48130/a_Try Parasoft"), 0): Object 'Object Repository/Page_CCtest Check C and C Code Quality Tool_a48130/a_Try Parasoft' is present

19-10-2024T01:08:29 - [MESSAGE][WARNING] - Timeout '0' is invalid. Using default page load timeout: '30'

19-10-2024T01:08:29 - [MESSAGE][PASSED] - Object 'Object Repository/Page_CCtest Check C and C Code Quality Tool_a48130/a_Try Parasoft' is present

19-10-2024T01:08:29 - [TEST_STEP][PASSED] - click(findTestObject("Object Repository/Page_CCtest Check C and C Code Quality Tool_a48130/span_Solutions")): Object: 'Object Repository/Page_CCtest Check C and C Code Quality Tool_a48130/span_Solutions' is clicked on

19-10-2024T01:08:30 - [MESSAGE][PASSED] - Object: 'Object Repository/Page_CCtest Check C and C Code Quality Tool_a48130/span_Solutions' is clicked on

19-10-2024T01:08:30 - [TEST_STEP][PASSED] - click(findTestObject("Object Repository/Page_CCtest Check C and C Code Quality Tool_a48130/a_AUTOSAR C14")): Object: 'Object Repository/Page_CCtest Check C and C Code Quality Tool_a48130/a_AUTOSAR C14' is clicked on

19-10-2024T01:08:35 - [MESSAGE][PASSED] - Object: 'Object Repository/Page_CCtest Check C and C Code Quality Tool_a48130/a_AUTOSAR C14' is clicked on

19-10-2024T01:08:35 - [TEST_STEP][PASSED] - verifyElementPresent(findTestObject("Object Repository/Page_AUTOSAR C Rules and Coding Standards C_501c1a/a_Contact Us"), 0): Object 'Object Repository/Page_AUTOSAR C Rules and Coding Standards C_501c1a/a_Contact Us' is present

19-10-2024T01:08:35 - [MESSAGE][WARNING] - Timeout '0' is invalid. Using default page load timeout: '30'

19-10-2024T01:08:35 - [MESSAGE][PASSED] - Object 'Object Repository/Page_AUTOSAR C Rules and Coding Standards C_501c1a/a_Contact Us' is present

19-10-2024T01:08:35 - [TEST_STEP][PASSED] - click(findTestObject("Object Repository/Page_AUTOSAR C Rules and Coding Standards C_501c1a/span_Industries")): Object: 'Object Repository/Page_AUTOSAR C Rules and Coding Standards C_501c1a/span_Industries' is clicked on

19-10-2024T01:08:36 - [MESSAGE][PASSED] - Object: 'Object Repository/Page_AUTOSAR C Rules and Coding Standards C_501c1a/span_Industries' is clicked on

19-10-2024T01:08:36 - [TEST_STEP][PASSED] - click(findTestObject("Object Repository/Page_AUTOSAR C Rules and Coding Standards C_501c1a/a_Automotive")): Object: 'Object Repository/Page_AUTOSAR C Rules and Coding Standards C_501c1a/a_Automotive' is clicked on

19-10-2024T01:08:42 - [MESSAGE][PASSED] - Object: 'Object Repository/Page_AUTOSAR C Rules and Coding Standards C_501c1a/a_Automotive' is clicked on

19-10-2024T01:08:42 - [TEST_STEP][PASSED] - click(findTestObject("Object Repository/Page_Automotive Embedded Software Testing S_981503/span_Customer Success")): Object: 'Object Repository/Page_Automotive Embedded Software Testing S_981503/span_Customer Success' is clicked on

19-10-2024T01:08:43 - [MESSAGE][PASSED] - Object: 'Object Repository/Page_Automotive Embedded Software Testing S_981503/span_Customer Success' is clicked on

19-10-2024T01:08:43 - [TEST_STEP][PASSED] - click(findTestObject("Object Repository/Page_Automotive Embedded Software Testing S_981503/a_Customer Portal")): Object: 'Object Repository/Page_Automotive Embedded Software Testing S_981503/a_Customer Portal' is clicked on

19-10-2024T01:08:48 - [MESSAGE][PASSED] - Object: 'Object Repository/Page_Automotive Embedded Software Testing S_981503/a_Customer Portal' is clicked on

19-10-2024T01:08:48 - [TEST_STEP][PASSED] - switchToWindowTitle("Customer Portal Home"): Switched to window with title: 'Customer Portal Home'

19-10-2024T01:08:52 - [MESSAGE][PASSED] - Switched to window with title: 'Customer Portal Home'

19-10-2024T01:08:52 - [TEST_STEP][PASSED] - verifyElementPresent(findTestObject("Object Repository/Page_Customer Portal Home/a_Announcements"), 0): Object 'Object Repository/Page_Customer Portal Home/a_Announcements' is present

19-10-2024T01:08:52 - [MESSAGE][WARNING] - Timeout '0' is invalid. Using default page load timeout: '30'

19-10-2024T01:08:56 - [MESSAGE][PASSED] - Object 'Object Repository/Page_Customer Portal Home/a_Announcements' is present]]></system-out>
         <system-err><![CDATA[]]></system-err>
      </testcase>
      <system-out><![CDATA[19-10-2024T01:07:57 - [TEST_SUITE][PASSED] - KW8: Test Cases/PBKW]]></system-out>
      <system-err><![CDATA[]]></system-err>
   </testsuite>
</testsuites>
