<?xml version="1.0" encoding="UTF-8"?>
<testsuites name="ai10ts" time="96.228" tests="1" failures="0" errors="0">
   <testsuite name="ai10ts" tests="1" failures="0" errors="0" time="96.228" skipped="0" timestamp="23-10-2024T00:34:13" hostname="Anoop_G - 192.168.1.39" id="Test Suites/ai10ts">
      <properties>
         <property name="deviceName" value=""/>
         <property name="devicePlatform"/>
         <property name="logFolder" value="C:\\Users\\Anoop_G\\git\\GitKatalonIntegration\\GitKatalonIntegration\\Reports\\20241023_003355\\ai10ts\\20241023_003355"/>
         <property name="logFiles" value="C:\\Users\\Anoop_G\\git\\GitKatalonIntegration\\GitKatalonIntegration\\Reports\\20241023_003355\\ai10ts\\20241023_003355\\execution0.log"/>
         <property name="attachments" value=""/>
         <property name="hostName" value="Anoop_G - 192.168.1.39"/>
         <property name="os" value="Windows 11 64bit"/>
         <property name="katalonVersion" value="9.7.2.223"/>
         <property name="browser" value="Chrome 130.0.0.0"/>
         <property name="hostAddress" value="192.168.1.39"/>
         <property name="sessionId" value="4d0f2f98bad89990ce4a1b5eb22c8196"/>
         <property name="seleniumVersion" value="3.141.59"/>
         <property name="proxyInformation" value="ProxyInformation { proxyOption=NO_PROXY, proxyServerType=HTTP, username=, password=********, proxyServerAddress=, proxyServerPort=0, executionList=&quot;&quot;, isApplyToDesiredCapabilities=true }"/>
         <property name="platform" value="Windows 11"/>
      </properties>
      <testcase name="Test Cases/AI10tc" time="94.511" classname="Test Cases/AI10tc" status="PASSED">
         <system-out><![CDATA[23-10-2024T00:34:15 - [TEST_CASE][PASSED] - Test Cases/AI10tc: Test Cases/AI10tc

23-10-2024T00:34:16 - [TEST_STEP][PASSED] - openBrowser(""): Browser is opened with url: ''

23-10-2024T00:34:17 - [MESSAGE][INFO] - Starting 'Chrome' driver

23-10-2024T00:34:18 - [MESSAGE][INFO] - Action delay is set to 0 milliseconds

23-10-2024T00:34:24 - [MESSAGE][PASSED] - Browser is opened with url: ''

23-10-2024T00:34:24 - [TEST_STEP][PASSED] - navigateToUrl("https://www.tutorialspoint.com/index.htm"): Navigate to 'https://www.tutorialspoint.com/index.htm' successfully

23-10-2024T00:34:38 - [MESSAGE][PASSED] - Navigate to 'https://www.tutorialspoint.com/index.htm' successfully

23-10-2024T00:34:38 - [TEST_STEP][PASSED] - click(findTestObject("Object Repository/Page_Quality Tutorials, Video Courses, and _b82182/a_CSS")): Object: 'Object Repository/Page_Quality Tutorials, Video Courses, and _b82182/a_CSS' is clicked on

23-10-2024T00:35:31 - [MESSAGE][PASSED] - Object: 'Object Repository/Page_Quality Tutorials, Video Courses, and _b82182/a_CSS' is clicked on

23-10-2024T00:35:31 - [TEST_STEP][PASSED] - click(findTestObject("Object Repository/Page_CSS Tutorial/a_Discussion")): Object: 'Object Repository/Page_CSS Tutorial/a_Discussion' is clicked on

23-10-2024T00:35:49 - [MESSAGE][PASSED] - Object: 'Object Repository/Page_CSS Tutorial/a_Discussion' is clicked on]]></system-out>
         <system-err><![CDATA[]]></system-err>
      </testcase>
      <system-out><![CDATA[23-10-2024T00:34:13 - [TEST_SUITE][PASSED] - ai10ts: Test Cases/AI10tc]]></system-out>
      <system-err><![CDATA[]]></system-err>
   </testsuite>
</testsuites>
