<?xml version="1.0" encoding="UTF-8"?>
<testsuites name="KW8" time="77.296" tests="1" failures="0" errors="0">
   <testsuite name="KW8" tests="1" failures="0" errors="0" time="77.296" skipped="0" timestamp="24-10-2024T22:04:09" hostname="Anoop_G - 192.168.1.39" id="Test Suites/KW8">
      <properties>
         <property name="deviceName" value=""/>
         <property name="devicePlatform"/>
         <property name="logFolder" value="C:\\Users\\Anoop_G\\git\\GitKatalonIntegration\\GitKatalonIntegration\\Reports\\20241024_220345\\KW8\\20241024_220345"/>
         <property name="logFiles" value="C:\\Users\\Anoop_G\\git\\GitKatalonIntegration\\GitKatalonIntegration\\Reports\\20241024_220345\\KW8\\20241024_220345\\execution0.log"/>
         <property name="attachments" value=""/>
         <property name="hostName" value="Anoop_G - 192.168.1.39"/>
         <property name="os" value="Windows 11 64bit"/>
         <property name="katalonVersion" value="9.7.2.223"/>
         <property name="browser" value="Chrome 130.0.0.0"/>
         <property name="hostAddress" value="192.168.1.39"/>
         <property name="sessionId" value="b87666a59ea2f9aacbfb89c535454507"/>
         <property name="seleniumVersion" value="3.141.59"/>
         <property name="proxyInformation" value="ProxyInformation { proxyOption=NO_PROXY, proxyServerType=HTTP, username=, password=********, proxyServerAddress=, proxyServerPort=0, executionList=&quot;&quot;, isApplyToDesiredCapabilities=true }"/>
         <property name="platform" value="Windows 11"/>
      </properties>
      <testcase name="Test Cases/PBKW" time="76.574" classname="Test Cases/PBKW" status="PASSED">
         <system-out><![CDATA[24-10-2024T22:04:10 - [TEST_CASE][PASSED] - Test Cases/PBKW: Test Cases/PBKW

24-10-2024T22:04:11 - [TEST_STEP][PASSED] - openBrowser(""): Browser is opened with url: ''

24-10-2024T22:04:14 - [MESSAGE][INFO] - Starting 'Chrome' driver

24-10-2024T22:04:15 - [MESSAGE][INFO] - Action delay is set to 0 milliseconds

24-10-2024T22:04:20 - [MESSAGE][PASSED] - Browser is opened with url: ''

24-10-2024T22:04:20 - [TEST_STEP][PASSED] - navigateToUrl("https://parabank.parasoft.com/parabank/index.htm;jsessionid=433A0C0C0BB91807C12AA4A71899882A"): Navigate to 'https://parabank.parasoft.com/parabank/index.htm;jsessionid=433A0C0C0BB91807C12AA4A71899882A' successfully

24-10-2024T22:04:24 - [MESSAGE][PASSED] - Navigate to 'https://parabank.parasoft.com/parabank/index.htm;jsessionid=433A0C0C0BB91807C12AA4A71899882A' successfully

24-10-2024T22:04:24 - [TEST_STEP][PASSED] - click(findTestObject("Object Repository/Page_ParaBank  Welcome  Online Banking/a_Locations")): Object: 'Object Repository/Page_ParaBank  Welcome  Online Banking/a_Locations' is clicked on

24-10-2024T22:04:40 - [MESSAGE][PASSED] - Object: 'Object Repository/Page_ParaBank  Welcome  Online Banking/a_Locations' is clicked on

24-10-2024T22:04:40 - [TEST_STEP][PASSED] - com.test.pack1.customfunction8.printName("sreeeeeeeeeeeeeeeeeeeeeeeeeeeeeeeee"): com.test.pack1.customfunction8.printName is PASSED

24-10-2024T22:04:40 - [MESSAGE][PASSED] - com.test.pack1.customfunction8.printName is PASSED

24-10-2024T22:04:40 - [TEST_STEP][PASSED] - click(findTestObject("Object Repository/Page_Automated Software Testing Solutions F_4f6c59/span_Products")): Object: 'Object Repository/Page_Automated Software Testing Solutions F_4f6c59/span_Products' is clicked on

24-10-2024T22:04:44 - [MESSAGE][PASSED] - Object: 'Object Repository/Page_Automated Software Testing Solutions F_4f6c59/span_Products' is clicked on

24-10-2024T22:04:44 - [TEST_STEP][PASSED] - click(findTestObject("Object Repository/Page_Automated Software Testing Solutions F_4f6c59/span_CCtest")): Object: 'Object Repository/Page_Automated Software Testing Solutions F_4f6c59/span_CCtest' is clicked on

24-10-2024T22:04:51 - [MESSAGE][PASSED] - Object: 'Object Repository/Page_Automated Software Testing Solutions F_4f6c59/span_CCtest' is clicked on

24-10-2024T22:04:51 - [TEST_STEP][PASSED] - verifyElementPresent(findTestObject("Object Repository/Page_CCtest Check C and C Code Quality Tool_a48130/a_Try Parasoft"), 0): Object 'Object Repository/Page_CCtest Check C and C Code Quality Tool_a48130/a_Try Parasoft' is present

24-10-2024T22:04:51 - [MESSAGE][WARNING] - Timeout '0' is invalid. Using default page load timeout: '30'

24-10-2024T22:04:52 - [MESSAGE][PASSED] - Object 'Object Repository/Page_CCtest Check C and C Code Quality Tool_a48130/a_Try Parasoft' is present

24-10-2024T22:04:52 - [TEST_STEP][PASSED] - click(findTestObject("Object Repository/Page_CCtest Check C and C Code Quality Tool_a48130/span_Solutions")): Object: 'Object Repository/Page_CCtest Check C and C Code Quality Tool_a48130/span_Solutions' is clicked on

24-10-2024T22:04:55 - [MESSAGE][PASSED] - Object: 'Object Repository/Page_CCtest Check C and C Code Quality Tool_a48130/span_Solutions' is clicked on

24-10-2024T22:04:55 - [TEST_STEP][PASSED] - click(findTestObject("Object Repository/Page_CCtest Check C and C Code Quality Tool_a48130/a_AUTOSAR C14")): Object: 'Object Repository/Page_CCtest Check C and C Code Quality Tool_a48130/a_AUTOSAR C14' is clicked on

24-10-2024T22:04:59 - [MESSAGE][PASSED] - Object: 'Object Repository/Page_CCtest Check C and C Code Quality Tool_a48130/a_AUTOSAR C14' is clicked on

24-10-2024T22:04:59 - [TEST_STEP][PASSED] - verifyElementPresent(findTestObject("Object Repository/Page_AUTOSAR C Rules and Coding Standards C_501c1a/a_Contact Us"), 0): Object 'Object Repository/Page_AUTOSAR C Rules and Coding Standards C_501c1a/a_Contact Us' is present

24-10-2024T22:04:59 - [MESSAGE][WARNING] - Timeout '0' is invalid. Using default page load timeout: '30'

24-10-2024T22:05:00 - [MESSAGE][PASSED] - Object 'Object Repository/Page_AUTOSAR C Rules and Coding Standards C_501c1a/a_Contact Us' is present

24-10-2024T22:05:00 - [TEST_STEP][PASSED] - click(findTestObject("Object Repository/Page_AUTOSAR C Rules and Coding Standards C_501c1a/span_Industries")): Object: 'Object Repository/Page_AUTOSAR C Rules and Coding Standards C_501c1a/span_Industries' is clicked on

24-10-2024T22:05:08 - [MESSAGE][PASSED] - Object: 'Object Repository/Page_AUTOSAR C Rules and Coding Standards C_501c1a/span_Industries' is clicked on

24-10-2024T22:05:08 - [TEST_STEP][PASSED] - click(findTestObject("Object Repository/Page_AUTOSAR C Rules and Coding Standards C_501c1a/a_Automotive")): Object: 'Object Repository/Page_AUTOSAR C Rules and Coding Standards C_501c1a/a_Automotive' is clicked on

24-10-2024T22:05:11 - [MESSAGE][PASSED] - Object: 'Object Repository/Page_AUTOSAR C Rules and Coding Standards C_501c1a/a_Automotive' is clicked on

24-10-2024T22:05:11 - [TEST_STEP][PASSED] - click(findTestObject("Object Repository/Page_Automotive Embedded Software Testing S_981503/span_Customer Success")): Object: 'Object Repository/Page_Automotive Embedded Software Testing S_981503/span_Customer Success' is clicked on

24-10-2024T22:05:12 - [MESSAGE][PASSED] - Object: 'Object Repository/Page_Automotive Embedded Software Testing S_981503/span_Customer Success' is clicked on

24-10-2024T22:05:12 - [TEST_STEP][PASSED] - click(findTestObject("Object Repository/Page_Automotive Embedded Software Testing S_981503/a_Customer Portal")): Object: 'Object Repository/Page_Automotive Embedded Software Testing S_981503/a_Customer Portal' is clicked on

24-10-2024T22:05:15 - [MESSAGE][PASSED] - Object: 'Object Repository/Page_Automotive Embedded Software Testing S_981503/a_Customer Portal' is clicked on

24-10-2024T22:05:15 - [TEST_STEP][PASSED] - switchToWindowTitle("Customer Portal Home"): Switched to window with title: 'Customer Portal Home'

24-10-2024T22:05:20 - [MESSAGE][PASSED] - Switched to window with title: 'Customer Portal Home'

24-10-2024T22:05:20 - [TEST_STEP][PASSED] - verifyElementPresent(findTestObject("Object Repository/Page_Customer Portal Home/a_Announcements"), 0): Object 'Object Repository/Page_Customer Portal Home/a_Announcements' is present

24-10-2024T22:05:20 - [MESSAGE][WARNING] - Timeout '0' is invalid. Using default page load timeout: '30'

24-10-2024T22:05:27 - [MESSAGE][PASSED] - Object 'Object Repository/Page_Customer Portal Home/a_Announcements' is present]]></system-out>
         <system-err><![CDATA[]]></system-err>
      </testcase>
      <system-out><![CDATA[24-10-2024T22:04:09 - [TEST_SUITE][PASSED] - KW8: Test Cases/PBKW]]></system-out>
      <system-err><![CDATA[]]></system-err>
   </testsuite>
</testsuites>
