<?xml version="1.0" encoding="UTF-8"?>
<testsuites name="AISuite" time="40.618" tests="3" failures="0" errors="0">
   <testsuite name="AISuite" tests="3" failures="0" errors="0" time="40.618" skipped="0" timestamp="22-10-2024T23:14:16" hostname="Anoop_G - 192.168.1.39" id="Test Suites/AISuite">
      <properties>
         <property name="deviceName" value=""/>
         <property name="devicePlatform"/>
         <property name="logFolder" value="C:\\Users\\Anoop_G\\git\\GitKatalonIntegration\\GitKatalonIntegration\\Reports\\20241022_231356\\AISuite\\20241022_231356"/>
         <property name="logFiles" value="C:\\Users\\Anoop_G\\git\\GitKatalonIntegration\\GitKatalonIntegration\\Reports\\20241022_231356\\AISuite\\20241022_231356\\execution0.log"/>
         <property name="attachments" value=""/>
         <property name="hostName" value="Anoop_G - 192.168.1.39"/>
         <property name="os" value="Windows 11 64bit"/>
         <property name="katalonVersion" value="9.7.2.223"/>
         <property name="browser" value="Chrome 130.0.0.0"/>
         <property name="hostAddress" value="192.168.1.39"/>
         <property name="sessionId" value="75e328e4438b73acc65485df6f66e7df"/>
         <property name="seleniumVersion" value="3.141.59"/>
         <property name="proxyInformation" value="ProxyInformation { proxyOption=NO_PROXY, proxyServerType=HTTP, username=, password=********, proxyServerAddress=, proxyServerPort=0, executionList=&quot;&quot;, isApplyToDesiredCapabilities=true }"/>
         <property name="platform" value="Windows 11"/>
      </properties>
      <testcase name="Test Cases/AI3" time="16.43" classname="Test Cases/AI3" status="PASSED">
         <system-out><![CDATA[22-10-2024T23:14:17 - [TEST_CASE][PASSED] - Test Cases/AI3: Test Cases/AI3

22-10-2024T23:14:18 - [TEST_STEP][PASSED] - openBrowser(""): Browser is opened with url: ''

22-10-2024T23:14:21 - [MESSAGE][INFO] - Starting 'Chrome' driver

22-10-2024T23:14:21 - [MESSAGE][INFO] - Action delay is set to 0 milliseconds

22-10-2024T23:14:27 - [MESSAGE][PASSED] - Browser is opened with url: ''

22-10-2024T23:14:27 - [TEST_STEP][PASSED] - navigateToUrl("https://webflow.com/login"): Navigate to 'https://webflow.com/login' successfully

22-10-2024T23:14:33 - [MESSAGE][PASSED] - Navigate to 'https://webflow.com/login' successfully]]></system-out>
         <system-err><![CDATA[]]></system-err>
      </testcase>
      <testcase name="Test Cases/AI_TC2" time="10.212" classname="Test Cases/AI_TC2" status="PASSED">
         <system-out><![CDATA[22-10-2024T23:14:33 - [TEST_CASE][PASSED] - Test Cases/AI_TC2: Test Cases/AI_TC2

22-10-2024T23:14:34 - [TEST_STEP][PASSED] - openBrowser(""): Browser is opened with url: ''

22-10-2024T23:14:34 - [MESSAGE][WARNING] - A browser is already opened. Closing browser and opening a new one

22-10-2024T23:14:36 - [MESSAGE][INFO] - Starting 'Chrome' driver

22-10-2024T23:14:36 - [MESSAGE][INFO] - Action delay is set to 0 milliseconds

22-10-2024T23:14:39 - [MESSAGE][PASSED] - Browser is opened with url: ''

22-10-2024T23:14:39 - [TEST_STEP][PASSED] - maximizeWindow(): Current window maximized

22-10-2024T23:14:40 - [MESSAGE][PASSED] - Current window maximized

22-10-2024T23:14:40 - [TEST_STEP][PASSED] - navigateToUrl("https://google.com"): Navigate to 'https://google.com' successfully

22-10-2024T23:14:43 - [MESSAGE][PASSED] - Navigate to 'https://google.com' successfully]]></system-out>
         <system-err><![CDATA[]]></system-err>
      </testcase>
      <testcase name="Test Cases/AI4" time="12.764" classname="Test Cases/AI4" status="PASSED">
         <system-out><![CDATA[22-10-2024T23:14:43 - [TEST_CASE][PASSED] - Test Cases/AI4: Test Cases/AI4

22-10-2024T23:14:45 - [TEST_STEP][PASSED] - openBrowser(""): Browser is opened with url: ''

22-10-2024T23:14:45 - [MESSAGE][WARNING] - A browser is already opened. Closing browser and opening a new one

22-10-2024T23:14:47 - [MESSAGE][INFO] - Starting 'Chrome' driver

22-10-2024T23:14:47 - [MESSAGE][INFO] - Action delay is set to 0 milliseconds

22-10-2024T23:14:50 - [MESSAGE][PASSED] - Browser is opened with url: ''

22-10-2024T23:14:50 - [TEST_STEP][PASSED] - maximizeWindow(): Current window maximized

22-10-2024T23:14:51 - [MESSAGE][PASSED] - Current window maximized

22-10-2024T23:14:51 - [TEST_STEP][PASSED] - navigateToUrl("https://rahulshettyacademy.com/client"): Navigate to 'https://rahulshettyacademy.com/client' successfully

22-10-2024T23:14:56 - [MESSAGE][PASSED] - Navigate to 'https://rahulshettyacademy.com/client' successfully]]></system-out>
         <system-err><![CDATA[]]></system-err>
      </testcase>
      <system-out><![CDATA[22-10-2024T23:14:16 - [TEST_SUITE][PASSED] - AISuite: Test Cases/AI4]]></system-out>
      <system-err><![CDATA[]]></system-err>
   </testsuite>
</testsuites>
