<?xml version="1.0" encoding="UTF-8"?>
<testsuites name="SauceTestSuite" time="61.867" tests="2" failures="0" errors="0">
   <testsuite name="SauceTestSuite" tests="2" failures="0" errors="0" time="61.867" skipped="0" timestamp="23-10-2024T23:02:27" hostname="Anoop_G - 192.168.1.39" id="Test Suites/SauceLab/SauceTestSuite">
      <properties>
         <property name="deviceName" value=""/>
         <property name="devicePlatform"/>
         <property name="logFolder" value="C:\\Users\\Anoop_G\\git\\GitKatalonIntegration\\GitKatalonIntegration\\Reports\\20241023_230150\\SauceLab\\SauceTestSuite\\20241023_230152"/>
         <property name="logFiles" value="C:\\Users\\Anoop_G\\git\\GitKatalonIntegration\\GitKatalonIntegration\\Reports\\20241023_230150\\SauceLab\\SauceTestSuite\\20241023_230152\\execution0.log"/>
         <property name="attachments" value=""/>
         <property name="hostName" value="Anoop_G - 192.168.1.39"/>
         <property name="os" value="Windows 11 64bit"/>
         <property name="katalonVersion" value="9.7.2.223"/>
         <property name="browser" value="Chrome 130.0.0.0"/>
         <property name="hostAddress" value="192.168.1.39"/>
         <property name="sessionId" value="537e375ee29c2bc5b6ad6157d5e13cc6"/>
         <property name="seleniumVersion" value="3.141.59"/>
         <property name="proxyInformation" value="ProxyInformation { proxyOption=NO_PROXY, proxyServerType=HTTP, username=, password=********, proxyServerAddress=, proxyServerPort=0, executionList=&quot;&quot;, isApplyToDesiredCapabilities=true }"/>
         <property name="platform" value="Windows 11"/>
      </properties>
      <testcase name="Test Cases/SauceLab/TC2_SauceLab_Variable - DD" time="27.084" classname="Test Cases/SauceLab/TC2_SauceLab_Variable - DD" status="PASSED">
         <system-out><![CDATA[23-10-2024T23:02:29 - [TEST_CASE][PASSED] - Test Cases/SauceLab/TC2_SauceLab_Variable - DD: Test Cases/SauceLab/TC2_SauceLab_Variable - DD

23-10-2024T23:02:33 - [TEST_STEP][PASSED] - openBrowser(""): Browser is opened with url: ''

23-10-2024T23:02:35 - [MESSAGE][INFO] - Starting 'Chrome' driver

23-10-2024T23:02:36 - [MESSAGE][INFO] - Action delay is set to 0 milliseconds

23-10-2024T23:02:47 - [MESSAGE][PASSED] - Browser is opened with url: ''

23-10-2024T23:02:47 - [TEST_STEP][PASSED] - navigateToUrl(url): Navigate to 'https://www.saucedemo.com/' successfully

23-10-2024T23:02:47 - [MESSAGE][PASSED] - Navigate to 'https://www.saucedemo.com/' successfully

23-10-2024T23:02:47 - [TEST_STEP][PASSED] - setText(findTestObject("Object Repository/Page_Swag Labs/input_Swag Labs_user-name"), username): Text 'standard_user' is set on object 'Object Repository/Page_Swag Labs/input_Swag Labs_user-name'

23-10-2024T23:02:52 - [MESSAGE][PASSED] - Text 'standard_user' is set on object 'Object Repository/Page_Swag Labs/input_Swag Labs_user-name'

23-10-2024T23:02:52 - [TEST_STEP][PASSED] - setText(findTestObject("Object Repository/Page_Swag Labs/input_Swag Labs_password"), password): Text 'secret_sauce' is set on object 'Object Repository/Page_Swag Labs/input_Swag Labs_password'

23-10-2024T23:02:53 - [MESSAGE][PASSED] - Text 'secret_sauce' is set on object 'Object Repository/Page_Swag Labs/input_Swag Labs_password'

23-10-2024T23:02:53 - [TEST_STEP][PASSED] - click(findTestObject("Object Repository/Page_Swag Labs/input_Swag Labs_login-button")): Object: 'Object Repository/Page_Swag Labs/input_Swag Labs_login-button' is clicked on

23-10-2024T23:02:54 - [MESSAGE][PASSED] - Object: 'Object Repository/Page_Swag Labs/input_Swag Labs_login-button' is clicked on

23-10-2024T23:02:54 - [TEST_STEP][PASSED] - verifyElementText(findTestObject("Object Repository/Page_Swag Labs/div_Sauce Labs Backpack"), "Sauce Labs Backpack"): Actual text and expected text of test object 'Object Repository/Page_Swag Labs/div_Sauce Labs Backpack' are matched.

23-10-2024T23:02:55 - [MESSAGE][PASSED] - Actual text and expected text of test object 'Object Repository/Page_Swag Labs/div_Sauce Labs Backpack' are matched.

23-10-2024T23:02:55 - [TEST_STEP][PASSED] - click(findTestObject("Object Repository/Page_Swag Labs/button_Add to cart")): Object: 'Object Repository/Page_Swag Labs/button_Add to cart' is clicked on

23-10-2024T23:02:55 - [MESSAGE][PASSED] - Object: 'Object Repository/Page_Swag Labs/button_Add to cart' is clicked on

23-10-2024T23:02:55 - [TEST_STEP][PASSED] - click(findTestObject("Object Repository/Page_Swag Labs/a_1")): Object: 'Object Repository/Page_Swag Labs/a_1' is clicked on

23-10-2024T23:02:56 - [MESSAGE][PASSED] - Object: 'Object Repository/Page_Swag Labs/a_1' is clicked on

23-10-2024T23:02:56 - [TEST_STEP][PASSED] - verifyElementPresent(findTestObject("Object Repository/Page_Swag Labs/div_Sauce Labs Backpack"), 0): Object 'Object Repository/Page_Swag Labs/div_Sauce Labs Backpack' is present

23-10-2024T23:02:56 - [MESSAGE][WARNING] - Timeout '0' is invalid. Using default page load timeout: '30'

23-10-2024T23:02:56 - [MESSAGE][PASSED] - Object 'Object Repository/Page_Swag Labs/div_Sauce Labs Backpack' is present]]></system-out>
         <system-err><![CDATA[]]></system-err>
      </testcase>
      <testcase name="Test Cases/SauceLab/TC2_SauceLab_Variable - DD" time="32.152" classname="Test Cases/SauceLab/TC2_SauceLab_Variable - DD" status="PASSED">
         <system-out><![CDATA[23-10-2024T23:02:56 - [TEST_CASE][PASSED] - Test Cases/SauceLab/TC2_SauceLab_Variable - DD: Test Cases/SauceLab/TC2_SauceLab_Variable - DD

23-10-2024T23:02:57 - [TEST_STEP][PASSED] - openBrowser(""): Browser is opened with url: ''

23-10-2024T23:02:57 - [MESSAGE][WARNING] - A browser is already opened. Closing browser and opening a new one

23-10-2024T23:03:05 - [MESSAGE][INFO] - Starting 'Chrome' driver

23-10-2024T23:03:05 - [MESSAGE][INFO] - Action delay is set to 0 milliseconds

23-10-2024T23:03:12 - [MESSAGE][PASSED] - Browser is opened with url: ''

23-10-2024T23:03:12 - [TEST_STEP][PASSED] - navigateToUrl(url): Navigate to 'https://www.saucedemo.com/' successfully

23-10-2024T23:03:15 - [MESSAGE][PASSED] - Navigate to 'https://www.saucedemo.com/' successfully

23-10-2024T23:03:15 - [TEST_STEP][PASSED] - setText(findTestObject("Object Repository/Page_Swag Labs/input_Swag Labs_user-name"), username): Text 'performance_glitch_user' is set on object 'Object Repository/Page_Swag Labs/input_Swag Labs_user-name'

23-10-2024T23:03:18 - [MESSAGE][PASSED] - Text 'performance_glitch_user' is set on object 'Object Repository/Page_Swag Labs/input_Swag Labs_user-name'

23-10-2024T23:03:18 - [TEST_STEP][PASSED] - setText(findTestObject("Object Repository/Page_Swag Labs/input_Swag Labs_password"), password): Text 'secret_sauce' is set on object 'Object Repository/Page_Swag Labs/input_Swag Labs_password'

23-10-2024T23:03:19 - [MESSAGE][PASSED] - Text 'secret_sauce' is set on object 'Object Repository/Page_Swag Labs/input_Swag Labs_password'

23-10-2024T23:03:19 - [TEST_STEP][PASSED] - click(findTestObject("Object Repository/Page_Swag Labs/input_Swag Labs_login-button")): Object: 'Object Repository/Page_Swag Labs/input_Swag Labs_login-button' is clicked on

23-10-2024T23:03:25 - [MESSAGE][PASSED] - Object: 'Object Repository/Page_Swag Labs/input_Swag Labs_login-button' is clicked on

23-10-2024T23:03:25 - [TEST_STEP][PASSED] - verifyElementText(findTestObject("Object Repository/Page_Swag Labs/div_Sauce Labs Backpack"), "Sauce Labs Backpack"): Actual text and expected text of test object 'Object Repository/Page_Swag Labs/div_Sauce Labs Backpack' are matched.

23-10-2024T23:03:25 - [MESSAGE][PASSED] - Actual text and expected text of test object 'Object Repository/Page_Swag Labs/div_Sauce Labs Backpack' are matched.

23-10-2024T23:03:25 - [TEST_STEP][PASSED] - click(findTestObject("Object Repository/Page_Swag Labs/button_Add to cart")): Object: 'Object Repository/Page_Swag Labs/button_Add to cart' is clicked on

23-10-2024T23:03:28 - [MESSAGE][PASSED] - Object: 'Object Repository/Page_Swag Labs/button_Add to cart' is clicked on

23-10-2024T23:03:28 - [TEST_STEP][PASSED] - click(findTestObject("Object Repository/Page_Swag Labs/a_1")): Object: 'Object Repository/Page_Swag Labs/a_1' is clicked on

23-10-2024T23:03:28 - [MESSAGE][PASSED] - Object: 'Object Repository/Page_Swag Labs/a_1' is clicked on

23-10-2024T23:03:28 - [TEST_STEP][PASSED] - verifyElementPresent(findTestObject("Object Repository/Page_Swag Labs/div_Sauce Labs Backpack"), 0): Object 'Object Repository/Page_Swag Labs/div_Sauce Labs Backpack' is present

23-10-2024T23:03:28 - [MESSAGE][WARNING] - Timeout '0' is invalid. Using default page load timeout: '30'

23-10-2024T23:03:29 - [MESSAGE][PASSED] - Object 'Object Repository/Page_Swag Labs/div_Sauce Labs Backpack' is present]]></system-out>
         <system-err><![CDATA[]]></system-err>
      </testcase>
      <system-out><![CDATA[23-10-2024T23:02:27 - [TEST_SUITE][PASSED] - SauceTestSuite: Test Cases/SauceLab/TC2_SauceLab_Variable - DD]]></system-out>
      <system-err><![CDATA[]]></system-err>
   </testsuite>
</testsuites>
