<?xml version="1.0" encoding="UTF-8"?>
<testsuites name="CuraHealthCollection" time="34.838" tests="1" failures="0" errors="0">
   <testsuite name="CuraTestSuite" tests="1" failures="0" errors="0" time="18.778" skipped="0" timestamp="05-10-2024T12:49:19" hostname="Anoop_G - 192.168.1.36" id="Test Suites/CuraTestSuite">
      <properties>
         <property name="deviceName" value=""/>
         <property name="devicePlatform"/>
         <property name="logFolder" value="C:\\Users\\Anoop_G\\git\\gitlocal\\GitKatalonIntegration\\Reports\\20241005_124902\\CuraTestSuite\\20241005_124905"/>
         <property name="logFiles" value="C:\\Users\\Anoop_G\\git\\gitlocal\\GitKatalonIntegration\\Reports\\20241005_124902\\CuraTestSuite\\20241005_124905\\execution0.log"/>
         <property name="attachments" value=""/>
         <property name="hostName" value="Anoop_G - 192.168.1.36"/>
         <property name="os" value="Windows 11 64bit"/>
         <property name="katalonVersion" value="9.7.2.223"/>
         <property name="browser" value="Chrome 129.0.0.0"/>
         <property name="hostAddress" value="192.168.1.36"/>
         <property name="sessionId" value="dbd0cba3d33abba21eed759ad6c02830"/>
         <property name="seleniumVersion" value="3.141.59"/>
         <property name="proxyInformation" value="ProxyInformation { proxyOption=NO_PROXY, proxyServerType=HTTP, username=, password=********, proxyServerAddress=, proxyServerPort=0, executionList=&quot;&quot;, isApplyToDesiredCapabilities=true }"/>
         <property name="platform" value="Windows 11"/>
      </properties>
      <testcase name="Test Cases/TC_CuraHealth_SelfHeal" time="18.098" classname="Test Cases/TC_CuraHealth_SelfHeal" status="PASSED">
         <system-out><![CDATA[05-10-2024T12:49:20 - [TEST_CASE][PASSED] - Test Cases/TC_CuraHealth_SelfHeal: Test Cases/TC_CuraHealth_SelfHeal

05-10-2024T12:49:21 - [TEST_STEP][PASSED] - openBrowser(""): Browser is opened with url: ''

05-10-2024T12:49:22 - [MESSAGE][INFO] - Starting 'Chrome' driver

05-10-2024T12:49:22 - [MESSAGE][INFO] - Action delay is set to 0 milliseconds

05-10-2024T12:49:27 - [MESSAGE][PASSED] - Browser is opened with url: ''

05-10-2024T12:49:27 - [TEST_STEP][PASSED] - navigateToUrl("https://katalon-demo-cura.herokuapp.com/"): Navigate to 'https://katalon-demo-cura.herokuapp.com/' successfully

05-10-2024T12:49:31 - [MESSAGE][PASSED] - Navigate to 'https://katalon-demo-cura.herokuapp.com/' successfully

05-10-2024T12:49:31 - [TEST_STEP][PASSED] - click(findTestObject("Object Repository/Page_CURA Healthcare Service/a_Make Appointment")): Object: 'Object Repository/Page_CURA Healthcare Service/a_Make Appointment' is clicked on

05-10-2024T12:49:33 - [MESSAGE][PASSED] - Object: 'Object Repository/Page_CURA Healthcare Service/a_Make Appointment' is clicked on

05-10-2024T12:49:33 - [TEST_STEP][PASSED] - setText(findTestObject("Object Repository/Page_CURA Healthcare Service/input_Username_username"), "John Doe"): Text 'John Doe' is set on object 'Object Repository/Page_CURA Healthcare Service/input_Username_username'

05-10-2024T12:49:34 - [MESSAGE][PASSED] - Text 'John Doe' is set on object 'Object Repository/Page_CURA Healthcare Service/input_Username_username'

05-10-2024T12:49:34 - [TEST_STEP][PASSED] - setEncryptedText(findTestObject("Object Repository/Page_CURA Healthcare Service/input_Password_password"), "g3/DOGG74jC3Flrr3yH+3D/yKbOqqUNM"): Text ****** has been set on object 'Object Repository/Page_CURA Healthcare Service/input_Password_password'

05-10-2024T12:49:36 - [MESSAGE][PASSED] - Text ****** has been set on object 'Object Repository/Page_CURA Healthcare Service/input_Password_password'

05-10-2024T12:49:36 - [TEST_STEP][PASSED] - click(findTestObject("Object Repository/Page_CURA Healthcare Service/button_Login")): Object: 'Object Repository/Page_CURA Healthcare Service/button_Login' is clicked on

05-10-2024T12:49:37 - [MESSAGE][PASSED] - Object: 'Object Repository/Page_CURA Healthcare Service/button_Login' is clicked on

05-10-2024T12:49:37 - [TEST_STEP][PASSED] - verifyElementPresent(findTestObject("Object Repository/Page_CURA Healthcare Service/textMake_Appointment"), 0): Object 'Object Repository/Page_CURA Healthcare Service/textMake_Appointment' is present

05-10-2024T12:49:37 - [MESSAGE][WARNING] - Timeout '0' is invalid. Using default page load timeout: '30'

05-10-2024T12:49:38 - [MESSAGE][PASSED] - Object 'Object Repository/Page_CURA Healthcare Service/textMake_Appointment' is present]]></system-out>
         <system-err><![CDATA[]]></system-err>
      </testcase>
      <system-out><![CDATA[05-10-2024T12:49:19 - [TEST_SUITE][PASSED] - CuraTestSuite: Test Cases/TC_CuraHealth_SelfHeal]]></system-out>
      <system-err><![CDATA[]]></system-err>
   </testsuite>
</testsuites>
