<?xml version="1.0" encoding="UTF-8"?>
<testsuites name="AISuiteSet" time="35.958" tests="2" failures="0" errors="0">
   <testsuite name="AISuiteSet" tests="2" failures="0" errors="0" time="35.958" skipped="0" timestamp="24-10-2024T20:31:07" hostname="Anoop_G - 192.168.1.39" id="Test Suites/AISuiteSet">
      <properties>
         <property name="deviceName" value=""/>
         <property name="devicePlatform"/>
         <property name="logFolder" value="C:\\Users\\Anoop_G\\git\\GitKatalonIntegration\\GitKatalonIntegration\\Reports\\20241024_203031\\AISuiteSet\\20241024_203031"/>
         <property name="logFiles" value="C:\\Users\\Anoop_G\\git\\GitKatalonIntegration\\GitKatalonIntegration\\Reports\\20241024_203031\\AISuiteSet\\20241024_203031\\execution0.log"/>
         <property name="attachments" value=""/>
         <property name="hostName" value="Anoop_G - 192.168.1.39"/>
         <property name="os" value="Windows 11 64bit"/>
         <property name="katalonVersion" value="9.7.2.223"/>
         <property name="browser" value="Chrome 130.0.0.0"/>
         <property name="hostAddress" value="192.168.1.39"/>
         <property name="sessionId" value="c4fcdc05524f59138b0c5fae8273a17f"/>
         <property name="seleniumVersion" value="3.141.59"/>
         <property name="proxyInformation" value="ProxyInformation { proxyOption=NO_PROXY, proxyServerType=HTTP, username=, password=********, proxyServerAddress=, proxyServerPort=0, executionList=&quot;&quot;, isApplyToDesiredCapabilities=true }"/>
         <property name="platform" value="Windows 11"/>
      </properties>
      <testcase name="Test Cases/AI5" time="16.941" classname="Test Cases/AI5" status="PASSED">
         <system-out><![CDATA[24-10-2024T20:31:08 - [TEST_CASE][PASSED] - Test Cases/AI5: Test Cases/AI5

24-10-2024T20:31:09 - [TEST_STEP][PASSED] - openBrowser(""): Browser is opened with url: ''

24-10-2024T20:31:10 - [MESSAGE][INFO] - Starting 'Chrome' driver

24-10-2024T20:31:10 - [MESSAGE][INFO] - Action delay is set to 0 milliseconds

24-10-2024T20:31:17 - [MESSAGE][PASSED] - Browser is opened with url: ''

24-10-2024T20:31:17 - [TEST_STEP][PASSED] - navigateToUrl("https://katalon-demo-cura.herokuapp.com/"): Navigate to 'https://katalon-demo-cura.herokuapp.com/' successfully

24-10-2024T20:31:21 - [MESSAGE][PASSED] - Navigate to 'https://katalon-demo-cura.herokuapp.com/' successfully

24-10-2024T20:31:21 - [TEST_STEP][PASSED] - click(findTestObject("Page_CURA Healthcare Service/a_CURA Healthcare_menu-toggle")): Object: 'Object Repository/Page_CURA Healthcare Service/a_CURA Healthcare_menu-toggle' is clicked on

24-10-2024T20:31:22 - [MESSAGE][PASSED] - Object: 'Object Repository/Page_CURA Healthcare Service/a_CURA Healthcare_menu-toggle' is clicked on

24-10-2024T20:31:22 - [TEST_STEP][PASSED] - click(findTestObject("Object Repository/Page_CURA Healthcare Service/a_Home")): Object: 'Object Repository/Page_CURA Healthcare Service/a_Home' is clicked on

24-10-2024T20:31:24 - [MESSAGE][PASSED] - Object: 'Object Repository/Page_CURA Healthcare Service/a_Home' is clicked on

24-10-2024T20:31:24 - [TEST_STEP][PASSED] - verifyElementPresent(findTestObject("Object Repository/Page_CURA Healthcare Service/h1_CURA Healthcare Service"), 0): Object 'Object Repository/Page_CURA Healthcare Service/h1_CURA Healthcare Service' is present

24-10-2024T20:31:24 - [MESSAGE][WARNING] - Timeout '0' is invalid. Using default page load timeout: '30'

24-10-2024T20:31:25 - [MESSAGE][PASSED] - Object 'Object Repository/Page_CURA Healthcare Service/h1_CURA Healthcare Service' is present]]></system-out>
         <system-err><![CDATA[]]></system-err>
      </testcase>
      <testcase name="Test Cases/AI6" time="18.452" classname="Test Cases/AI6" status="PASSED">
         <system-out><![CDATA[24-10-2024T20:31:25 - [TEST_CASE][PASSED] - Test Cases/AI6: Test Cases/AI6

24-10-2024T20:31:25 - [TEST_STEP][PASSED] - openBrowser(""): Browser is opened with url: ''

24-10-2024T20:31:25 - [MESSAGE][WARNING] - A browser is already opened. Closing browser and opening a new one

24-10-2024T20:31:27 - [MESSAGE][INFO] - Starting 'Chrome' driver

24-10-2024T20:31:27 - [MESSAGE][INFO] - Action delay is set to 0 milliseconds

24-10-2024T20:31:30 - [MESSAGE][PASSED] - Browser is opened with url: ''

24-10-2024T20:31:30 - [TEST_STEP][PASSED] - navigateToUrl("https://katalon-demo-cura.herokuapp.com/"): Navigate to 'https://katalon-demo-cura.herokuapp.com/' successfully

24-10-2024T20:31:34 - [MESSAGE][PASSED] - Navigate to 'https://katalon-demo-cura.herokuapp.com/' successfully

24-10-2024T20:31:34 - [TEST_STEP][PASSED] - click(findTestObject("Page_CURA Healthcare Service/a_CURA Healthcare_menu-toggle")): Object: 'Object Repository/Page_CURA Healthcare Service/a_CURA Healthcare_menu-toggle' is clicked on

24-10-2024T20:31:34 - [MESSAGE][PASSED] - Object: 'Object Repository/Page_CURA Healthcare Service/a_CURA Healthcare_menu-toggle' is clicked on

24-10-2024T20:31:34 - [TEST_STEP][PASSED] - click(findTestObject("Object Repository/Page_CURA Healthcare Service/a_Home")): Object: 'Object Repository/Page_CURA Healthcare Service/a_Home' is clicked on

24-10-2024T20:31:35 - [MESSAGE][PASSED] - Object: 'Object Repository/Page_CURA Healthcare Service/a_Home' is clicked on

24-10-2024T20:31:35 - [TEST_STEP][PASSED] - verifyElementPresent(findTestObject("Object Repository/Page_CURA Healthcare Service/h1_CURA Healthcare Service"), 0): Object 'Object Repository/Page_CURA Healthcare Service/h1_CURA Healthcare Service' is present

24-10-2024T20:31:35 - [MESSAGE][WARNING] - Timeout '0' is invalid. Using default page load timeout: '30'

24-10-2024T20:31:36 - [MESSAGE][PASSED] - Object 'Object Repository/Page_CURA Healthcare Service/h1_CURA Healthcare Service' is present

24-10-2024T20:31:36 - [TEST_STEP][PASSED] - click(findTestObject("Object Repository/Page_CURA Healthcare Service/a_Make Appointment")): Object: 'Object Repository/Page_CURA Healthcare Service/a_Make Appointment' is clicked on

24-10-2024T20:31:37 - [MESSAGE][PASSED] - Object: 'Object Repository/Page_CURA Healthcare Service/a_Make Appointment' is clicked on

24-10-2024T20:31:37 - [TEST_STEP][PASSED] - click(findTestObject("Object Repository/Page_CURA Healthcare Service/a_CURA Healthcare_menu-toggle")): Object: 'Object Repository/Page_CURA Healthcare Service/a_CURA Healthcare_menu-toggle' is clicked on

24-10-2024T20:31:37 - [MESSAGE][PASSED] - Object: 'Object Repository/Page_CURA Healthcare Service/a_CURA Healthcare_menu-toggle' is clicked on

24-10-2024T20:31:38 - [TEST_STEP][PASSED] - click(findTestObject("Object Repository/Page_CURA Healthcare Service/a_Home")): Object: 'Object Repository/Page_CURA Healthcare Service/a_Home' is clicked on

24-10-2024T20:31:39 - [MESSAGE][PASSED] - Object: 'Object Repository/Page_CURA Healthcare Service/a_Home' is clicked on

24-10-2024T20:31:39 - [TEST_STEP][PASSED] - click(findTestObject("Object Repository/Page_CURA Healthcare Service/a_Make Appointment")): Object: 'Object Repository/Page_CURA Healthcare Service/a_Make Appointment' is clicked on

24-10-2024T20:31:40 - [MESSAGE][PASSED] - Object: 'Object Repository/Page_CURA Healthcare Service/a_Make Appointment' is clicked on

24-10-2024T20:31:40 - [TEST_STEP][PASSED] - setText(findTestObject("Object Repository/Page_CURA Healthcare Service/input_Username_username"), "twstsd"): Text 'twstsd' is set on object 'Object Repository/Page_CURA Healthcare Service/input_Username_username'

24-10-2024T20:31:41 - [MESSAGE][PASSED] - Text 'twstsd' is set on object 'Object Repository/Page_CURA Healthcare Service/input_Username_username'

24-10-2024T20:31:41 - [TEST_STEP][PASSED] - click(findTestObject("Object Repository/Page_CURA Healthcare Service/input_Username_username")): Object: 'Object Repository/Page_CURA Healthcare Service/input_Username_username' is clicked on

24-10-2024T20:31:43 - [MESSAGE][PASSED] - Object: 'Object Repository/Page_CURA Healthcare Service/input_Username_username' is clicked on]]></system-out>
         <system-err><![CDATA[]]></system-err>
      </testcase>
      <system-out><![CDATA[24-10-2024T20:31:07 - [TEST_SUITE][PASSED] - AISuiteSet: Test Cases/AI6]]></system-out>
      <system-err><![CDATA[]]></system-err>
   </testsuite>
</testsuites>
