<?xml version="1.0" encoding="UTF-8"?>
<testsuites name="ParaBankTestSuite" time="39.997" tests="1" failures="0" errors="0">
   <testsuite name="ParaBankTestSuite" tests="1" failures="0" errors="0" time="39.997" skipped="0" timestamp="23-10-2024T22:51:18" hostname="Anoop_G - 192.168.1.39" id="Test Suites/ParaBankTestSuite">
      <properties>
         <property name="deviceName" value=""/>
         <property name="devicePlatform"/>
         <property name="logFolder" value="C:\\Users\\Anoop_G\\git\\GitKatalonIntegration\\GitKatalonIntegration\\Reports\\20241023_225103\\ParaBankTestSuite\\20241023_225103"/>
         <property name="logFiles" value="C:\\Users\\Anoop_G\\git\\GitKatalonIntegration\\GitKatalonIntegration\\Reports\\20241023_225103\\ParaBankTestSuite\\20241023_225103\\execution0.log"/>
         <property name="attachments" value=""/>
         <property name="hostName" value="Anoop_G - 192.168.1.39"/>
         <property name="os" value="Windows 11 64bit"/>
         <property name="katalonVersion" value="9.7.2.223"/>
         <property name="browser" value="Chrome 130.0.0.0"/>
         <property name="hostAddress" value="192.168.1.39"/>
         <property name="sessionId" value="44c7e0b91bb9cb7072d2f681baab659d"/>
         <property name="seleniumVersion" value="3.141.59"/>
         <property name="proxyInformation" value="ProxyInformation { proxyOption=NO_PROXY, proxyServerType=HTTP, username=, password=********, proxyServerAddress=, proxyServerPort=0, executionList=&quot;&quot;, isApplyToDesiredCapabilities=true }"/>
         <property name="platform" value="Windows 11"/>
      </properties>
      <testcase name="Test Cases/ParaBank" time="38.76" classname="Test Cases/ParaBank" status="PASSED">
         <system-out><![CDATA[23-10-2024T22:51:19 - [TEST_CASE][PASSED] - Test Cases/ParaBank: Test Cases/ParaBank

23-10-2024T22:51:21 - [TEST_STEP][PASSED] - openBrowser(""): Browser is opened with url: ''

23-10-2024T22:51:22 - [MESSAGE][INFO] - Starting 'Chrome' driver

23-10-2024T22:51:23 - [MESSAGE][INFO] - Action delay is set to 0 milliseconds

23-10-2024T22:51:29 - [MESSAGE][PASSED] - Browser is opened with url: ''

23-10-2024T22:51:29 - [TEST_STEP][PASSED] - navigateToUrl("https://parabank.parasoft.com/parabank/index.htm;jsessionid=433A0C0C0BB91807C12AA4A71899882A"): Navigate to 'https://parabank.parasoft.com/parabank/index.htm;jsessionid=433A0C0C0BB91807C12AA4A71899882A' successfully

23-10-2024T22:51:33 - [MESSAGE][PASSED] - Navigate to 'https://parabank.parasoft.com/parabank/index.htm;jsessionid=433A0C0C0BB91807C12AA4A71899882A' successfully

23-10-2024T22:51:33 - [TEST_STEP][PASSED] - click(findTestObject("Object Repository/Page_ParaBank  Welcome  Online Banking/a_Register")): Object: 'Object Repository/Page_ParaBank  Welcome  Online Banking/a_Register' is clicked on

23-10-2024T22:51:36 - [MESSAGE][PASSED] - Object: 'Object Repository/Page_ParaBank  Welcome  Online Banking/a_Register' is clicked on

23-10-2024T22:51:36 - [TEST_STEP][PASSED] - setText(findTestObject("Object Repository/Page_ParaBank  Register for Free Online Acc_dbf84b/input_First Name_customer.firstName"), fname): Text 'test' is set on object 'Object Repository/Page_ParaBank  Register for Free Online Acc_dbf84b/input_First Name_customer.firstName'

23-10-2024T22:51:37 - [MESSAGE][PASSED] - Text 'test' is set on object 'Object Repository/Page_ParaBank  Register for Free Online Acc_dbf84b/input_First Name_customer.firstName'

23-10-2024T22:51:37 - [TEST_STEP][PASSED] - setText(findTestObject("Object Repository/Page_ParaBank  Register for Free Online Acc_dbf84b/input_Last Name_customer.lastName"), lname): Text 'last' is set on object 'Object Repository/Page_ParaBank  Register for Free Online Acc_dbf84b/input_Last Name_customer.lastName'

23-10-2024T22:51:38 - [MESSAGE][PASSED] - Text 'last' is set on object 'Object Repository/Page_ParaBank  Register for Free Online Acc_dbf84b/input_Last Name_customer.lastName'

23-10-2024T22:51:38 - [TEST_STEP][PASSED] - setText(findTestObject("Object Repository/Page_ParaBank  Register for Free Online Acc_dbf84b/input_Address_customer.address.street"), "t"): Text 't' is set on object 'Object Repository/Page_ParaBank  Register for Free Online Acc_dbf84b/input_Address_customer.address.street'

23-10-2024T22:51:39 - [MESSAGE][PASSED] - Text 't' is set on object 'Object Repository/Page_ParaBank  Register for Free Online Acc_dbf84b/input_Address_customer.address.street'

23-10-2024T22:51:39 - [TEST_STEP][PASSED] - setText(findTestObject("Object Repository/Page_ParaBank  Register for Free Online Acc_dbf84b/input_City_customer.address.city"), "t"): Text 't' is set on object 'Object Repository/Page_ParaBank  Register for Free Online Acc_dbf84b/input_City_customer.address.city'

23-10-2024T22:51:40 - [MESSAGE][PASSED] - Text 't' is set on object 'Object Repository/Page_ParaBank  Register for Free Online Acc_dbf84b/input_City_customer.address.city'

23-10-2024T22:51:40 - [TEST_STEP][PASSED] - click(findTestObject("Object Repository/Page_ParaBank  Register for Free Online Acc_dbf84b/input_City_customer.address.city")): Object: 'Object Repository/Page_ParaBank  Register for Free Online Acc_dbf84b/input_City_customer.address.city' is clicked on

23-10-2024T22:51:40 - [MESSAGE][PASSED] - Object: 'Object Repository/Page_ParaBank  Register for Free Online Acc_dbf84b/input_City_customer.address.city' is clicked on

23-10-2024T22:51:40 - [TEST_STEP][PASSED] - setText(findTestObject("Object Repository/Page_ParaBank  Register for Free Online Acc_dbf84b/input_State_customer.address.state"), "t"): Text 't' is set on object 'Object Repository/Page_ParaBank  Register for Free Online Acc_dbf84b/input_State_customer.address.state'

23-10-2024T22:51:41 - [MESSAGE][PASSED] - Text 't' is set on object 'Object Repository/Page_ParaBank  Register for Free Online Acc_dbf84b/input_State_customer.address.state'

23-10-2024T22:51:41 - [TEST_STEP][PASSED] - click(findTestObject("Object Repository/Page_ParaBank  Register for Free Online Acc_dbf84b/input_State_customer.address.state")): Object: 'Object Repository/Page_ParaBank  Register for Free Online Acc_dbf84b/input_State_customer.address.state' is clicked on

23-10-2024T22:51:42 - [MESSAGE][PASSED] - Object: 'Object Repository/Page_ParaBank  Register for Free Online Acc_dbf84b/input_State_customer.address.state' is clicked on

23-10-2024T22:51:42 - [TEST_STEP][PASSED] - setText(findTestObject("Object Repository/Page_ParaBank  Register for Free Online Acc_dbf84b/input_Zip Code_customer.address.zipCode"), "222"): Text '222' is set on object 'Object Repository/Page_ParaBank  Register for Free Online Acc_dbf84b/input_Zip Code_customer.address.zipCode'

23-10-2024T22:51:43 - [MESSAGE][PASSED] - Text '222' is set on object 'Object Repository/Page_ParaBank  Register for Free Online Acc_dbf84b/input_Zip Code_customer.address.zipCode'

23-10-2024T22:51:43 - [TEST_STEP][PASSED] - setText(findTestObject("Object Repository/Page_ParaBank  Register for Free Online Acc_dbf84b/input_Phone_customer.phoneNumber"), "22332"): Text '22332' is set on object 'Object Repository/Page_ParaBank  Register for Free Online Acc_dbf84b/input_Phone_customer.phoneNumber'

23-10-2024T22:51:44 - [MESSAGE][PASSED] - Text '22332' is set on object 'Object Repository/Page_ParaBank  Register for Free Online Acc_dbf84b/input_Phone_customer.phoneNumber'

23-10-2024T22:51:44 - [TEST_STEP][PASSED] - setText(findTestObject("Object Repository/Page_ParaBank  Register for Free Online Acc_dbf84b/input_SSN_customer.ssn"), ""): Text '' is set on object 'Object Repository/Page_ParaBank  Register for Free Online Acc_dbf84b/input_SSN_customer.ssn'

23-10-2024T22:51:46 - [MESSAGE][PASSED] - Text '' is set on object 'Object Repository/Page_ParaBank  Register for Free Online Acc_dbf84b/input_SSN_customer.ssn'

23-10-2024T22:51:46 - [TEST_STEP][PASSED] - click(findTestObject("Object Repository/Page_ParaBank  Register for Free Online Acc_dbf84b/input_SSN_customer.ssn")): Object: 'Object Repository/Page_ParaBank  Register for Free Online Acc_dbf84b/input_SSN_customer.ssn' is clicked on

23-10-2024T22:51:47 - [MESSAGE][PASSED] - Object: 'Object Repository/Page_ParaBank  Register for Free Online Acc_dbf84b/input_SSN_customer.ssn' is clicked on

23-10-2024T22:51:47 - [TEST_STEP][PASSED] - setText(findTestObject("Object Repository/Page_ParaBank  Register for Free Online Acc_dbf84b/input_Username_customer.username"), "test"): Text 'test' is set on object 'Object Repository/Page_ParaBank  Register for Free Online Acc_dbf84b/input_Username_customer.username'

23-10-2024T22:51:49 - [MESSAGE][PASSED] - Text 'test' is set on object 'Object Repository/Page_ParaBank  Register for Free Online Acc_dbf84b/input_Username_customer.username'

23-10-2024T22:51:49 - [TEST_STEP][PASSED] - setEncryptedText(findTestObject("Object Repository/Page_ParaBank  Register for Free Online Acc_dbf84b/input_Password_customer.password"), "P9ET2sDE0SE="): Text ****** has been set on object 'Object Repository/Page_ParaBank  Register for Free Online Acc_dbf84b/input_Password_customer.password'

23-10-2024T22:51:50 - [MESSAGE][PASSED] - Text ****** has been set on object 'Object Repository/Page_ParaBank  Register for Free Online Acc_dbf84b/input_Password_customer.password'

23-10-2024T22:51:50 - [TEST_STEP][PASSED] - setEncryptedText(findTestObject("Object Repository/Page_ParaBank  Register for Free Online Acc_dbf84b/input_Confirm_repeatedPassword"), "P9ET2sDE0SE="): Text ****** has been set on object 'Object Repository/Page_ParaBank  Register for Free Online Acc_dbf84b/input_Confirm_repeatedPassword'

23-10-2024T22:51:51 - [MESSAGE][PASSED] - Text ****** has been set on object 'Object Repository/Page_ParaBank  Register for Free Online Acc_dbf84b/input_Confirm_repeatedPassword'

23-10-2024T22:51:51 - [TEST_STEP][PASSED] - click(findTestObject("Object Repository/Page_ParaBank  Register for Free Online Acc_dbf84b/input_Confirm_button")): Object: 'Object Repository/Page_ParaBank  Register for Free Online Acc_dbf84b/input_Confirm_button' is clicked on

23-10-2024T22:51:54 - [MESSAGE][PASSED] - Object: 'Object Repository/Page_ParaBank  Register for Free Online Acc_dbf84b/input_Confirm_button' is clicked on

23-10-2024T22:51:54 - [TEST_STEP][PASSED] - setText(findTestObject("Object Repository/Page_ParaBank  Register for Free Online Acc_dbf84b/input_Username_username"), "test"): Text 'test' is set on object 'Object Repository/Page_ParaBank  Register for Free Online Acc_dbf84b/input_Username_username'

23-10-2024T22:51:55 - [MESSAGE][PASSED] - Text 'test' is set on object 'Object Repository/Page_ParaBank  Register for Free Online Acc_dbf84b/input_Username_username'

23-10-2024T22:51:55 - [TEST_STEP][PASSED] - setEncryptedText(findTestObject("Object Repository/Page_ParaBank  Register for Free Online Acc_dbf84b/input_Password_password"), "P9ET2sDE0SE="): Text ****** has been set on object 'Object Repository/Page_ParaBank  Register for Free Online Acc_dbf84b/input_Password_password'

23-10-2024T22:51:56 - [MESSAGE][PASSED] - Text ****** has been set on object 'Object Repository/Page_ParaBank  Register for Free Online Acc_dbf84b/input_Password_password'

23-10-2024T22:51:56 - [TEST_STEP][PASSED] - click(findTestObject("Object Repository/Page_ParaBank  Register for Free Online Acc_dbf84b/input_Password_button")): Object: 'Object Repository/Page_ParaBank  Register for Free Online Acc_dbf84b/input_Password_button' is clicked on

23-10-2024T22:51:57 - [MESSAGE][PASSED] - Object: 'Object Repository/Page_ParaBank  Register for Free Online Acc_dbf84b/input_Password_button' is clicked on

23-10-2024T22:51:57 - [TEST_STEP][PASSED] - verifyElementVisible(findTestObject("Object Repository/Page_ParaBank  Error/p_The username and password could not be verified")): Object 'Object Repository/Page_ParaBank  Error/p_The username and password could not be verified' is visible

23-10-2024T22:51:58 - [MESSAGE][PASSED] - Object 'Object Repository/Page_ParaBank  Error/p_The username and password could not be verified' is visible]]></system-out>
         <system-err><![CDATA[]]></system-err>
      </testcase>
      <system-out><![CDATA[23-10-2024T22:51:18 - [TEST_SUITE][PASSED] - ParaBankTestSuite: Test Cases/ParaBank]]></system-out>
      <system-err><![CDATA[]]></system-err>
   </testsuite>
</testsuites>
