<?xml version="1.0" encoding="UTF-8"?>
<testsuites name="tc43suite" time="50.353" tests="1" failures="0" errors="0">
   <testsuite name="tc43suite" tests="1" failures="0" errors="0" time="50.353" skipped="0" timestamp="23-10-2024T00:20:51" hostname="Anoop_G - 192.168.1.39" id="Test Suites/tc43suite">
      <properties>
         <property name="deviceName" value=""/>
         <property name="devicePlatform"/>
         <property name="logFolder" value="C:\\Users\\Anoop_G\\git\\GitKatalonIntegration\\GitKatalonIntegration\\Reports\\20241023_002033\\tc43suite\\20241023_002033"/>
         <property name="logFiles" value="C:\\Users\\Anoop_G\\git\\GitKatalonIntegration\\GitKatalonIntegration\\Reports\\20241023_002033\\tc43suite\\20241023_002033\\execution0.log"/>
         <property name="attachments" value=""/>
         <property name="hostName" value="Anoop_G - 192.168.1.39"/>
         <property name="os" value="Windows 11 64bit"/>
         <property name="katalonVersion" value="9.7.2.223"/>
         <property name="browser" value="Chrome 130.0.0.0"/>
         <property name="hostAddress" value="192.168.1.39"/>
         <property name="sessionId" value="cc64f39c8cd3b503faa9495bb2610084"/>
         <property name="seleniumVersion" value="3.141.59"/>
         <property name="proxyInformation" value="ProxyInformation { proxyOption=NO_PROXY, proxyServerType=HTTP, username=, password=********, proxyServerAddress=, proxyServerPort=0, executionList=&quot;&quot;, isApplyToDesiredCapabilities=true }"/>
         <property name="platform" value="Windows 11"/>
      </properties>
      <testcase name="Test Cases/tc46" time="48.928" classname="Test Cases/tc46" status="PASSED">
         <system-out><![CDATA[23-10-2024T00:20:53 - [TEST_CASE][PASSED] - Test Cases/tc46: Test Cases/tc46

23-10-2024T00:20:56 - [TEST_STEP][PASSED] - openBrowser(""): Browser is opened with url: ''

23-10-2024T00:20:59 - [MESSAGE][INFO] - Starting 'Chrome' driver

23-10-2024T00:20:59 - [MESSAGE][INFO] - Action delay is set to 0 milliseconds

23-10-2024T00:21:27 - [MESSAGE][PASSED] - Browser is opened with url: ''

23-10-2024T00:21:27 - [TEST_STEP][PASSED] - navigateToUrl("https://petstore.octoperf.com/actions/Catalog.action"): Navigate to 'https://petstore.octoperf.com/actions/Catalog.action' successfully

23-10-2024T00:21:30 - [MESSAGE][PASSED] - Navigate to 'https://petstore.octoperf.com/actions/Catalog.action' successfully

23-10-2024T00:21:30 - [TEST_STEP][PASSED] - click(findTestObject("Object Repository/Page_JPetStore Demo/img")): Object: 'Object Repository/Page_JPetStore Demo/img' is clicked on

23-10-2024T00:21:32 - [MESSAGE][PASSED] - Object: 'Object Repository/Page_JPetStore Demo/img' is clicked on

23-10-2024T00:21:32 - [TEST_STEP][PASSED] - click(findTestObject("Object Repository/Page_JPetStore Demo/a_FI-SW-01")): Object: 'Object Repository/Page_JPetStore Demo/a_FI-SW-01' is clicked on

23-10-2024T00:21:33 - [MESSAGE][PASSED] - Object: 'Object Repository/Page_JPetStore Demo/a_FI-SW-01' is clicked on

23-10-2024T00:21:33 - [TEST_STEP][PASSED] - click(findTestObject("Object Repository/Page_JPetStore Demo/a_Add to Cart")): Object: 'Object Repository/Page_JPetStore Demo/a_Add to Cart' is clicked on

23-10-2024T00:21:35 - [MESSAGE][PASSED] - Object: 'Object Repository/Page_JPetStore Demo/a_Add to Cart' is clicked on

23-10-2024T00:21:35 - [TEST_STEP][PASSED] - click(findTestObject("Object Repository/Page_JPetStore Demo/a_Return to Main Menu")): Object: 'Object Repository/Page_JPetStore Demo/a_Return to Main Menu' is clicked on

23-10-2024T00:21:36 - [MESSAGE][PASSED] - Object: 'Object Repository/Page_JPetStore Demo/a_Return to Main Menu' is clicked on

23-10-2024T00:21:36 - [TEST_STEP][PASSED] - click(findTestObject("Object Repository/Page_JPetStore Demo/img_1")): Object: 'Object Repository/Page_JPetStore Demo/img_1' is clicked on

23-10-2024T00:21:38 - [MESSAGE][PASSED] - Object: 'Object Repository/Page_JPetStore Demo/img_1' is clicked on

23-10-2024T00:21:38 - [TEST_STEP][PASSED] - click(findTestObject("Object Repository/Page_JPetStore Demo/a_K9-DL-01")): Object: 'Object Repository/Page_JPetStore Demo/a_K9-DL-01' is clicked on

23-10-2024T00:21:40 - [MESSAGE][PASSED] - Object: 'Object Repository/Page_JPetStore Demo/a_K9-DL-01' is clicked on

23-10-2024T00:21:40 - [TEST_STEP][PASSED] - click(findTestObject("Object Repository/Page_JPetStore Demo/a_EST-10")): Object: 'Object Repository/Page_JPetStore Demo/a_EST-10' is clicked on

23-10-2024T00:21:41 - [MESSAGE][PASSED] - Object: 'Object Repository/Page_JPetStore Demo/a_EST-10' is clicked on

23-10-2024T00:21:41 - [TEST_STEP][PASSED] - verifyElementPresent(findTestObject("Object Repository/Page_JPetStore Demo/font_Spotted Adult Female  Dalmation"), 0): Object 'Object Repository/Page_JPetStore Demo/font_Spotted Adult Female  Dalmation' is present

23-10-2024T00:21:41 - [MESSAGE][WARNING] - Timeout '0' is invalid. Using default page load timeout: '30'

23-10-2024T00:21:42 - [MESSAGE][PASSED] - Object 'Object Repository/Page_JPetStore Demo/font_Spotted Adult Female  Dalmation' is present]]></system-out>
         <system-err><![CDATA[]]></system-err>
      </testcase>
      <system-out><![CDATA[23-10-2024T00:20:51 - [TEST_SUITE][PASSED] - tc43suite: Test Cases/tc46]]></system-out>
      <system-err><![CDATA[]]></system-err>
   </testsuite>
</testsuites>
