<?xml version="1.0" encoding="UTF-8"?>
<testsuites name="keywordSuite1" time="35.337" tests="1" failures="0" errors="0">
   <testsuite name="keywordSuite1" tests="1" failures="0" errors="0" time="35.337" skipped="0" timestamp="24-10-2024T00:11:26" hostname="Anoop_G - 192.168.1.39" id="Test Suites/keywordSuite1">
      <properties>
         <property name="deviceName" value=""/>
         <property name="devicePlatform"/>
         <property name="logFolder" value="C:\\Users\\Anoop_G\\git\\GitKatalonIntegration\\GitKatalonIntegration\\Reports\\20241024_001112\\keywordSuite1\\20241024_001112"/>
         <property name="logFiles" value="C:\\Users\\Anoop_G\\git\\GitKatalonIntegration\\GitKatalonIntegration\\Reports\\20241024_001112\\keywordSuite1\\20241024_001112\\execution0.log"/>
         <property name="attachments" value=""/>
         <property name="hostName" value="Anoop_G - 192.168.1.39"/>
         <property name="os" value="Windows 11 64bit"/>
         <property name="katalonVersion" value="9.7.2.223"/>
         <property name="browser" value="Chrome 130.0.0.0"/>
         <property name="hostAddress" value="192.168.1.39"/>
         <property name="sessionId" value="c411565eef1c1a9ebbc8a7dee86af589"/>
         <property name="seleniumVersion" value="3.141.59"/>
         <property name="proxyInformation" value="ProxyInformation { proxyOption=NO_PROXY, proxyServerType=HTTP, username=, password=********, proxyServerAddress=, proxyServerPort=0, executionList=&quot;&quot;, isApplyToDesiredCapabilities=true }"/>
         <property name="platform" value="Windows 11"/>
      </properties>
      <testcase name="Test Cases/Keywordcases/createPIM_orange" time="32.279" classname="Test Cases/Keywordcases/createPIM_orange" status="PASSED">
         <system-out><![CDATA[24-10-2024T00:11:29 - [TEST_CASE][PASSED] - Test Cases/Keywordcases/createPIM_orange: Test Cases/Keywordcases/createPIM_orange

24-10-2024T00:11:30 - [TEST_STEP][PASSED] - openBrowser(""): Browser is opened with url: ''

24-10-2024T00:11:31 - [MESSAGE][INFO] - Starting 'Chrome' driver

24-10-2024T00:11:32 - [MESSAGE][INFO] - Action delay is set to 0 milliseconds

24-10-2024T00:11:37 - [MESSAGE][PASSED] - Browser is opened with url: ''

24-10-2024T00:11:37 - [TEST_STEP][PASSED] - navigateToUrl("https://opensource-demo.orangehrmlive.com/web/index.php/auth/login"): Navigate to 'https://opensource-demo.orangehrmlive.com/web/index.php/auth/login' successfully

24-10-2024T00:11:44 - [MESSAGE][PASSED] - Navigate to 'https://opensource-demo.orangehrmlive.com/web/index.php/auth/login' successfully

24-10-2024T00:11:44 - [TEST_STEP][PASSED] - setText(findTestObject("Object Repository/Page_OrangeHRM/input_Username_username"), "Admin"): Text 'Admin' is set on object 'Object Repository/Page_OrangeHRM/input_Username_username'

24-10-2024T00:11:46 - [MESSAGE][PASSED] - Text 'Admin' is set on object 'Object Repository/Page_OrangeHRM/input_Username_username'

24-10-2024T00:11:46 - [TEST_STEP][PASSED] - setEncryptedText(findTestObject("Object Repository/Page_OrangeHRM/input_Password_password"), "hUKwJTbofgPU9eVlw/CnDQ=="): Text ****** has been set on object 'Object Repository/Page_OrangeHRM/input_Password_password'

24-10-2024T00:11:47 - [MESSAGE][PASSED] - Text ****** has been set on object 'Object Repository/Page_OrangeHRM/input_Password_password'

24-10-2024T00:11:47 - [TEST_STEP][PASSED] - click(findTestObject("Object Repository/Page_OrangeHRM/button_Login")): Object: 'Object Repository/Page_OrangeHRM/button_Login' is clicked on

24-10-2024T00:11:49 - [MESSAGE][PASSED] - Object: 'Object Repository/Page_OrangeHRM/button_Login' is clicked on

24-10-2024T00:11:49 - [TEST_STEP][PASSED] - click(findTestObject("Object Repository/Page_OrangeHRM/a_PIM")): Object: 'Object Repository/Page_OrangeHRM/a_PIM' is clicked on

24-10-2024T00:11:53 - [MESSAGE][PASSED] - Object: 'Object Repository/Page_OrangeHRM/a_PIM' is clicked on

24-10-2024T00:11:53 - [TEST_STEP][PASSED] - click(findTestObject("Object Repository/Page_OrangeHRM/li_Add Employee")): Object: 'Object Repository/Page_OrangeHRM/li_Add Employee' is clicked on

24-10-2024T00:11:56 - [MESSAGE][PASSED] - Object: 'Object Repository/Page_OrangeHRM/li_Add Employee' is clicked on

24-10-2024T00:11:56 - [TEST_STEP][PASSED] - setText(findTestObject("Object Repository/Page_OrangeHRM/input_Employee Full Name_firstName"), "sree"): Text 'sree' is set on object 'Object Repository/Page_OrangeHRM/input_Employee Full Name_firstName'

24-10-2024T00:11:58 - [MESSAGE][PASSED] - Text 'sree' is set on object 'Object Repository/Page_OrangeHRM/input_Employee Full Name_firstName'

24-10-2024T00:11:58 - [TEST_STEP][PASSED] - setText(findTestObject("Object Repository/Page_OrangeHRM/input_Employee Full Name_lastName"), "s"): Text 's' is set on object 'Object Repository/Page_OrangeHRM/input_Employee Full Name_lastName'

24-10-2024T00:12:00 - [MESSAGE][PASSED] - Text 's' is set on object 'Object Repository/Page_OrangeHRM/input_Employee Full Name_lastName'

24-10-2024T00:12:00 - [TEST_STEP][PASSED] - click(findTestObject("Object Repository/Page_OrangeHRM/button_Save")): Object: 'Object Repository/Page_OrangeHRM/button_Save' is clicked on

24-10-2024T00:12:01 - [MESSAGE][PASSED] - Object: 'Object Repository/Page_OrangeHRM/button_Save' is clicked on

24-10-2024T00:12:01 - [TEST_STEP][PASSED] - com.test.pack1.customfunctionipm.createuser(): com.test.pack1.customfunctionipm.createuser is PASSED

24-10-2024T00:12:01 - [MESSAGE][PASSED] - com.test.pack1.customfunctionipm.createuser is PASSED]]></system-out>
         <system-err><![CDATA[]]></system-err>
      </testcase>
      <system-out><![CDATA[24-10-2024T00:11:26 - [TEST_SUITE][PASSED] - keywordSuite1: Test Cases/Keywordcases/createPIM_orange]]></system-out>
      <system-err><![CDATA[]]></system-err>
   </testsuite>
</testsuites>
