<?xml version="1.0" encoding="UTF-8"?>
<testsuites name="tc46suite" time="25.916" tests="1" failures="0" errors="0">
   <testsuite name="tc46suite" tests="1" failures="0" errors="0" time="25.916" skipped="0" timestamp="23-10-2024T23:52:17" hostname="Anoop_G - 192.168.1.39" id="Test Suites/tc46suite">
      <properties>
         <property name="deviceName" value=""/>
         <property name="devicePlatform"/>
         <property name="logFolder" value="C:\\Users\\Anoop_G\\git\\GitKatalonIntegration\\GitKatalonIntegration\\Reports\\20241023_235203\\tc46suite\\20241023_235203"/>
         <property name="logFiles" value="C:\\Users\\Anoop_G\\git\\GitKatalonIntegration\\GitKatalonIntegration\\Reports\\20241023_235203\\tc46suite\\20241023_235203\\execution0.log"/>
         <property name="attachments" value=""/>
         <property name="hostName" value="Anoop_G - 192.168.1.39"/>
         <property name="os" value="Windows 11 64bit"/>
         <property name="katalonVersion" value="9.7.2.223"/>
         <property name="browser" value="Chrome 130.0.0.0"/>
         <property name="hostAddress" value="192.168.1.39"/>
         <property name="sessionId" value="c50a837e5e4673e4c62888d6903939f9"/>
         <property name="seleniumVersion" value="3.141.59"/>
         <property name="proxyInformation" value="ProxyInformation { proxyOption=NO_PROXY, proxyServerType=HTTP, username=, password=********, proxyServerAddress=, proxyServerPort=0, executionList=&quot;&quot;, isApplyToDesiredCapabilities=true }"/>
         <property name="platform" value="Windows 11"/>
      </properties>
      <testcase name="Test Cases/tc46" time="22.929" classname="Test Cases/tc46" status="PASSED">
         <system-out><![CDATA[23-10-2024T23:52:20 - [TEST_CASE][PASSED] - Test Cases/tc46: Test Cases/tc46

23-10-2024T23:52:22 - [TEST_STEP][PASSED] - openBrowser(""): Browser is opened with url: ''

23-10-2024T23:52:23 - [MESSAGE][INFO] - Starting 'Chrome' driver

23-10-2024T23:52:24 - [MESSAGE][INFO] - Action delay is set to 0 milliseconds

23-10-2024T23:52:29 - [MESSAGE][PASSED] - Browser is opened with url: ''

23-10-2024T23:52:29 - [TEST_STEP][PASSED] - navigateToUrl("https://petstore.octoperf.com/actions/Catalog.action"): Navigate to 'https://petstore.octoperf.com/actions/Catalog.action' successfully

23-10-2024T23:52:33 - [MESSAGE][PASSED] - Navigate to 'https://petstore.octoperf.com/actions/Catalog.action' successfully

23-10-2024T23:52:33 - [TEST_STEP][PASSED] - click(findTestObject("Object Repository/Page_JPetStore Demo/img")): Object: 'Object Repository/Page_JPetStore Demo/img' is clicked on

23-10-2024T23:52:35 - [MESSAGE][PASSED] - Object: 'Object Repository/Page_JPetStore Demo/img' is clicked on

23-10-2024T23:52:35 - [TEST_STEP][PASSED] - click(findTestObject("Object Repository/Page_JPetStore Demo/a_FI-SW-01")): Object: 'Object Repository/Page_JPetStore Demo/a_FI-SW-01' is clicked on

23-10-2024T23:52:36 - [MESSAGE][PASSED] - Object: 'Object Repository/Page_JPetStore Demo/a_FI-SW-01' is clicked on

23-10-2024T23:52:36 - [TEST_STEP][PASSED] - click(findTestObject("Object Repository/Page_JPetStore Demo/a_Add to Cart")): Object: 'Object Repository/Page_JPetStore Demo/a_Add to Cart' is clicked on

23-10-2024T23:52:37 - [MESSAGE][PASSED] - Object: 'Object Repository/Page_JPetStore Demo/a_Add to Cart' is clicked on

23-10-2024T23:52:37 - [TEST_STEP][PASSED] - click(findTestObject("Object Repository/Page_JPetStore Demo/a_Return to Main Menu")): Object: 'Object Repository/Page_JPetStore Demo/a_Return to Main Menu' is clicked on

23-10-2024T23:52:38 - [MESSAGE][PASSED] - Object: 'Object Repository/Page_JPetStore Demo/a_Return to Main Menu' is clicked on

23-10-2024T23:52:38 - [TEST_STEP][PASSED] - click(findTestObject("Object Repository/Page_JPetStore Demo/img_1")): Object: 'Object Repository/Page_JPetStore Demo/img_1' is clicked on

23-10-2024T23:52:39 - [MESSAGE][PASSED] - Object: 'Object Repository/Page_JPetStore Demo/img_1' is clicked on

23-10-2024T23:52:39 - [TEST_STEP][PASSED] - click(findTestObject("Object Repository/Page_JPetStore Demo/a_K9-DL-01")): Object: 'Object Repository/Page_JPetStore Demo/a_K9-DL-01' is clicked on

23-10-2024T23:52:41 - [MESSAGE][PASSED] - Object: 'Object Repository/Page_JPetStore Demo/a_K9-DL-01' is clicked on

23-10-2024T23:52:41 - [TEST_STEP][PASSED] - click(findTestObject("Object Repository/Page_JPetStore Demo/a_EST-10")): Object: 'Object Repository/Page_JPetStore Demo/a_EST-10' is clicked on

23-10-2024T23:52:43 - [MESSAGE][PASSED] - Object: 'Object Repository/Page_JPetStore Demo/a_EST-10' is clicked on

23-10-2024T23:52:43 - [TEST_STEP][PASSED] - verifyElementPresent(findTestObject("Object Repository/Page_JPetStore Demo/font_Spotted Adult Female  Dalmation"), 0): Object 'Object Repository/Page_JPetStore Demo/font_Spotted Adult Female  Dalmation' is present

23-10-2024T23:52:43 - [MESSAGE][WARNING] - Timeout '0' is invalid. Using default page load timeout: '30'

23-10-2024T23:52:43 - [MESSAGE][PASSED] - Object 'Object Repository/Page_JPetStore Demo/font_Spotted Adult Female  Dalmation' is present]]></system-out>
         <system-err><![CDATA[]]></system-err>
      </testcase>
      <system-out><![CDATA[23-10-2024T23:52:17 - [TEST_SUITE][PASSED] - tc46suite: Test Cases/tc46]]></system-out>
      <system-err><![CDATA[]]></system-err>
   </testsuite>
</testsuites>
