<?xml version="1.0" encoding="UTF-8"?>
<testsuites name="CuraHealthSelfHealingPwd" time="50.077" tests="1" failures="0" errors="0">
   <testsuite name="CuraPwdSelfhealTry" tests="1" failures="0" errors="0" time="23.79" skipped="0" timestamp="23-10-2024T00:31:37" hostname="Anoop_G - 192.168.1.39" id="Test Suites/CuraPwdSelfhealTry">
      <properties>
         <property name="deviceName" value=""/>
         <property name="devicePlatform"/>
         <property name="logFolder" value="C:\\Users\\Anoop_G\\git\\GitKatalonIntegration\\GitKatalonIntegration\\Reports\\20241023_003117\\CuraPwdSelfhealTry\\20241023_003118"/>
         <property name="logFiles" value="C:\\Users\\Anoop_G\\git\\GitKatalonIntegration\\GitKatalonIntegration\\Reports\\20241023_003117\\CuraPwdSelfhealTry\\20241023_003118\\execution0.log"/>
         <property name="attachments" value=""/>
         <property name="hostName" value="Anoop_G - 192.168.1.39"/>
         <property name="os" value="Windows 11 64bit"/>
         <property name="katalonVersion" value="9.7.2.223"/>
         <property name="browser" value="Chrome 130.0.0.0"/>
         <property name="hostAddress" value="192.168.1.39"/>
         <property name="sessionId" value="906d1b8aea135e5bc49b5be3ddf0fc9d"/>
         <property name="seleniumVersion" value="3.141.59"/>
         <property name="proxyInformation" value="ProxyInformation { proxyOption=NO_PROXY, proxyServerType=HTTP, username=, password=********, proxyServerAddress=, proxyServerPort=0, executionList=&quot;&quot;, isApplyToDesiredCapabilities=true }"/>
         <property name="platform" value="Windows 11"/>
      </properties>
      <testcase name="Test Cases/TC2_CuraHealth_SelfHeal" time="22.252" classname="Test Cases/TC2_CuraHealth_SelfHeal" status="PASSED">
         <system-out><![CDATA[23-10-2024T00:31:38 - [TEST_CASE][PASSED] - Test Cases/TC2_CuraHealth_SelfHeal: Test Cases/TC2_CuraHealth_SelfHeal

23-10-2024T00:31:40 - [TEST_STEP][PASSED] - openBrowser(""): Browser is opened with url: ''

23-10-2024T00:31:41 - [MESSAGE][INFO] - Starting 'Chrome' driver

23-10-2024T00:31:41 - [MESSAGE][INFO] - Action delay is set to 0 milliseconds

23-10-2024T00:31:47 - [MESSAGE][PASSED] - Browser is opened with url: ''

23-10-2024T00:31:47 - [TEST_STEP][PASSED] - navigateToUrl("https://katalon-demo-cura.herokuapp.com/"): Navigate to 'https://katalon-demo-cura.herokuapp.com/' successfully

23-10-2024T00:31:52 - [MESSAGE][PASSED] - Navigate to 'https://katalon-demo-cura.herokuapp.com/' successfully

23-10-2024T00:31:52 - [TEST_STEP][PASSED] - click(findTestObject("Object Repository/Page_CURA Healthcare Service/a_Make Appointment")): Object: 'Object Repository/Page_CURA Healthcare Service/a_Make Appointment' is clicked on

23-10-2024T00:31:55 - [MESSAGE][PASSED] - Object: 'Object Repository/Page_CURA Healthcare Service/a_Make Appointment' is clicked on

23-10-2024T00:31:55 - [TEST_STEP][PASSED] - username = findTestObject("Object Repository/Page_CURA Healthcare Service/input_Username_username"): null

23-10-2024T00:31:55 - [TEST_STEP][PASSED] - setText(username, "John Doe"): Text 'John Doe' is set on object 'Object Repository/Page_CURA Healthcare Service/input_Username_username'

23-10-2024T00:31:57 - [MESSAGE][PASSED] - Text 'John Doe' is set on object 'Object Repository/Page_CURA Healthcare Service/input_Username_username'

23-10-2024T00:31:57 - [TEST_STEP][PASSED] - verifyElementPresent(username, 5): Object 'Object Repository/Page_CURA Healthcare Service/input_Username_username' is present

23-10-2024T00:31:57 - [MESSAGE][PASSED] - Object 'Object Repository/Page_CURA Healthcare Service/input_Username_username' is present

23-10-2024T00:31:57 - [TEST_STEP][PASSED] - setText(findTestObject("Object Repository/Page_CURA Healthcare Service/input_Password_password"), "ThisIsNotAPassword"): Text 'ThisIsNotAPassword' is set on object 'Object Repository/Page_CURA Healthcare Service/input_Password_password'

23-10-2024T00:31:58 - [MESSAGE][PASSED] - Text 'ThisIsNotAPassword' is set on object 'Object Repository/Page_CURA Healthcare Service/input_Password_password'

23-10-2024T00:31:58 - [TEST_STEP][PASSED] - click(findTestObject("Page_CURA Healthcare Service/button_Login")): Object: 'Object Repository/Page_CURA Healthcare Service/button_Login' is clicked on

23-10-2024T00:32:00 - [MESSAGE][PASSED] - Object: 'Object Repository/Page_CURA Healthcare Service/button_Login' is clicked on

23-10-2024T00:32:00 - [TEST_STEP][PASSED] - verifyElementPresent(findTestObject("Object Repository/Page_CURA Healthcare Service/textMake_Appointment"), 0): Object 'Object Repository/Page_CURA Healthcare Service/textMake_Appointment' is present

23-10-2024T00:32:00 - [MESSAGE][WARNING] - Timeout '0' is invalid. Using default page load timeout: '30'

23-10-2024T00:32:01 - [MESSAGE][PASSED] - Object 'Object Repository/Page_CURA Healthcare Service/textMake_Appointment' is present]]></system-out>
         <system-err><![CDATA[]]></system-err>
      </testcase>
      <system-out><![CDATA[23-10-2024T00:31:37 - [TEST_SUITE][PASSED] - CuraPwdSelfhealTry: Test Cases/TC2_CuraHealth_SelfHeal]]></system-out>
      <system-err><![CDATA[]]></system-err>
   </testsuite>
</testsuites>
