<?xml version="1.0" encoding="UTF-8"?>
<testsuites name="AISuiteSet" time="37.164" tests="2" failures="0" errors="0">
   <testsuite name="AISuiteSet" tests="2" failures="0" errors="0" time="37.164" skipped="0" timestamp="21-10-2024T19:48:25" hostname="Anoop_G - 192.168.1.39" id="Test Suites/AISuiteSet">
      <properties>
         <property name="deviceName" value=""/>
         <property name="devicePlatform"/>
         <property name="logFolder" value="C:\\Users\\Anoop_G\\git\\GitKatalonIntegration\\GitKatalonIntegration\\Reports\\20241021_194754\\AISuiteSet\\20241021_194754"/>
         <property name="logFiles" value="C:\\Users\\Anoop_G\\git\\GitKatalonIntegration\\GitKatalonIntegration\\Reports\\20241021_194754\\AISuiteSet\\20241021_194754\\execution0.log"/>
         <property name="attachments" value=""/>
         <property name="hostName" value="Anoop_G - 192.168.1.39"/>
         <property name="os" value="Windows 11 64bit"/>
         <property name="katalonVersion" value="9.7.2.223"/>
         <property name="browser" value="Chrome 130.0.0.0"/>
         <property name="hostAddress" value="192.168.1.39"/>
         <property name="sessionId" value="16765c535ac1fbac0a38d05063998344"/>
         <property name="seleniumVersion" value="3.141.59"/>
         <property name="proxyInformation" value="ProxyInformation { proxyOption=NO_PROXY, proxyServerType=HTTP, username=, password=********, proxyServerAddress=, proxyServerPort=0, executionList=&quot;&quot;, isApplyToDesiredCapabilities=true }"/>
         <property name="platform" value="Windows 11"/>
      </properties>
      <testcase name="Test Cases/AI5" time="18.412" classname="Test Cases/AI5" status="PASSED">
         <system-out><![CDATA[21-10-2024T19:48:25 - [TEST_CASE][PASSED] - Test Cases/AI5: Test Cases/AI5

21-10-2024T19:48:26 - [TEST_STEP][PASSED] - openBrowser(""): Browser is opened with url: ''

21-10-2024T19:48:28 - [MESSAGE][INFO] - Starting 'Chrome' driver

21-10-2024T19:48:28 - [MESSAGE][INFO] - Action delay is set to 0 milliseconds

21-10-2024T19:48:34 - [MESSAGE][PASSED] - Browser is opened with url: ''

21-10-2024T19:48:34 - [TEST_STEP][PASSED] - navigateToUrl("https://katalon-demo-cura.herokuapp.com/"): Navigate to 'https://katalon-demo-cura.herokuapp.com/' successfully

21-10-2024T19:48:36 - [MESSAGE][PASSED] - Navigate to 'https://katalon-demo-cura.herokuapp.com/' successfully

21-10-2024T19:48:36 - [TEST_STEP][PASSED] - click(findTestObject("Page_CURA Healthcare Service/a_CURA Healthcare_menu-toggle")): Object: 'Object Repository/Page_CURA Healthcare Service/a_CURA Healthcare_menu-toggle' is clicked on

21-10-2024T19:48:42 - [MESSAGE][PASSED] - Object: 'Object Repository/Page_CURA Healthcare Service/a_CURA Healthcare_menu-toggle' is clicked on

21-10-2024T19:48:42 - [TEST_STEP][PASSED] - click(findTestObject("Object Repository/Page_CURA Healthcare Service/a_Home")): Object: 'Object Repository/Page_CURA Healthcare Service/a_Home' is clicked on

21-10-2024T19:48:43 - [MESSAGE][PASSED] - Object: 'Object Repository/Page_CURA Healthcare Service/a_Home' is clicked on

21-10-2024T19:48:43 - [TEST_STEP][PASSED] - verifyElementPresent(findTestObject("Object Repository/Page_CURA Healthcare Service/h1_CURA Healthcare Service"), 0): Object 'Object Repository/Page_CURA Healthcare Service/h1_CURA Healthcare Service' is present

21-10-2024T19:48:44 - [MESSAGE][WARNING] - Timeout '0' is invalid. Using default page load timeout: '30'

21-10-2024T19:48:44 - [MESSAGE][PASSED] - Object 'Object Repository/Page_CURA Healthcare Service/h1_CURA Healthcare Service' is present]]></system-out>
         <system-err><![CDATA[]]></system-err>
      </testcase>
      <testcase name="Test Cases/AI6" time="17.894" classname="Test Cases/AI6" status="PASSED">
         <system-out><![CDATA[21-10-2024T19:48:44 - [TEST_CASE][PASSED] - Test Cases/AI6: Test Cases/AI6

21-10-2024T19:48:45 - [TEST_STEP][PASSED] - openBrowser(""): Browser is opened with url: ''

21-10-2024T19:48:45 - [MESSAGE][WARNING] - A browser is already opened. Closing browser and opening a new one

21-10-2024T19:48:46 - [MESSAGE][INFO] - Starting 'Chrome' driver

21-10-2024T19:48:46 - [MESSAGE][INFO] - Action delay is set to 0 milliseconds

21-10-2024T19:48:49 - [MESSAGE][PASSED] - Browser is opened with url: ''

21-10-2024T19:48:49 - [TEST_STEP][PASSED] - navigateToUrl("https://katalon-demo-cura.herokuapp.com/"): Navigate to 'https://katalon-demo-cura.herokuapp.com/' successfully

21-10-2024T19:48:51 - [MESSAGE][PASSED] - Navigate to 'https://katalon-demo-cura.herokuapp.com/' successfully

21-10-2024T19:48:51 - [TEST_STEP][PASSED] - click(findTestObject("Page_CURA Healthcare Service/a_CURA Healthcare_menu-toggle")): Object: 'Object Repository/Page_CURA Healthcare Service/a_CURA Healthcare_menu-toggle' is clicked on

21-10-2024T19:48:53 - [MESSAGE][PASSED] - Object: 'Object Repository/Page_CURA Healthcare Service/a_CURA Healthcare_menu-toggle' is clicked on

21-10-2024T19:48:53 - [TEST_STEP][PASSED] - click(findTestObject("Object Repository/Page_CURA Healthcare Service/a_Home")): Object: 'Object Repository/Page_CURA Healthcare Service/a_Home' is clicked on

21-10-2024T19:48:54 - [MESSAGE][PASSED] - Object: 'Object Repository/Page_CURA Healthcare Service/a_Home' is clicked on

21-10-2024T19:48:54 - [TEST_STEP][PASSED] - verifyElementPresent(findTestObject("Object Repository/Page_CURA Healthcare Service/h1_CURA Healthcare Service"), 0): Object 'Object Repository/Page_CURA Healthcare Service/h1_CURA Healthcare Service' is present

21-10-2024T19:48:55 - [MESSAGE][WARNING] - Timeout '0' is invalid. Using default page load timeout: '30'

21-10-2024T19:48:55 - [MESSAGE][PASSED] - Object 'Object Repository/Page_CURA Healthcare Service/h1_CURA Healthcare Service' is present

21-10-2024T19:48:55 - [TEST_STEP][PASSED] - click(findTestObject("Object Repository/Page_CURA Healthcare Service/a_Make Appointment")): Object: 'Object Repository/Page_CURA Healthcare Service/a_Make Appointment' is clicked on

21-10-2024T19:48:56 - [MESSAGE][PASSED] - Object: 'Object Repository/Page_CURA Healthcare Service/a_Make Appointment' is clicked on

21-10-2024T19:48:56 - [TEST_STEP][PASSED] - click(findTestObject("Object Repository/Page_CURA Healthcare Service/a_CURA Healthcare_menu-toggle")): Object: 'Object Repository/Page_CURA Healthcare Service/a_CURA Healthcare_menu-toggle' is clicked on

21-10-2024T19:48:57 - [MESSAGE][PASSED] - Object: 'Object Repository/Page_CURA Healthcare Service/a_CURA Healthcare_menu-toggle' is clicked on

21-10-2024T19:48:57 - [TEST_STEP][PASSED] - click(findTestObject("Object Repository/Page_CURA Healthcare Service/a_Home")): Object: 'Object Repository/Page_CURA Healthcare Service/a_Home' is clicked on

21-10-2024T19:48:58 - [MESSAGE][PASSED] - Object: 'Object Repository/Page_CURA Healthcare Service/a_Home' is clicked on

21-10-2024T19:48:58 - [TEST_STEP][PASSED] - click(findTestObject("Object Repository/Page_CURA Healthcare Service/a_Make Appointment")): Object: 'Object Repository/Page_CURA Healthcare Service/a_Make Appointment' is clicked on

21-10-2024T19:48:59 - [MESSAGE][PASSED] - Object: 'Object Repository/Page_CURA Healthcare Service/a_Make Appointment' is clicked on

21-10-2024T19:48:59 - [TEST_STEP][PASSED] - setText(findTestObject("Object Repository/Page_CURA Healthcare Service/input_Username_username"), "twstsd"): Text 'twstsd' is set on object 'Object Repository/Page_CURA Healthcare Service/input_Username_username'

21-10-2024T19:49:01 - [MESSAGE][PASSED] - Text 'twstsd' is set on object 'Object Repository/Page_CURA Healthcare Service/input_Username_username'

21-10-2024T19:49:01 - [TEST_STEP][PASSED] - click(findTestObject("Object Repository/Page_CURA Healthcare Service/input_Username_username")): Object: 'Object Repository/Page_CURA Healthcare Service/input_Username_username' is clicked on

21-10-2024T19:49:02 - [MESSAGE][PASSED] - Object: 'Object Repository/Page_CURA Healthcare Service/input_Username_username' is clicked on]]></system-out>
         <system-err><![CDATA[]]></system-err>
      </testcase>
      <system-out><![CDATA[21-10-2024T19:48:25 - [TEST_SUITE][PASSED] - AISuiteSet: Test Cases/AI6]]></system-out>
      <system-err><![CDATA[]]></system-err>
   </testsuite>
</testsuites>
