<?xml version="1.0" encoding="UTF-8"?>
<testsuites name="AISuite" time="39.563" tests="3" failures="0" errors="0">
   <testsuite name="AISuite" tests="3" failures="0" errors="0" time="39.563" skipped="0" timestamp="24-10-2024T20:14:31" hostname="Anoop_G - 192.168.1.39" id="Test Suites/AISuite">
      <properties>
         <property name="deviceName" value=""/>
         <property name="devicePlatform"/>
         <property name="logFolder" value="C:\\Users\\Anoop_G\\git\\GitKatalonIntegration\\GitKatalonIntegration\\Reports\\20241024_201412\\AISuite\\20241024_201412"/>
         <property name="logFiles" value="C:\\Users\\Anoop_G\\git\\GitKatalonIntegration\\GitKatalonIntegration\\Reports\\20241024_201412\\AISuite\\20241024_201412\\execution0.log"/>
         <property name="attachments" value=""/>
         <property name="hostName" value="Anoop_G - 192.168.1.39"/>
         <property name="os" value="Windows 11 64bit"/>
         <property name="katalonVersion" value="9.7.2.223"/>
         <property name="browser" value="Chrome 130.0.0.0"/>
         <property name="hostAddress" value="192.168.1.39"/>
         <property name="sessionId" value="4a48b2ec1001db3aac9de7fed4a4c077"/>
         <property name="seleniumVersion" value="3.141.59"/>
         <property name="proxyInformation" value="ProxyInformation { proxyOption=NO_PROXY, proxyServerType=HTTP, username=, password=********, proxyServerAddress=, proxyServerPort=0, executionList=&quot;&quot;, isApplyToDesiredCapabilities=true }"/>
         <property name="platform" value="Windows 11"/>
      </properties>
      <testcase name="Test Cases/AI3" time="15.829" classname="Test Cases/AI3" status="PASSED">
         <system-out><![CDATA[24-10-2024T20:14:32 - [TEST_CASE][PASSED] - Test Cases/AI3: Test Cases/AI3

24-10-2024T20:14:33 - [TEST_STEP][PASSED] - openBrowser(""): Browser is opened with url: ''

24-10-2024T20:14:34 - [MESSAGE][INFO] - Starting 'Chrome' driver

24-10-2024T20:14:34 - [MESSAGE][INFO] - Action delay is set to 0 milliseconds

24-10-2024T20:14:40 - [MESSAGE][PASSED] - Browser is opened with url: ''

24-10-2024T20:14:40 - [TEST_STEP][PASSED] - navigateToUrl("https://webflow.com/login"): Navigate to 'https://webflow.com/login' successfully

24-10-2024T20:14:48 - [MESSAGE][PASSED] - Navigate to 'https://webflow.com/login' successfully]]></system-out>
         <system-err><![CDATA[]]></system-err>
      </testcase>
      <testcase name="Test Cases/AI_TC2" time="9.863" classname="Test Cases/AI_TC2" status="PASSED">
         <system-out><![CDATA[24-10-2024T20:14:48 - [TEST_CASE][PASSED] - Test Cases/AI_TC2: Test Cases/AI_TC2

24-10-2024T20:14:48 - [TEST_STEP][PASSED] - openBrowser(""): Browser is opened with url: ''

24-10-2024T20:14:48 - [MESSAGE][WARNING] - A browser is already opened. Closing browser and opening a new one

24-10-2024T20:14:51 - [MESSAGE][INFO] - Starting 'Chrome' driver

24-10-2024T20:14:51 - [MESSAGE][INFO] - Action delay is set to 0 milliseconds

24-10-2024T20:14:54 - [MESSAGE][PASSED] - Browser is opened with url: ''

24-10-2024T20:14:54 - [TEST_STEP][PASSED] - maximizeWindow(): Current window maximized

24-10-2024T20:14:54 - [MESSAGE][PASSED] - Current window maximized

24-10-2024T20:14:54 - [TEST_STEP][PASSED] - navigateToUrl("https://google.com"): Navigate to 'https://google.com' successfully

24-10-2024T20:14:58 - [MESSAGE][PASSED] - Navigate to 'https://google.com' successfully]]></system-out>
         <system-err><![CDATA[]]></system-err>
      </testcase>
      <testcase name="Test Cases/AI4" time="12.943" classname="Test Cases/AI4" status="PASSED">
         <system-out><![CDATA[24-10-2024T20:14:58 - [TEST_CASE][PASSED] - Test Cases/AI4: Test Cases/AI4

24-10-2024T20:14:58 - [TEST_STEP][PASSED] - openBrowser(""): Browser is opened with url: ''

24-10-2024T20:14:58 - [MESSAGE][WARNING] - A browser is already opened. Closing browser and opening a new one

24-10-2024T20:15:03 - [MESSAGE][INFO] - Starting 'Chrome' driver

24-10-2024T20:15:03 - [MESSAGE][INFO] - Action delay is set to 0 milliseconds

24-10-2024T20:15:06 - [MESSAGE][PASSED] - Browser is opened with url: ''

24-10-2024T20:15:06 - [TEST_STEP][PASSED] - maximizeWindow(): Current window maximized

24-10-2024T20:15:07 - [MESSAGE][PASSED] - Current window maximized

24-10-2024T20:15:07 - [TEST_STEP][PASSED] - navigateToUrl("https://rahulshettyacademy.com/client"): Navigate to 'https://rahulshettyacademy.com/client' successfully

24-10-2024T20:15:11 - [MESSAGE][PASSED] - Navigate to 'https://rahulshettyacademy.com/client' successfully]]></system-out>
         <system-err><![CDATA[]]></system-err>
      </testcase>
      <system-out><![CDATA[24-10-2024T20:14:31 - [TEST_SUITE][PASSED] - AISuite: Test Cases/AI4]]></system-out>
      <system-err><![CDATA[]]></system-err>
   </testsuite>
</testsuites>
