<?xml version="1.0" encoding="UTF-8"?>
<testsuites name="ai10ts" time="85.511" tests="1" failures="0" errors="0">
   <testsuite name="ai10ts" tests="1" failures="0" errors="0" time="85.511" skipped="0" timestamp="19-10-2024T22:53:24" hostname="Anoop_G - Anoop-Lap" id="Test Suites/ai10ts">
      <properties>
         <property name="deviceName" value=""/>
         <property name="devicePlatform"/>
         <property name="logFolder" value="C:\\Users\\Anoop_G\\git\\GitKatalonIntegration\\GitKatalonIntegration\\Reports\\20241019_225306\\ai10ts\\20241019_225306"/>
         <property name="logFiles" value="C:\\Users\\Anoop_G\\git\\GitKatalonIntegration\\GitKatalonIntegration\\Reports\\20241019_225306\\ai10ts\\20241019_225306\\execution0.log"/>
         <property name="attachments" value=""/>
         <property name="hostName" value="Anoop_G - Anoop-Lap"/>
         <property name="os" value="Windows 11 64bit"/>
         <property name="katalonVersion" value="9.7.2.223"/>
         <property name="browser" value="Chrome 129.0.0.0"/>
         <property name="hostAddress" value="192.168.1.5"/>
         <property name="sessionId" value="53947182e658cca576baf3d0d840e563"/>
         <property name="seleniumVersion" value="3.141.59"/>
         <property name="proxyInformation" value="ProxyInformation { proxyOption=NO_PROXY, proxyServerType=HTTP, username=, password=********, proxyServerAddress=, proxyServerPort=0, executionList=&quot;&quot;, isApplyToDesiredCapabilities=true }"/>
         <property name="platform" value="Windows 11"/>
      </properties>
      <testcase name="Test Cases/AI10tc" time="84.699" classname="Test Cases/AI10tc" status="PASSED">
         <system-out><![CDATA[19-10-2024T22:53:25 - [TEST_CASE][PASSED] - Test Cases/AI10tc: Test Cases/AI10tc

19-10-2024T22:53:26 - [TEST_STEP][PASSED] - openBrowser(""): Browser is opened with url: ''

19-10-2024T22:53:27 - [MESSAGE][INFO] - Starting 'Chrome' driver

19-10-2024T22:53:27 - [MESSAGE][INFO] - Action delay is set to 0 milliseconds

19-10-2024T22:53:32 - [MESSAGE][PASSED] - Browser is opened with url: ''

19-10-2024T22:53:32 - [TEST_STEP][PASSED] - navigateToUrl("https://www.tutorialspoint.com/index.htm"): Navigate to 'https://www.tutorialspoint.com/index.htm' successfully

19-10-2024T22:53:47 - [MESSAGE][PASSED] - Navigate to 'https://www.tutorialspoint.com/index.htm' successfully

19-10-2024T22:53:47 - [TEST_STEP][PASSED] - click(findTestObject("Object Repository/Page_Quality Tutorials, Video Courses, and _b82182/a_CSS")): Object: 'Object Repository/Page_Quality Tutorials, Video Courses, and _b82182/a_CSS' is clicked on

19-10-2024T22:54:23 - [MESSAGE][PASSED] - Object: 'Object Repository/Page_Quality Tutorials, Video Courses, and _b82182/a_CSS' is clicked on

19-10-2024T22:54:23 - [TEST_STEP][PASSED] - click(findTestObject("Object Repository/Page_CSS Tutorial/a_Discussion")): Object: 'Object Repository/Page_CSS Tutorial/a_Discussion' is clicked on

19-10-2024T22:54:49 - [MESSAGE][PASSED] - Object: 'Object Repository/Page_CSS Tutorial/a_Discussion' is clicked on]]></system-out>
         <system-err><![CDATA[]]></system-err>
      </testcase>
      <system-out><![CDATA[19-10-2024T22:53:24 - [TEST_SUITE][PASSED] - ai10ts: Test Cases/AI10tc]]></system-out>
      <system-err><![CDATA[]]></system-err>
   </testsuite>
</testsuites>
