<?xml version="1.0" encoding="UTF-8"?>
<testsuites name="AISuiteSet" time="32.785" tests="2" failures="0" errors="0">
   <testsuite name="AISuiteSet" tests="2" failures="0" errors="0" time="32.785" skipped="0" timestamp="18-10-2024T23:42:46" hostname="Anoop_G - 192.168.1.38" id="Test Suites/AISuiteSet">
      <properties>
         <property name="deviceName" value=""/>
         <property name="devicePlatform"/>
         <property name="logFolder" value="C:\\Users\\Anoop_G\\git\\GitKatalonIntegration\\GitKatalonIntegration\\Reports\\20241018_234229\\AISuiteSet\\20241018_234229"/>
         <property name="logFiles" value="C:\\Users\\Anoop_G\\git\\GitKatalonIntegration\\GitKatalonIntegration\\Reports\\20241018_234229\\AISuiteSet\\20241018_234229\\execution0.log"/>
         <property name="attachments" value=""/>
         <property name="hostName" value="Anoop_G - 192.168.1.38"/>
         <property name="os" value="Windows 11 64bit"/>
         <property name="katalonVersion" value="9.7.2.223"/>
         <property name="browser" value="Chrome 129.0.0.0"/>
         <property name="hostAddress" value="192.168.1.38"/>
         <property name="sessionId" value="129ed1b29bb7e4575f2da32e50a87746"/>
         <property name="seleniumVersion" value="3.141.59"/>
         <property name="proxyInformation" value="ProxyInformation { proxyOption=NO_PROXY, proxyServerType=HTTP, username=, password=********, proxyServerAddress=, proxyServerPort=0, executionList=&quot;&quot;, isApplyToDesiredCapabilities=true }"/>
         <property name="platform" value="Windows 11"/>
      </properties>
      <testcase name="Test Cases/AI5" time="14.747" classname="Test Cases/AI5" status="PASSED">
         <system-out><![CDATA[18-10-2024T23:42:46 - [TEST_CASE][PASSED] - Test Cases/AI5: Test Cases/AI5

18-10-2024T23:42:48 - [TEST_STEP][PASSED] - openBrowser(""): Browser is opened with url: ''

18-10-2024T23:42:49 - [MESSAGE][INFO] - Starting 'Chrome' driver

18-10-2024T23:42:49 - [MESSAGE][INFO] - Action delay is set to 0 milliseconds

18-10-2024T23:42:54 - [MESSAGE][PASSED] - Browser is opened with url: ''

18-10-2024T23:42:54 - [TEST_STEP][PASSED] - navigateToUrl("https://katalon-demo-cura.herokuapp.com/"): Navigate to 'https://katalon-demo-cura.herokuapp.com/' successfully

18-10-2024T23:42:58 - [MESSAGE][PASSED] - Navigate to 'https://katalon-demo-cura.herokuapp.com/' successfully

18-10-2024T23:42:58 - [TEST_STEP][PASSED] - click(findTestObject("Page_CURA Healthcare Service/a_CURA Healthcare_menu-toggle")): Object: 'Object Repository/Page_CURA Healthcare Service/a_CURA Healthcare_menu-toggle' is clicked on

18-10-2024T23:42:59 - [MESSAGE][PASSED] - Object: 'Object Repository/Page_CURA Healthcare Service/a_CURA Healthcare_menu-toggle' is clicked on

18-10-2024T23:42:59 - [TEST_STEP][PASSED] - click(findTestObject("Object Repository/Page_CURA Healthcare Service/a_Home")): Object: 'Object Repository/Page_CURA Healthcare Service/a_Home' is clicked on

18-10-2024T23:43:01 - [MESSAGE][PASSED] - Object: 'Object Repository/Page_CURA Healthcare Service/a_Home' is clicked on

18-10-2024T23:43:01 - [TEST_STEP][PASSED] - verifyElementPresent(findTestObject("Object Repository/Page_CURA Healthcare Service/h1_CURA Healthcare Service"), 0): Object 'Object Repository/Page_CURA Healthcare Service/h1_CURA Healthcare Service' is present

18-10-2024T23:43:01 - [MESSAGE][WARNING] - Timeout '0' is invalid. Using default page load timeout: '30'

18-10-2024T23:43:01 - [MESSAGE][PASSED] - Object 'Object Repository/Page_CURA Healthcare Service/h1_CURA Healthcare Service' is present]]></system-out>
         <system-err><![CDATA[]]></system-err>
      </testcase>
      <testcase name="Test Cases/AI6" time="17.165" classname="Test Cases/AI6" status="PASSED">
         <system-out><![CDATA[18-10-2024T23:43:01 - [TEST_CASE][PASSED] - Test Cases/AI6: Test Cases/AI6

18-10-2024T23:43:02 - [TEST_STEP][PASSED] - openBrowser(""): Browser is opened with url: ''

18-10-2024T23:43:02 - [MESSAGE][WARNING] - A browser is already opened. Closing browser and opening a new one

18-10-2024T23:43:04 - [MESSAGE][INFO] - Starting 'Chrome' driver

18-10-2024T23:43:04 - [MESSAGE][INFO] - Action delay is set to 0 milliseconds

18-10-2024T23:43:06 - [MESSAGE][PASSED] - Browser is opened with url: ''

18-10-2024T23:43:07 - [TEST_STEP][PASSED] - navigateToUrl("https://katalon-demo-cura.herokuapp.com/"): Navigate to 'https://katalon-demo-cura.herokuapp.com/' successfully

18-10-2024T23:43:10 - [MESSAGE][PASSED] - Navigate to 'https://katalon-demo-cura.herokuapp.com/' successfully

18-10-2024T23:43:10 - [TEST_STEP][PASSED] - click(findTestObject("Page_CURA Healthcare Service/a_CURA Healthcare_menu-toggle")): Object: 'Object Repository/Page_CURA Healthcare Service/a_CURA Healthcare_menu-toggle' is clicked on

18-10-2024T23:43:11 - [MESSAGE][PASSED] - Object: 'Object Repository/Page_CURA Healthcare Service/a_CURA Healthcare_menu-toggle' is clicked on

18-10-2024T23:43:11 - [TEST_STEP][PASSED] - click(findTestObject("Object Repository/Page_CURA Healthcare Service/a_Home")): Object: 'Object Repository/Page_CURA Healthcare Service/a_Home' is clicked on

18-10-2024T23:43:12 - [MESSAGE][PASSED] - Object: 'Object Repository/Page_CURA Healthcare Service/a_Home' is clicked on

18-10-2024T23:43:12 - [TEST_STEP][PASSED] - verifyElementPresent(findTestObject("Object Repository/Page_CURA Healthcare Service/h1_CURA Healthcare Service"), 0): Object 'Object Repository/Page_CURA Healthcare Service/h1_CURA Healthcare Service' is present

18-10-2024T23:43:12 - [MESSAGE][WARNING] - Timeout '0' is invalid. Using default page load timeout: '30'

18-10-2024T23:43:13 - [MESSAGE][PASSED] - Object 'Object Repository/Page_CURA Healthcare Service/h1_CURA Healthcare Service' is present

18-10-2024T23:43:13 - [TEST_STEP][PASSED] - click(findTestObject("Object Repository/Page_CURA Healthcare Service/a_Make Appointment")): Object: 'Object Repository/Page_CURA Healthcare Service/a_Make Appointment' is clicked on

18-10-2024T23:43:14 - [MESSAGE][PASSED] - Object: 'Object Repository/Page_CURA Healthcare Service/a_Make Appointment' is clicked on

18-10-2024T23:43:14 - [TEST_STEP][PASSED] - click(findTestObject("Object Repository/Page_CURA Healthcare Service/a_CURA Healthcare_menu-toggle")): Object: 'Object Repository/Page_CURA Healthcare Service/a_CURA Healthcare_menu-toggle' is clicked on

18-10-2024T23:43:14 - [MESSAGE][PASSED] - Object: 'Object Repository/Page_CURA Healthcare Service/a_CURA Healthcare_menu-toggle' is clicked on

18-10-2024T23:43:14 - [TEST_STEP][PASSED] - click(findTestObject("Object Repository/Page_CURA Healthcare Service/a_Home")): Object: 'Object Repository/Page_CURA Healthcare Service/a_Home' is clicked on

18-10-2024T23:43:15 - [MESSAGE][PASSED] - Object: 'Object Repository/Page_CURA Healthcare Service/a_Home' is clicked on

18-10-2024T23:43:15 - [TEST_STEP][PASSED] - click(findTestObject("Object Repository/Page_CURA Healthcare Service/a_Make Appointment")): Object: 'Object Repository/Page_CURA Healthcare Service/a_Make Appointment' is clicked on

18-10-2024T23:43:16 - [MESSAGE][PASSED] - Object: 'Object Repository/Page_CURA Healthcare Service/a_Make Appointment' is clicked on

18-10-2024T23:43:16 - [TEST_STEP][PASSED] - setText(findTestObject("Object Repository/Page_CURA Healthcare Service/input_Username_username"), "twstsd"): Text 'twstsd' is set on object 'Object Repository/Page_CURA Healthcare Service/input_Username_username'

18-10-2024T23:43:18 - [MESSAGE][PASSED] - Text 'twstsd' is set on object 'Object Repository/Page_CURA Healthcare Service/input_Username_username'

18-10-2024T23:43:18 - [TEST_STEP][PASSED] - click(findTestObject("Object Repository/Page_CURA Healthcare Service/input_Username_username")): Object: 'Object Repository/Page_CURA Healthcare Service/input_Username_username' is clicked on

18-10-2024T23:43:18 - [MESSAGE][PASSED] - Object: 'Object Repository/Page_CURA Healthcare Service/input_Username_username' is clicked on]]></system-out>
         <system-err><![CDATA[]]></system-err>
      </testcase>
      <system-out><![CDATA[18-10-2024T23:42:46 - [TEST_SUITE][PASSED] - AISuiteSet: Test Cases/AI6]]></system-out>
      <system-err><![CDATA[]]></system-err>
   </testsuite>
</testsuites>
