<?xml version="1.0" encoding="UTF-8"?>
<testsuites name="TCSuite1" time="54.803" tests="2" failures="0" errors="0">
   <testsuite name="TCSuite1" tests="2" failures="0" errors="0" time="54.803" skipped="0" timestamp="22-10-2024T23:52:59" hostname="Anoop_G - 192.168.1.39" id="Test Suites/SauceLab/TCSuite1">
      <properties>
         <property name="deviceName" value=""/>
         <property name="devicePlatform"/>
         <property name="logFolder" value="C:\\Users\\Anoop_G\\git\\GitKatalonIntegration\\GitKatalonIntegration\\Reports\\20241022_235240\\SauceLab\\TCSuite1\\20241022_235240"/>
         <property name="logFiles" value="C:\\Users\\Anoop_G\\git\\GitKatalonIntegration\\GitKatalonIntegration\\Reports\\20241022_235240\\SauceLab\\TCSuite1\\20241022_235240\\execution0.log"/>
         <property name="attachments" value=""/>
         <property name="hostName" value="Anoop_G - 192.168.1.39"/>
         <property name="os" value="Windows 11 64bit"/>
         <property name="katalonVersion" value="9.7.2.223"/>
         <property name="browser" value="Chrome 130.0.0.0"/>
         <property name="hostAddress" value="192.168.1.39"/>
         <property name="sessionId" value="59be39cfda49fc78f471304c7d6c2c67"/>
         <property name="seleniumVersion" value="3.141.59"/>
         <property name="proxyInformation" value="ProxyInformation { proxyOption=NO_PROXY, proxyServerType=HTTP, username=, password=********, proxyServerAddress=, proxyServerPort=0, executionList=&quot;&quot;, isApplyToDesiredCapabilities=true }"/>
         <property name="platform" value="Windows 11"/>
      </properties>
      <testcase name="Test Cases/DemoBlazeTagsAdded" time="22.146" classname="Test Cases/DemoBlazeTagsAdded" status="PASSED">
         <system-out><![CDATA[22-10-2024T23:53:00 - [TEST_CASE][PASSED] - Test Cases/DemoBlazeTagsAdded: Test Cases/DemoBlazeTagsAdded

22-10-2024T23:53:01 - [TEST_STEP][PASSED] - openBrowser(""): Browser is opened with url: ''

22-10-2024T23:53:02 - [MESSAGE][INFO] - Starting 'Chrome' driver

22-10-2024T23:53:03 - [MESSAGE][INFO] - Action delay is set to 0 milliseconds

22-10-2024T23:53:08 - [MESSAGE][PASSED] - Browser is opened with url: ''

22-10-2024T23:53:08 - [TEST_STEP][PASSED] - navigateToUrl("https://www.demoblaze.com/"): Navigate to 'https://www.demoblaze.com/' successfully

22-10-2024T23:53:09 - [MESSAGE][PASSED] - Navigate to 'https://www.demoblaze.com/' successfully

22-10-2024T23:53:09 - [TEST_STEP][PASSED] - click(findTestObject("Object Repository/Page_STORE/a_Monitors")): Object: 'Object Repository/Page_STORE/a_Monitors' is clicked on

22-10-2024T23:53:14 - [MESSAGE][PASSED] - Object: 'Object Repository/Page_STORE/a_Monitors' is clicked on

22-10-2024T23:53:14 - [TEST_STEP][PASSED] - click(findTestObject("Object Repository/Page_STORE/a_ASUS Full HD")): Object: 'Object Repository/Page_STORE/a_ASUS Full HD' is clicked on

22-10-2024T23:53:16 - [MESSAGE][PASSED] - Object: 'Object Repository/Page_STORE/a_ASUS Full HD' is clicked on

22-10-2024T23:53:16 - [TEST_STEP][PASSED] - verifyElementPresent(findTestObject("Object Repository/Page_STORE/h2_ASUS Full HD"), 0): Object 'Object Repository/Page_STORE/h2_ASUS Full HD' is present

22-10-2024T23:53:17 - [MESSAGE][WARNING] - Timeout '0' is invalid. Using default page load timeout: '30'

22-10-2024T23:53:18 - [MESSAGE][PASSED] - Object 'Object Repository/Page_STORE/h2_ASUS Full HD' is present

22-10-2024T23:53:18 - [TEST_STEP][PASSED] - click(findTestObject("Object Repository/Page_STORE/a_Add to cart")): Object: 'Object Repository/Page_STORE/a_Add to cart' is clicked on

22-10-2024T23:53:18 - [MESSAGE][PASSED] - Object: 'Object Repository/Page_STORE/a_Add to cart' is clicked on

22-10-2024T23:53:18 - [TEST_STEP][PASSED] - cart = findTestObject("Object Repository/Page_STORE/a_Add to cart"): null

22-10-2024T23:53:18 - [TEST_STEP][PASSED] - verifyElementPresent(cart, 3): Object 'Object Repository/Page_STORE/a_Add to cart' is present

22-10-2024T23:53:19 - [MESSAGE][PASSED] - Object 'Object Repository/Page_STORE/a_Add to cart' is present

22-10-2024T23:53:19 - [TEST_STEP][PASSED] - closeBrowser(): Browser is closed

22-10-2024T23:53:22 - [MESSAGE][PASSED] - Browser is closed]]></system-out>
         <system-err><![CDATA[]]></system-err>
      </testcase>
      <testcase name="Test Cases/ParaBank" time="31.455" classname="Test Cases/ParaBank" status="PASSED">
         <system-out><![CDATA[22-10-2024T23:53:23 - [TEST_CASE][PASSED] - Test Cases/ParaBank: Test Cases/ParaBank

22-10-2024T23:53:24 - [TEST_STEP][PASSED] - openBrowser(""): Browser is opened with url: ''

22-10-2024T23:53:24 - [MESSAGE][INFO] - Starting 'Chrome' driver

22-10-2024T23:53:24 - [MESSAGE][INFO] - Action delay is set to 0 milliseconds

22-10-2024T23:53:27 - [MESSAGE][PASSED] - Browser is opened with url: ''

22-10-2024T23:53:27 - [TEST_STEP][PASSED] - navigateToUrl("https://parabank.parasoft.com/parabank/index.htm;jsessionid=433A0C0C0BB91807C12AA4A71899882A"): Navigate to 'https://parabank.parasoft.com/parabank/index.htm;jsessionid=433A0C0C0BB91807C12AA4A71899882A' successfully

22-10-2024T23:53:33 - [MESSAGE][PASSED] - Navigate to 'https://parabank.parasoft.com/parabank/index.htm;jsessionid=433A0C0C0BB91807C12AA4A71899882A' successfully

22-10-2024T23:53:33 - [TEST_STEP][PASSED] - click(findTestObject("Object Repository/Page_ParaBank  Welcome  Online Banking/a_Register")): Object: 'Object Repository/Page_ParaBank  Welcome  Online Banking/a_Register' is clicked on

22-10-2024T23:53:34 - [MESSAGE][PASSED] - Object: 'Object Repository/Page_ParaBank  Welcome  Online Banking/a_Register' is clicked on

22-10-2024T23:53:34 - [TEST_STEP][PASSED] - setText(findTestObject("Object Repository/Page_ParaBank  Register for Free Online Acc_dbf84b/input_First Name_customer.firstName"), fname): Text 'test' is set on object 'Object Repository/Page_ParaBank  Register for Free Online Acc_dbf84b/input_First Name_customer.firstName'

22-10-2024T23:53:35 - [MESSAGE][PASSED] - Text 'test' is set on object 'Object Repository/Page_ParaBank  Register for Free Online Acc_dbf84b/input_First Name_customer.firstName'

22-10-2024T23:53:35 - [TEST_STEP][PASSED] - setText(findTestObject("Object Repository/Page_ParaBank  Register for Free Online Acc_dbf84b/input_Last Name_customer.lastName"), lname): Text 'last' is set on object 'Object Repository/Page_ParaBank  Register for Free Online Acc_dbf84b/input_Last Name_customer.lastName'

22-10-2024T23:53:36 - [MESSAGE][PASSED] - Text 'last' is set on object 'Object Repository/Page_ParaBank  Register for Free Online Acc_dbf84b/input_Last Name_customer.lastName'

22-10-2024T23:53:36 - [TEST_STEP][PASSED] - setText(findTestObject("Object Repository/Page_ParaBank  Register for Free Online Acc_dbf84b/input_Address_customer.address.street"), "t"): Text 't' is set on object 'Object Repository/Page_ParaBank  Register for Free Online Acc_dbf84b/input_Address_customer.address.street'

22-10-2024T23:53:37 - [MESSAGE][PASSED] - Text 't' is set on object 'Object Repository/Page_ParaBank  Register for Free Online Acc_dbf84b/input_Address_customer.address.street'

22-10-2024T23:53:37 - [TEST_STEP][PASSED] - setText(findTestObject("Object Repository/Page_ParaBank  Register for Free Online Acc_dbf84b/input_City_customer.address.city"), "t"): Text 't' is set on object 'Object Repository/Page_ParaBank  Register for Free Online Acc_dbf84b/input_City_customer.address.city'

22-10-2024T23:53:38 - [MESSAGE][PASSED] - Text 't' is set on object 'Object Repository/Page_ParaBank  Register for Free Online Acc_dbf84b/input_City_customer.address.city'

22-10-2024T23:53:38 - [TEST_STEP][PASSED] - click(findTestObject("Object Repository/Page_ParaBank  Register for Free Online Acc_dbf84b/input_City_customer.address.city")): Object: 'Object Repository/Page_ParaBank  Register for Free Online Acc_dbf84b/input_City_customer.address.city' is clicked on

22-10-2024T23:53:38 - [MESSAGE][PASSED] - Object: 'Object Repository/Page_ParaBank  Register for Free Online Acc_dbf84b/input_City_customer.address.city' is clicked on

22-10-2024T23:53:38 - [TEST_STEP][PASSED] - setText(findTestObject("Object Repository/Page_ParaBank  Register for Free Online Acc_dbf84b/input_State_customer.address.state"), "t"): Text 't' is set on object 'Object Repository/Page_ParaBank  Register for Free Online Acc_dbf84b/input_State_customer.address.state'

22-10-2024T23:53:39 - [MESSAGE][PASSED] - Text 't' is set on object 'Object Repository/Page_ParaBank  Register for Free Online Acc_dbf84b/input_State_customer.address.state'

22-10-2024T23:53:39 - [TEST_STEP][PASSED] - click(findTestObject("Object Repository/Page_ParaBank  Register for Free Online Acc_dbf84b/input_State_customer.address.state")): Object: 'Object Repository/Page_ParaBank  Register for Free Online Acc_dbf84b/input_State_customer.address.state' is clicked on

22-10-2024T23:53:39 - [MESSAGE][PASSED] - Object: 'Object Repository/Page_ParaBank  Register for Free Online Acc_dbf84b/input_State_customer.address.state' is clicked on

22-10-2024T23:53:39 - [TEST_STEP][PASSED] - setText(findTestObject("Object Repository/Page_ParaBank  Register for Free Online Acc_dbf84b/input_Zip Code_customer.address.zipCode"), "222"): Text '222' is set on object 'Object Repository/Page_ParaBank  Register for Free Online Acc_dbf84b/input_Zip Code_customer.address.zipCode'

22-10-2024T23:53:41 - [MESSAGE][PASSED] - Text '222' is set on object 'Object Repository/Page_ParaBank  Register for Free Online Acc_dbf84b/input_Zip Code_customer.address.zipCode'

22-10-2024T23:53:41 - [TEST_STEP][PASSED] - setText(findTestObject("Object Repository/Page_ParaBank  Register for Free Online Acc_dbf84b/input_Phone_customer.phoneNumber"), "22332"): Text '22332' is set on object 'Object Repository/Page_ParaBank  Register for Free Online Acc_dbf84b/input_Phone_customer.phoneNumber'

22-10-2024T23:53:42 - [MESSAGE][PASSED] - Text '22332' is set on object 'Object Repository/Page_ParaBank  Register for Free Online Acc_dbf84b/input_Phone_customer.phoneNumber'

22-10-2024T23:53:42 - [TEST_STEP][PASSED] - setText(findTestObject("Object Repository/Page_ParaBank  Register for Free Online Acc_dbf84b/input_SSN_customer.ssn"), ""): Text '' is set on object 'Object Repository/Page_ParaBank  Register for Free Online Acc_dbf84b/input_SSN_customer.ssn'

22-10-2024T23:53:44 - [MESSAGE][PASSED] - Text '' is set on object 'Object Repository/Page_ParaBank  Register for Free Online Acc_dbf84b/input_SSN_customer.ssn'

22-10-2024T23:53:44 - [TEST_STEP][PASSED] - click(findTestObject("Object Repository/Page_ParaBank  Register for Free Online Acc_dbf84b/input_SSN_customer.ssn")): Object: 'Object Repository/Page_ParaBank  Register for Free Online Acc_dbf84b/input_SSN_customer.ssn' is clicked on

22-10-2024T23:53:45 - [MESSAGE][PASSED] - Object: 'Object Repository/Page_ParaBank  Register for Free Online Acc_dbf84b/input_SSN_customer.ssn' is clicked on

22-10-2024T23:53:45 - [TEST_STEP][PASSED] - setText(findTestObject("Object Repository/Page_ParaBank  Register for Free Online Acc_dbf84b/input_Username_customer.username"), "test"): Text 'test' is set on object 'Object Repository/Page_ParaBank  Register for Free Online Acc_dbf84b/input_Username_customer.username'

22-10-2024T23:53:47 - [MESSAGE][PASSED] - Text 'test' is set on object 'Object Repository/Page_ParaBank  Register for Free Online Acc_dbf84b/input_Username_customer.username'

22-10-2024T23:53:47 - [TEST_STEP][PASSED] - setEncryptedText(findTestObject("Object Repository/Page_ParaBank  Register for Free Online Acc_dbf84b/input_Password_customer.password"), "P9ET2sDE0SE="): Text ****** has been set on object 'Object Repository/Page_ParaBank  Register for Free Online Acc_dbf84b/input_Password_customer.password'

22-10-2024T23:53:48 - [MESSAGE][PASSED] - Text ****** has been set on object 'Object Repository/Page_ParaBank  Register for Free Online Acc_dbf84b/input_Password_customer.password'

22-10-2024T23:53:48 - [TEST_STEP][PASSED] - setEncryptedText(findTestObject("Object Repository/Page_ParaBank  Register for Free Online Acc_dbf84b/input_Confirm_repeatedPassword"), "P9ET2sDE0SE="): Text ****** has been set on object 'Object Repository/Page_ParaBank  Register for Free Online Acc_dbf84b/input_Confirm_repeatedPassword'

22-10-2024T23:53:48 - [MESSAGE][PASSED] - Text ****** has been set on object 'Object Repository/Page_ParaBank  Register for Free Online Acc_dbf84b/input_Confirm_repeatedPassword'

22-10-2024T23:53:48 - [TEST_STEP][PASSED] - click(findTestObject("Object Repository/Page_ParaBank  Register for Free Online Acc_dbf84b/input_Confirm_button")): Object: 'Object Repository/Page_ParaBank  Register for Free Online Acc_dbf84b/input_Confirm_button' is clicked on

22-10-2024T23:53:50 - [MESSAGE][PASSED] - Object: 'Object Repository/Page_ParaBank  Register for Free Online Acc_dbf84b/input_Confirm_button' is clicked on

22-10-2024T23:53:50 - [TEST_STEP][PASSED] - setText(findTestObject("Object Repository/Page_ParaBank  Register for Free Online Acc_dbf84b/input_Username_username"), "test"): Text 'test' is set on object 'Object Repository/Page_ParaBank  Register for Free Online Acc_dbf84b/input_Username_username'

22-10-2024T23:53:51 - [MESSAGE][PASSED] - Text 'test' is set on object 'Object Repository/Page_ParaBank  Register for Free Online Acc_dbf84b/input_Username_username'

22-10-2024T23:53:51 - [TEST_STEP][PASSED] - setEncryptedText(findTestObject("Object Repository/Page_ParaBank  Register for Free Online Acc_dbf84b/input_Password_password"), "P9ET2sDE0SE="): Text ****** has been set on object 'Object Repository/Page_ParaBank  Register for Free Online Acc_dbf84b/input_Password_password'

22-10-2024T23:53:52 - [MESSAGE][PASSED] - Text ****** has been set on object 'Object Repository/Page_ParaBank  Register for Free Online Acc_dbf84b/input_Password_password'

22-10-2024T23:53:52 - [TEST_STEP][PASSED] - click(findTestObject("Object Repository/Page_ParaBank  Register for Free Online Acc_dbf84b/input_Password_button")): Object: 'Object Repository/Page_ParaBank  Register for Free Online Acc_dbf84b/input_Password_button' is clicked on

22-10-2024T23:53:53 - [MESSAGE][PASSED] - Object: 'Object Repository/Page_ParaBank  Register for Free Online Acc_dbf84b/input_Password_button' is clicked on

22-10-2024T23:53:53 - [TEST_STEP][PASSED] - verifyElementVisible(findTestObject("Object Repository/Page_ParaBank  Error/p_The username and password could not be verified")): Object 'Object Repository/Page_ParaBank  Error/p_The username and password could not be verified' is visible

22-10-2024T23:53:54 - [MESSAGE][PASSED] - Object 'Object Repository/Page_ParaBank  Error/p_The username and password could not be verified' is visible]]></system-out>
         <system-err><![CDATA[]]></system-err>
      </testcase>
      <system-out><![CDATA[22-10-2024T23:52:59 - [TEST_SUITE][PASSED] - TCSuite1: Test Cases/ParaBank]]></system-out>
      <system-err><![CDATA[]]></system-err>
   </testsuite>
</testsuites>
