<?xml version="1.0" encoding="UTF-8"?>
<testsuites name="sampletestsuite" time="34.163" tests="2" failures="0" errors="0">
   <testsuite name="sampletestsuite" tests="2" failures="0" errors="0" time="34.163" skipped="0" timestamp="05-10-2024T16:43:10" hostname="Anoop_G - 192.168.1.36" id="Test Suites/sampletestsuite">
      <properties>
         <property name="deviceName" value=""/>
         <property name="devicePlatform"/>
         <property name="logFolder" value="C:\\Users\\Anoop_G\\git\\GitKatalonIntegration\\GitKatalonIntegration\\Reports\\20241005_164250\\sampletestsuite\\20241005_164252"/>
         <property name="logFiles" value="C:\\Users\\Anoop_G\\git\\GitKatalonIntegration\\GitKatalonIntegration\\Reports\\20241005_164250\\sampletestsuite\\20241005_164252\\execution0.log"/>
         <property name="attachments" value=""/>
         <property name="hostName" value="Anoop_G - 192.168.1.36"/>
         <property name="os" value="Windows 11 64bit"/>
         <property name="katalonVersion" value="9.7.2.223"/>
         <property name="browser" value="Chrome 129.0.0.0"/>
         <property name="hostAddress" value="192.168.1.36"/>
         <property name="sessionId" value="7241c109f8c64a933b2805252e3d6c0d"/>
         <property name="seleniumVersion" value="3.141.59"/>
         <property name="proxyInformation" value="ProxyInformation { proxyOption=NO_PROXY, proxyServerType=HTTP, username=, password=********, proxyServerAddress=, proxyServerPort=0, executionList=&quot;&quot;, isApplyToDesiredCapabilities=true }"/>
         <property name="platform" value="Windows 11"/>
      </properties>
      <testcase name="Test Cases/TCSample" time="19.209" classname="Test Cases/TCSample" status="PASSED">
         <system-out><![CDATA[05-10-2024T16:43:11 - [TEST_CASE][PASSED] - Test Cases/TCSample: Test Cases/TCSample

05-10-2024T16:43:12 - [TEST_STEP][PASSED] - openBrowser(""): Browser is opened with url: ''

05-10-2024T16:43:14 - [MESSAGE][INFO] - Starting 'Chrome' driver

05-10-2024T16:43:14 - [MESSAGE][INFO] - Action delay is set to 0 milliseconds

05-10-2024T16:43:20 - [MESSAGE][PASSED] - Browser is opened with url: ''

05-10-2024T16:43:20 - [TEST_STEP][PASSED] - navigateToUrl("https://stps.ecoleaide.com/home.htm"): Navigate to 'https://stps.ecoleaide.com/home.htm' successfully

05-10-2024T16:43:21 - [MESSAGE][PASSED] - Navigate to 'https://stps.ecoleaide.com/home.htm' successfully

05-10-2024T16:43:22 - [TEST_STEP][PASSED] - click(findTestObject("Object Repository/Page_St. Thomas Public School - StudentPare_015377/a_Forgot Password")): Object: 'Object Repository/Page_St. Thomas Public School - StudentPare_015377/a_Forgot Password' is clicked on

05-10-2024T16:43:24 - [MESSAGE][PASSED] - Object: 'Object Repository/Page_St. Thomas Public School - StudentPare_015377/a_Forgot Password' is clicked on

05-10-2024T16:43:24 - [TEST_STEP][PASSED] - selectOptionByValue(findTestObject("Object Repository/Page_St. Thomas Public School - StudentPare_015377/select_--Select Problem--I forgot my password"), "1", true): All options with value '1' are selected in object 'Object Repository/Page_St. Thomas Public School - StudentPare_015377/select_--Select Problem--I forgot my password'  using regular expression

05-10-2024T16:43:26 - [MESSAGE][PASSED] - All options with value '1' are selected in object 'Object Repository/Page_St. Thomas Public School - StudentPare_015377/select_--Select Problem--I forgot my password'  using regular expression

05-10-2024T16:43:26 - [TEST_STEP][PASSED] - click(findTestObject("Object Repository/Page_St. Thomas Public School - StudentPare_015377/input_What problem are you having with your_1922ff")): Object: 'Object Repository/Page_St. Thomas Public School - StudentPare_015377/input_What problem are you having with your_1922ff' is clicked on

05-10-2024T16:43:27 - [MESSAGE][PASSED] - Object: 'Object Repository/Page_St. Thomas Public School - StudentPare_015377/input_What problem are you having with your_1922ff' is clicked on

05-10-2024T16:43:27 - [TEST_STEP][PASSED] - selectOptionByValue(findTestObject("Object Repository/Page_St. Thomas Public School - StudentPare_015377/select_--Select reset method--Send reset me_765839"), "2", true): All options with value '2' are selected in object 'Object Repository/Page_St. Thomas Public School - StudentPare_015377/select_--Select reset method--Send reset me_765839'  using regular expression

05-10-2024T16:43:29 - [MESSAGE][PASSED] - All options with value '2' are selected in object 'Object Repository/Page_St. Thomas Public School - StudentPare_015377/select_--Select reset method--Send reset me_765839'  using regular expression

05-10-2024T16:43:29 - [TEST_STEP][PASSED] - setText(findTestObject("Object Repository/Page_St. Thomas Public School - StudentPare_015377/input_Enter your username_email"), "test"): Text 'test' is set on object 'Object Repository/Page_St. Thomas Public School - StudentPare_015377/input_Enter your username_email'

05-10-2024T16:43:30 - [MESSAGE][PASSED] - Text 'test' is set on object 'Object Repository/Page_St. Thomas Public School - StudentPare_015377/input_Enter your username_email'

05-10-2024T16:43:30 - [TEST_STEP][PASSED] - click(findTestObject("Object Repository/Page_St. Thomas Public School - StudentPare_015377/input_Enter your username_back")): Object: 'Object Repository/Page_St. Thomas Public School - StudentPare_015377/input_Enter your username_back' is clicked on

05-10-2024T16:43:31 - [MESSAGE][PASSED] - Object: 'Object Repository/Page_St. Thomas Public School - StudentPare_015377/input_Enter your username_back' is clicked on]]></system-out>
         <system-err><![CDATA[]]></system-err>
      </testcase>
      <testcase name="Test Cases/TCSample" time="13.36" classname="Test Cases/TCSample" status="PASSED">
         <system-out><![CDATA[05-10-2024T16:43:31 - [TEST_CASE][PASSED] - Test Cases/TCSample: Test Cases/TCSample

05-10-2024T16:43:31 - [TEST_STEP][PASSED] - openBrowser(""): Browser is opened with url: ''

05-10-2024T16:43:31 - [MESSAGE][WARNING] - A browser is already opened. Closing browser and opening a new one

05-10-2024T16:43:32 - [MESSAGE][INFO] - Starting 'Chrome' driver

05-10-2024T16:43:32 - [MESSAGE][INFO] - Action delay is set to 0 milliseconds

05-10-2024T16:43:36 - [MESSAGE][PASSED] - Browser is opened with url: ''

05-10-2024T16:43:36 - [TEST_STEP][PASSED] - navigateToUrl("https://stps.ecoleaide.com/home.htm"): Navigate to 'https://stps.ecoleaide.com/home.htm' successfully

05-10-2024T16:43:38 - [MESSAGE][PASSED] - Navigate to 'https://stps.ecoleaide.com/home.htm' successfully

05-10-2024T16:43:38 - [TEST_STEP][PASSED] - click(findTestObject("Object Repository/Page_St. Thomas Public School - StudentPare_015377/a_Forgot Password")): Object: 'Object Repository/Page_St. Thomas Public School - StudentPare_015377/a_Forgot Password' is clicked on

05-10-2024T16:43:39 - [MESSAGE][PASSED] - Object: 'Object Repository/Page_St. Thomas Public School - StudentPare_015377/a_Forgot Password' is clicked on

05-10-2024T16:43:39 - [TEST_STEP][PASSED] - selectOptionByValue(findTestObject("Object Repository/Page_St. Thomas Public School - StudentPare_015377/select_--Select Problem--I forgot my password"), "1", true): All options with value '1' are selected in object 'Object Repository/Page_St. Thomas Public School - StudentPare_015377/select_--Select Problem--I forgot my password'  using regular expression

05-10-2024T16:43:41 - [MESSAGE][PASSED] - All options with value '1' are selected in object 'Object Repository/Page_St. Thomas Public School - StudentPare_015377/select_--Select Problem--I forgot my password'  using regular expression

05-10-2024T16:43:41 - [TEST_STEP][PASSED] - click(findTestObject("Object Repository/Page_St. Thomas Public School - StudentPare_015377/input_What problem are you having with your_1922ff")): Object: 'Object Repository/Page_St. Thomas Public School - StudentPare_015377/input_What problem are you having with your_1922ff' is clicked on

05-10-2024T16:43:41 - [MESSAGE][PASSED] - Object: 'Object Repository/Page_St. Thomas Public School - StudentPare_015377/input_What problem are you having with your_1922ff' is clicked on

05-10-2024T16:43:41 - [TEST_STEP][PASSED] - selectOptionByValue(findTestObject("Object Repository/Page_St. Thomas Public School - StudentPare_015377/select_--Select reset method--Send reset me_765839"), "2", true): All options with value '2' are selected in object 'Object Repository/Page_St. Thomas Public School - StudentPare_015377/select_--Select reset method--Send reset me_765839'  using regular expression

05-10-2024T16:43:43 - [MESSAGE][PASSED] - All options with value '2' are selected in object 'Object Repository/Page_St. Thomas Public School - StudentPare_015377/select_--Select reset method--Send reset me_765839'  using regular expression

05-10-2024T16:43:43 - [TEST_STEP][PASSED] - setText(findTestObject("Object Repository/Page_St. Thomas Public School - StudentPare_015377/input_Enter your username_email"), "test"): Text 'test' is set on object 'Object Repository/Page_St. Thomas Public School - StudentPare_015377/input_Enter your username_email'

05-10-2024T16:43:43 - [MESSAGE][PASSED] - Text 'test' is set on object 'Object Repository/Page_St. Thomas Public School - StudentPare_015377/input_Enter your username_email'

05-10-2024T16:43:43 - [TEST_STEP][PASSED] - click(findTestObject("Object Repository/Page_St. Thomas Public School - StudentPare_015377/input_Enter your username_back")): Object: 'Object Repository/Page_St. Thomas Public School - StudentPare_015377/input_Enter your username_back' is clicked on

05-10-2024T16:43:44 - [MESSAGE][PASSED] - Object: 'Object Repository/Page_St. Thomas Public School - StudentPare_015377/input_Enter your username_back' is clicked on]]></system-out>
         <system-err><![CDATA[]]></system-err>
      </testcase>
      <system-out><![CDATA[05-10-2024T16:43:10 - [TEST_SUITE][PASSED] - sampletestsuite: Test Cases/TCSample]]></system-out>
      <system-err><![CDATA[]]></system-err>
   </testsuite>
</testsuites>
