<?xml version="1.0" encoding="UTF-8"?>
<testsuites name="Suite_OrangeDemoBlaze" time="36.661" tests="2" failures="0" errors="0">
   <testsuite name="Suite_OrangeDemoBlaze" tests="2" failures="0" errors="0" time="36.661" skipped="0" timestamp="19-10-2024T01:50:15" hostname="Anoop_G - 192.168.1.38" id="Test Suites/Suite_OrangeDemoBlaze">
      <properties>
         <property name="deviceName" value=""/>
         <property name="devicePlatform"/>
         <property name="logFolder" value="C:\\Users\\Anoop_G\\git\\GitKatalonIntegration\\GitKatalonIntegration\\Reports\\20241019_014957\\Suite_OrangeDemoBlaze\\20241019_014957"/>
         <property name="logFiles" value="C:\\Users\\Anoop_G\\git\\GitKatalonIntegration\\GitKatalonIntegration\\Reports\\20241019_014957\\Suite_OrangeDemoBlaze\\20241019_014957\\execution0.log"/>
         <property name="attachments" value=""/>
         <property name="hostName" value="Anoop_G - 192.168.1.38"/>
         <property name="os" value="Windows 11 64bit"/>
         <property name="katalonVersion" value="9.7.2.223"/>
         <property name="browser" value="Chrome 129.0.0.0"/>
         <property name="hostAddress" value="192.168.1.38"/>
         <property name="sessionId" value="e74ff52cdfdf0efdbe28bab32d8f0bc4"/>
         <property name="seleniumVersion" value="3.141.59"/>
         <property name="proxyInformation" value="ProxyInformation { proxyOption=NO_PROXY, proxyServerType=HTTP, username=, password=********, proxyServerAddress=, proxyServerPort=0, executionList=&quot;&quot;, isApplyToDesiredCapabilities=true }"/>
         <property name="platform" value="Windows 11"/>
      </properties>
      <testcase name="Test Cases/DemoBlazeTagsAdded" time="21.399" classname="Test Cases/DemoBlazeTagsAdded" status="PASSED">
         <system-out><![CDATA[19-10-2024T01:50:16 - [TEST_CASE][PASSED] - Test Cases/DemoBlazeTagsAdded: Test Cases/DemoBlazeTagsAdded

19-10-2024T01:50:18 - [TEST_STEP][PASSED] - openBrowser(""): Browser is opened with url: ''

19-10-2024T01:50:19 - [MESSAGE][INFO] - Starting 'Chrome' driver

19-10-2024T01:50:19 - [MESSAGE][INFO] - Action delay is set to 0 milliseconds

19-10-2024T01:50:26 - [MESSAGE][PASSED] - Browser is opened with url: ''

19-10-2024T01:50:26 - [TEST_STEP][PASSED] - navigateToUrl("https://www.demoblaze.com/"): Navigate to 'https://www.demoblaze.com/' successfully

19-10-2024T01:50:29 - [MESSAGE][PASSED] - Navigate to 'https://www.demoblaze.com/' successfully

19-10-2024T01:50:29 - [TEST_STEP][PASSED] - click(findTestObject("Object Repository/Page_STORE/a_Monitors")): Object: 'Object Repository/Page_STORE/a_Monitors' is clicked on

19-10-2024T01:50:31 - [MESSAGE][PASSED] - Object: 'Object Repository/Page_STORE/a_Monitors' is clicked on

19-10-2024T01:50:31 - [TEST_STEP][PASSED] - click(findTestObject("Object Repository/Page_STORE/a_ASUS Full HD")): Object: 'Object Repository/Page_STORE/a_ASUS Full HD' is clicked on

19-10-2024T01:50:33 - [MESSAGE][PASSED] - Object: 'Object Repository/Page_STORE/a_ASUS Full HD' is clicked on

19-10-2024T01:50:33 - [TEST_STEP][PASSED] - verifyElementPresent(findTestObject("Object Repository/Page_STORE/h2_ASUS Full HD"), 0): Object 'Object Repository/Page_STORE/h2_ASUS Full HD' is present

19-10-2024T01:50:34 - [MESSAGE][WARNING] - Timeout '0' is invalid. Using default page load timeout: '30'

19-10-2024T01:50:35 - [MESSAGE][PASSED] - Object 'Object Repository/Page_STORE/h2_ASUS Full HD' is present

19-10-2024T01:50:35 - [TEST_STEP][PASSED] - click(findTestObject("Object Repository/Page_STORE/a_Add to cart")): Object: 'Object Repository/Page_STORE/a_Add to cart' is clicked on

19-10-2024T01:50:36 - [MESSAGE][PASSED] - Object: 'Object Repository/Page_STORE/a_Add to cart' is clicked on

19-10-2024T01:50:36 - [TEST_STEP][PASSED] - cart = findTestObject("Object Repository/Page_STORE/a_Add to cart"): null

19-10-2024T01:50:36 - [TEST_STEP][PASSED] - verifyElementPresent(cart, 3): Object 'Object Repository/Page_STORE/a_Add to cart' is present

19-10-2024T01:50:37 - [MESSAGE][PASSED] - Object 'Object Repository/Page_STORE/a_Add to cart' is present

19-10-2024T01:50:37 - [TEST_STEP][PASSED] - closeBrowser(): Browser is closed

19-10-2024T01:50:38 - [MESSAGE][PASSED] - Browser is closed]]></system-out>
         <system-err><![CDATA[]]></system-err>
      </testcase>
      <testcase name="Test Cases/dempapplotz" time="14.05" classname="Test Cases/dempapplotz" status="PASSED">
         <system-out><![CDATA[19-10-2024T01:50:38 - [TEST_CASE][PASSED] - Test Cases/dempapplotz: Test Cases/dempapplotz

19-10-2024T01:50:39 - [TEST_STEP][PASSED] - openBrowser(""): Browser is opened with url: ''

19-10-2024T01:50:39 - [MESSAGE][INFO] - Starting 'Chrome' driver

19-10-2024T01:50:39 - [MESSAGE][INFO] - Action delay is set to 0 milliseconds

19-10-2024T01:50:42 - [MESSAGE][PASSED] - Browser is opened with url: ''

19-10-2024T01:50:42 - [TEST_STEP][PASSED] - navigateToUrl("https://demo.applitools.com/"): Navigate to 'https://demo.applitools.com/' successfully

19-10-2024T01:50:45 - [MESSAGE][PASSED] - Navigate to 'https://demo.applitools.com/' successfully

19-10-2024T01:50:45 - [TEST_STEP][PASSED] - setText(findTestObject("Object Repository/Page_ACME Demo App by Applitools/input_Username_username"), "test"): Text 'test' is set on object 'Object Repository/Page_ACME Demo App by Applitools/input_Username_username'

19-10-2024T01:50:47 - [MESSAGE][PASSED] - Text 'test' is set on object 'Object Repository/Page_ACME Demo App by Applitools/input_Username_username'

19-10-2024T01:50:47 - [TEST_STEP][PASSED] - setEncryptedText(findTestObject("Object Repository/Page_ACME Demo App by Applitools/input_Password_password"), "P9ET2sDE0SE="): Text ****** has been set on object 'Object Repository/Page_ACME Demo App by Applitools/input_Password_password'

19-10-2024T01:50:48 - [MESSAGE][PASSED] - Text ****** has been set on object 'Object Repository/Page_ACME Demo App by Applitools/input_Password_password'

19-10-2024T01:50:48 - [TEST_STEP][PASSED] - click(findTestObject("Object Repository/Page_ACME Demo App by Applitools/input_Remember Me_form-check-input")): Object: 'Object Repository/Page_ACME Demo App by Applitools/input_Remember Me_form-check-input' is clicked on

19-10-2024T01:50:49 - [MESSAGE][PASSED] - Object: 'Object Repository/Page_ACME Demo App by Applitools/input_Remember Me_form-check-input' is clicked on

19-10-2024T01:50:49 - [TEST_STEP][PASSED] - click(findTestObject("Object Repository/Page_ACME Demo App by Applitools/a_Sign in")): Object: 'Object Repository/Page_ACME Demo App by Applitools/a_Sign in' is clicked on

19-10-2024T01:50:50 - [MESSAGE][PASSED] - Object: 'Object Repository/Page_ACME Demo App by Applitools/a_Sign in' is clicked on

19-10-2024T01:50:50 - [TEST_STEP][PASSED] - verifyElementPresent(findTestObject("Object Repository/Page_ACME demo app/h6_Your nearest branch closes in 30m 5s"), 0): Object 'Object Repository/Page_ACME demo app/h6_Your nearest branch closes in 30m 5s' is present

19-10-2024T01:50:50 - [MESSAGE][WARNING] - Timeout '0' is invalid. Using default page load timeout: '30'

19-10-2024T01:50:51 - [MESSAGE][PASSED] - Object 'Object Repository/Page_ACME demo app/h6_Your nearest branch closes in 30m 5s' is present

19-10-2024T01:50:51 - [TEST_STEP][PASSED] - click(findTestObject("Object Repository/Page_ACME demo app/a_Restaurant  Cafe")): Object: 'Object Repository/Page_ACME demo app/a_Restaurant  Cafe' is clicked on

19-10-2024T01:50:52 - [MESSAGE][PASSED] - Object: 'Object Repository/Page_ACME demo app/a_Restaurant  Cafe' is clicked on

19-10-2024T01:50:52 - [TEST_STEP][PASSED] - verifyElementPresent(findTestObject("Object Repository/Page_ACME demo app/span_Starbucks coffee"), 0): Object 'Object Repository/Page_ACME demo app/span_Starbucks coffee' is present

19-10-2024T01:50:52 - [MESSAGE][WARNING] - Timeout '0' is invalid. Using default page load timeout: '30'

19-10-2024T01:50:52 - [MESSAGE][PASSED] - Object 'Object Repository/Page_ACME demo app/span_Starbucks coffee' is present]]></system-out>
         <system-err><![CDATA[]]></system-err>
      </testcase>
      <system-out><![CDATA[19-10-2024T01:50:15 - [TEST_SUITE][PASSED] - Suite_OrangeDemoBlaze: Test Cases/dempapplotz]]></system-out>
      <system-err><![CDATA[]]></system-err>
   </testsuite>
</testsuites>
