<?xml version="1.0" encoding="UTF-8"?>
<testsuites name="TCSuite1" time="114.781" tests="2" failures="0" errors="0">
   <testsuite name="TCSuite1" tests="2" failures="0" errors="0" time="114.781" skipped="0" timestamp="07-10-2024T18:42:34" hostname="Anoop_G - 192.168.1.36" id="Test Suites/SauceLab/TCSuite1">
      <properties>
         <property name="deviceName" value=""/>
         <property name="devicePlatform"/>
         <property name="logFolder" value="C:\\Users\\Anoop_G\\git\\GitKatalonIntegration\\GitKatalonIntegration\\Reports\\20241007_184219\\SauceLab\\TCSuite1\\20241007_184219"/>
         <property name="logFiles" value="C:\\Users\\Anoop_G\\git\\GitKatalonIntegration\\GitKatalonIntegration\\Reports\\20241007_184219\\SauceLab\\TCSuite1\\20241007_184219\\execution0.log"/>
         <property name="attachments" value=""/>
         <property name="hostName" value="Anoop_G - 192.168.1.36"/>
         <property name="os" value="Windows 11 64bit"/>
         <property name="katalonVersion" value="9.7.2.223"/>
         <property name="browser" value="Chrome 129.0.0.0"/>
         <property name="hostAddress" value="192.168.1.36"/>
         <property name="sessionId" value="3898dd8c9c9be98c606f0ac902ccce64"/>
         <property name="seleniumVersion" value="3.141.59"/>
         <property name="proxyInformation" value="ProxyInformation { proxyOption=NO_PROXY, proxyServerType=HTTP, username=, password=********, proxyServerAddress=, proxyServerPort=0, executionList=&quot;&quot;, isApplyToDesiredCapabilities=true }"/>
         <property name="platform" value="Windows 11"/>
      </properties>
      <testcase name="Test Cases/DemoBlazeTagsAdded" time="24.574" classname="Test Cases/DemoBlazeTagsAdded" status="PASSED">
         <system-out><![CDATA[07-10-2024T18:42:35 - [TEST_CASE][PASSED] - Test Cases/DemoBlazeTagsAdded: Test Cases/DemoBlazeTagsAdded

07-10-2024T18:42:36 - [TEST_STEP][PASSED] - openBrowser(""): Browser is opened with url: ''

07-10-2024T18:42:38 - [MESSAGE][INFO] - Starting 'Chrome' driver

07-10-2024T18:42:38 - [MESSAGE][INFO] - Action delay is set to 0 milliseconds

07-10-2024T18:42:45 - [MESSAGE][PASSED] - Browser is opened with url: ''

07-10-2024T18:42:45 - [TEST_STEP][PASSED] - navigateToUrl("https://www.demoblaze.com/"): Navigate to 'https://www.demoblaze.com/' successfully

07-10-2024T18:42:48 - [MESSAGE][PASSED] - Navigate to 'https://www.demoblaze.com/' successfully

07-10-2024T18:42:48 - [TEST_STEP][PASSED] - click(findTestObject("Object Repository/Page_STORE/a_Monitors")): Object: 'Object Repository/Page_STORE/a_Monitors' is clicked on

07-10-2024T18:42:52 - [MESSAGE][PASSED] - Object: 'Object Repository/Page_STORE/a_Monitors' is clicked on

07-10-2024T18:42:52 - [TEST_STEP][PASSED] - click(findTestObject("Object Repository/Page_STORE/a_ASUS Full HD")): Object: 'Object Repository/Page_STORE/a_ASUS Full HD' is clicked on

07-10-2024T18:42:54 - [MESSAGE][PASSED] - Object: 'Object Repository/Page_STORE/a_ASUS Full HD' is clicked on

07-10-2024T18:42:54 - [TEST_STEP][PASSED] - verifyElementPresent(findTestObject("Object Repository/Page_STORE/h2_ASUS Full HD"), 0): Object 'Object Repository/Page_STORE/h2_ASUS Full HD' is present

07-10-2024T18:42:54 - [MESSAGE][WARNING] - Timeout '0' is invalid. Using default page load timeout: '30'

07-10-2024T18:42:56 - [MESSAGE][PASSED] - Object 'Object Repository/Page_STORE/h2_ASUS Full HD' is present

07-10-2024T18:42:56 - [TEST_STEP][PASSED] - click(findTestObject("Object Repository/Page_STORE/a_Add to cart")): Object: 'Object Repository/Page_STORE/a_Add to cart' is clicked on

07-10-2024T18:42:56 - [MESSAGE][PASSED] - Object: 'Object Repository/Page_STORE/a_Add to cart' is clicked on

07-10-2024T18:42:57 - [TEST_STEP][PASSED] - cart = findTestObject("Object Repository/Page_STORE/a_Add to cart"): null

07-10-2024T18:42:57 - [TEST_STEP][PASSED] - verifyElementPresent(cart, 3): Object 'Object Repository/Page_STORE/a_Add to cart' is present

07-10-2024T18:42:57 - [MESSAGE][PASSED] - Object 'Object Repository/Page_STORE/a_Add to cart' is present

07-10-2024T18:42:57 - [TEST_STEP][PASSED] - closeBrowser(): Browser is closed

07-10-2024T18:43:00 - [MESSAGE][PASSED] - Browser is closed]]></system-out>
         <system-err><![CDATA[]]></system-err>
      </testcase>
      <testcase name="Test Cases/ParaBank" time="89.169" classname="Test Cases/ParaBank" status="PASSED">
         <system-out><![CDATA[07-10-2024T18:43:00 - [TEST_CASE][PASSED] - Test Cases/ParaBank: Test Cases/ParaBank

07-10-2024T18:43:01 - [TEST_STEP][PASSED] - openBrowser(""): Browser is opened with url: ''

07-10-2024T18:43:02 - [MESSAGE][INFO] - Starting 'Chrome' driver

07-10-2024T18:43:02 - [MESSAGE][INFO] - Action delay is set to 0 milliseconds

07-10-2024T18:43:05 - [MESSAGE][PASSED] - Browser is opened with url: ''

07-10-2024T18:43:05 - [TEST_STEP][PASSED] - navigateToUrl("https://parabank.parasoft.com/parabank/index.htm;jsessionid=433A0C0C0BB91807C12AA4A71899882A"): Navigate to 'https://parabank.parasoft.com/parabank/index.htm;jsessionid=433A0C0C0BB91807C12AA4A71899882A' successfully

07-10-2024T18:43:09 - [MESSAGE][PASSED] - Navigate to 'https://parabank.parasoft.com/parabank/index.htm;jsessionid=433A0C0C0BB91807C12AA4A71899882A' successfully

07-10-2024T18:43:09 - [TEST_STEP][PASSED] - click(findTestObject("Object Repository/Page_ParaBank  Welcome  Online Banking/a_Register")): Object: 'Object Repository/Page_ParaBank  Welcome  Online Banking/a_Register' is clicked on

07-10-2024T18:43:10 - [MESSAGE][PASSED] - Object: 'Object Repository/Page_ParaBank  Welcome  Online Banking/a_Register' is clicked on

07-10-2024T18:43:10 - [TEST_STEP][PASSED] - setText(findTestObject("Object Repository/Page_ParaBank  Register for Free Online Acc_dbf84b/input_First Name_customer.firstName"), fname): Text 'test' is set on object 'Object Repository/Page_ParaBank  Register for Free Online Acc_dbf84b/input_First Name_customer.firstName'

07-10-2024T18:43:11 - [MESSAGE][PASSED] - Text 'test' is set on object 'Object Repository/Page_ParaBank  Register for Free Online Acc_dbf84b/input_First Name_customer.firstName'

07-10-2024T18:43:11 - [TEST_STEP][PASSED] - setText(findTestObject("Object Repository/Page_ParaBank  Register for Free Online Acc_dbf84b/input_Last Name_customer.lastName"), lname): Text 'last' is set on object 'Object Repository/Page_ParaBank  Register for Free Online Acc_dbf84b/input_Last Name_customer.lastName'

07-10-2024T18:43:12 - [MESSAGE][PASSED] - Text 'last' is set on object 'Object Repository/Page_ParaBank  Register for Free Online Acc_dbf84b/input_Last Name_customer.lastName'

07-10-2024T18:43:12 - [TEST_STEP][PASSED] - setText(findTestObject("Object Repository/Page_ParaBank  Register for Free Online Acc_dbf84b/input_Address_customer.address.street"), "t"): Text 't' is set on object 'Object Repository/Page_ParaBank  Register for Free Online Acc_dbf84b/input_Address_customer.address.street'

07-10-2024T18:43:44 - [MESSAGE][INFO] - Unable to find the element located by 'By.xpath: //input[@id='customer.address.street'][fvcxgbcggbhfgh]'. Please recheck the objects properties to make sure the desired element is located. 

07-10-2024T18:43:44 - [MESSAGE][WARNING] - [SELF-HEALING] Failed to find element with id 'Object Repository/Page_ParaBank  Register for Free Online Acc_dbf84b/input_Address_customer.address.street'. Try using Self-healing.

07-10-2024T18:43:44 - [MESSAGE][INFO] - [SELF-HEALING] Working Locator: '//input[@id='customer.address.street']'.

07-10-2024T18:43:44 - [MESSAGE][INFO] - [SELF-HEALING] Screenshot: C:/Users/Anoop_G/git/GitKatalonIntegration/GitKatalonIntegration/Reports/Self-healing/Object Repository/Page_ParaBank  Register for Free Online Acc_dbf84b/input_Address_customer.address.street_attributes.png

07-10-2024T18:43:44 - [MESSAGE][WARNING] - [SELF-HEALING] The current locator of test object 'Object Repository/Page_ParaBank  Register for Free Online Acc_dbf84b/input_Address_customer.address.street' was broken. Propose an alternative one: '//input[@id='customer.address.street']'.

07-10-2024T18:44:16 - [MESSAGE][INFO] - Unable to find the element located by 'By.xpath: //input[@id='customer.address.street'][fvcxgbcggbhfgh]'. Please recheck the objects properties to make sure the desired element is located. 

07-10-2024T18:44:16 - [MESSAGE][WARNING] - [SELF-HEALING] Failed to find element with id 'Object Repository/Page_ParaBank  Register for Free Online Acc_dbf84b/input_Address_customer.address.street'. Try using Self-healing.

07-10-2024T18:44:16 - [MESSAGE][INFO] - [SELF-HEALING] Working Locator: '//input[@id='customer.address.street']'.

07-10-2024T18:44:16 - [MESSAGE][INFO] - [SELF-HEALING] Screenshot: C:/Users/Anoop_G/git/GitKatalonIntegration/GitKatalonIntegration/Reports/Self-healing/Object Repository/Page_ParaBank  Register for Free Online Acc_dbf84b/input_Address_customer.address.street_attributes.png

07-10-2024T18:44:16 - [MESSAGE][WARNING] - [SELF-HEALING] The current locator of test object 'Object Repository/Page_ParaBank  Register for Free Online Acc_dbf84b/input_Address_customer.address.street' was broken. Propose an alternative one: '//input[@id='customer.address.street']'.

07-10-2024T18:44:16 - [MESSAGE][PASSED] - Text 't' is set on object 'Object Repository/Page_ParaBank  Register for Free Online Acc_dbf84b/input_Address_customer.address.street'

07-10-2024T18:44:16 - [TEST_STEP][PASSED] - setText(findTestObject("Object Repository/Page_ParaBank  Register for Free Online Acc_dbf84b/input_City_customer.address.city"), "t"): Text 't' is set on object 'Object Repository/Page_ParaBank  Register for Free Online Acc_dbf84b/input_City_customer.address.city'

07-10-2024T18:44:17 - [MESSAGE][PASSED] - Text 't' is set on object 'Object Repository/Page_ParaBank  Register for Free Online Acc_dbf84b/input_City_customer.address.city'

07-10-2024T18:44:17 - [TEST_STEP][PASSED] - click(findTestObject("Object Repository/Page_ParaBank  Register for Free Online Acc_dbf84b/input_City_customer.address.city")): Object: 'Object Repository/Page_ParaBank  Register for Free Online Acc_dbf84b/input_City_customer.address.city' is clicked on

07-10-2024T18:44:18 - [MESSAGE][PASSED] - Object: 'Object Repository/Page_ParaBank  Register for Free Online Acc_dbf84b/input_City_customer.address.city' is clicked on

07-10-2024T18:44:18 - [TEST_STEP][PASSED] - setText(findTestObject("Object Repository/Page_ParaBank  Register for Free Online Acc_dbf84b/input_State_customer.address.state"), "t"): Text 't' is set on object 'Object Repository/Page_ParaBank  Register for Free Online Acc_dbf84b/input_State_customer.address.state'

07-10-2024T18:44:18 - [MESSAGE][PASSED] - Text 't' is set on object 'Object Repository/Page_ParaBank  Register for Free Online Acc_dbf84b/input_State_customer.address.state'

07-10-2024T18:44:18 - [TEST_STEP][PASSED] - click(findTestObject("Object Repository/Page_ParaBank  Register for Free Online Acc_dbf84b/input_State_customer.address.state")): Object: 'Object Repository/Page_ParaBank  Register for Free Online Acc_dbf84b/input_State_customer.address.state' is clicked on

07-10-2024T18:44:19 - [MESSAGE][PASSED] - Object: 'Object Repository/Page_ParaBank  Register for Free Online Acc_dbf84b/input_State_customer.address.state' is clicked on

07-10-2024T18:44:19 - [TEST_STEP][PASSED] - setText(findTestObject("Object Repository/Page_ParaBank  Register for Free Online Acc_dbf84b/input_Zip Code_customer.address.zipCode"), "222"): Text '222' is set on object 'Object Repository/Page_ParaBank  Register for Free Online Acc_dbf84b/input_Zip Code_customer.address.zipCode'

07-10-2024T18:44:20 - [MESSAGE][PASSED] - Text '222' is set on object 'Object Repository/Page_ParaBank  Register for Free Online Acc_dbf84b/input_Zip Code_customer.address.zipCode'

07-10-2024T18:44:20 - [TEST_STEP][PASSED] - setText(findTestObject("Object Repository/Page_ParaBank  Register for Free Online Acc_dbf84b/input_Phone_customer.phoneNumber"), "22332"): Text '22332' is set on object 'Object Repository/Page_ParaBank  Register for Free Online Acc_dbf84b/input_Phone_customer.phoneNumber'

07-10-2024T18:44:21 - [MESSAGE][PASSED] - Text '22332' is set on object 'Object Repository/Page_ParaBank  Register for Free Online Acc_dbf84b/input_Phone_customer.phoneNumber'

07-10-2024T18:44:21 - [TEST_STEP][PASSED] - setText(findTestObject("Object Repository/Page_ParaBank  Register for Free Online Acc_dbf84b/input_SSN_customer.ssn"), ""): Text '' is set on object 'Object Repository/Page_ParaBank  Register for Free Online Acc_dbf84b/input_SSN_customer.ssn'

07-10-2024T18:44:21 - [MESSAGE][PASSED] - Text '' is set on object 'Object Repository/Page_ParaBank  Register for Free Online Acc_dbf84b/input_SSN_customer.ssn'

07-10-2024T18:44:21 - [TEST_STEP][PASSED] - click(findTestObject("Object Repository/Page_ParaBank  Register for Free Online Acc_dbf84b/input_SSN_customer.ssn")): Object: 'Object Repository/Page_ParaBank  Register for Free Online Acc_dbf84b/input_SSN_customer.ssn' is clicked on

07-10-2024T18:44:22 - [MESSAGE][PASSED] - Object: 'Object Repository/Page_ParaBank  Register for Free Online Acc_dbf84b/input_SSN_customer.ssn' is clicked on

07-10-2024T18:44:22 - [TEST_STEP][PASSED] - setText(findTestObject("Object Repository/Page_ParaBank  Register for Free Online Acc_dbf84b/input_Username_customer.username"), "test"): Text 'test' is set on object 'Object Repository/Page_ParaBank  Register for Free Online Acc_dbf84b/input_Username_customer.username'

07-10-2024T18:44:23 - [MESSAGE][PASSED] - Text 'test' is set on object 'Object Repository/Page_ParaBank  Register for Free Online Acc_dbf84b/input_Username_customer.username'

07-10-2024T18:44:23 - [TEST_STEP][PASSED] - setEncryptedText(findTestObject("Object Repository/Page_ParaBank  Register for Free Online Acc_dbf84b/input_Password_customer.password"), "P9ET2sDE0SE="): Text ****** has been set on object 'Object Repository/Page_ParaBank  Register for Free Online Acc_dbf84b/input_Password_customer.password'

07-10-2024T18:44:24 - [MESSAGE][PASSED] - Text ****** has been set on object 'Object Repository/Page_ParaBank  Register for Free Online Acc_dbf84b/input_Password_customer.password'

07-10-2024T18:44:24 - [TEST_STEP][PASSED] - setEncryptedText(findTestObject("Object Repository/Page_ParaBank  Register for Free Online Acc_dbf84b/input_Confirm_repeatedPassword"), "P9ET2sDE0SE="): Text ****** has been set on object 'Object Repository/Page_ParaBank  Register for Free Online Acc_dbf84b/input_Confirm_repeatedPassword'

07-10-2024T18:44:24 - [MESSAGE][PASSED] - Text ****** has been set on object 'Object Repository/Page_ParaBank  Register for Free Online Acc_dbf84b/input_Confirm_repeatedPassword'

07-10-2024T18:44:24 - [TEST_STEP][PASSED] - click(findTestObject("Object Repository/Page_ParaBank  Register for Free Online Acc_dbf84b/input_Confirm_button")): Object: 'Object Repository/Page_ParaBank  Register for Free Online Acc_dbf84b/input_Confirm_button' is clicked on

07-10-2024T18:44:26 - [MESSAGE][PASSED] - Object: 'Object Repository/Page_ParaBank  Register for Free Online Acc_dbf84b/input_Confirm_button' is clicked on

07-10-2024T18:44:26 - [TEST_STEP][PASSED] - setText(findTestObject("Object Repository/Page_ParaBank  Register for Free Online Acc_dbf84b/input_Username_username"), "test"): Text 'test' is set on object 'Object Repository/Page_ParaBank  Register for Free Online Acc_dbf84b/input_Username_username'

07-10-2024T18:44:27 - [MESSAGE][PASSED] - Text 'test' is set on object 'Object Repository/Page_ParaBank  Register for Free Online Acc_dbf84b/input_Username_username'

07-10-2024T18:44:27 - [TEST_STEP][PASSED] - setEncryptedText(findTestObject("Object Repository/Page_ParaBank  Register for Free Online Acc_dbf84b/input_Password_password"), "P9ET2sDE0SE="): Text ****** has been set on object 'Object Repository/Page_ParaBank  Register for Free Online Acc_dbf84b/input_Password_password'

07-10-2024T18:44:27 - [MESSAGE][PASSED] - Text ****** has been set on object 'Object Repository/Page_ParaBank  Register for Free Online Acc_dbf84b/input_Password_password'

07-10-2024T18:44:27 - [TEST_STEP][PASSED] - click(findTestObject("Object Repository/Page_ParaBank  Register for Free Online Acc_dbf84b/input_Password_button")): Object: 'Object Repository/Page_ParaBank  Register for Free Online Acc_dbf84b/input_Password_button' is clicked on

07-10-2024T18:44:28 - [MESSAGE][PASSED] - Object: 'Object Repository/Page_ParaBank  Register for Free Online Acc_dbf84b/input_Password_button' is clicked on

07-10-2024T18:44:28 - [TEST_STEP][PASSED] - verifyElementVisible(findTestObject("Object Repository/Page_ParaBank  Error/p_The username and password could not be verified")): Object 'Object Repository/Page_ParaBank  Error/p_The username and password could not be verified' is visible

07-10-2024T18:44:29 - [MESSAGE][PASSED] - Object 'Object Repository/Page_ParaBank  Error/p_The username and password could not be verified' is visible]]></system-out>
         <system-err><![CDATA[]]></system-err>
      </testcase>
      <system-out><![CDATA[07-10-2024T18:42:34 - [TEST_SUITE][PASSED] - TCSuite1: Test Cases/ParaBank]]></system-out>
      <system-err><![CDATA[]]></system-err>
   </testsuite>
</testsuites>
