<?xml version="1.0" encoding="UTF-8"?>
<testsuites name="AISuite" time="40.342" tests="3" failures="0" errors="0">
   <testsuite name="AISuite" tests="3" failures="0" errors="0" time="40.342" skipped="0" timestamp="18-10-2024T19:59:45" hostname="Anoop_G - 192.168.1.38" id="Test Suites/AISuite">
      <properties>
         <property name="deviceName" value=""/>
         <property name="devicePlatform"/>
         <property name="logFolder" value="C:\\Users\\Anoop_G\\git\\GitKatalonIntegration\\GitKatalonIntegration\\Reports\\20241018_195928\\AISuite\\20241018_195928"/>
         <property name="logFiles" value="C:\\Users\\Anoop_G\\git\\GitKatalonIntegration\\GitKatalonIntegration\\Reports\\20241018_195928\\AISuite\\20241018_195928\\execution0.log"/>
         <property name="attachments" value=""/>
         <property name="hostName" value="Anoop_G - 192.168.1.38"/>
         <property name="os" value="Windows 11 64bit"/>
         <property name="katalonVersion" value="9.7.2.223"/>
         <property name="browser" value="Chrome 129.0.0.0"/>
         <property name="hostAddress" value="192.168.1.38"/>
         <property name="sessionId" value="78ad8e6ee5d3445796f1804dfec6f359"/>
         <property name="seleniumVersion" value="3.141.59"/>
         <property name="proxyInformation" value="ProxyInformation { proxyOption=NO_PROXY, proxyServerType=HTTP, username=, password=********, proxyServerAddress=, proxyServerPort=0, executionList=&quot;&quot;, isApplyToDesiredCapabilities=true }"/>
         <property name="platform" value="Windows 11"/>
      </properties>
      <testcase name="Test Cases/AI3" time="18.056" classname="Test Cases/AI3" status="PASSED">
         <system-out><![CDATA[18-10-2024T19:59:46 - [TEST_CASE][PASSED] - Test Cases/AI3: Test Cases/AI3

18-10-2024T19:59:47 - [TEST_STEP][PASSED] - openBrowser(""): Browser is opened with url: ''

18-10-2024T19:59:48 - [MESSAGE][INFO] - Starting 'Chrome' driver

18-10-2024T19:59:49 - [MESSAGE][INFO] - Action delay is set to 0 milliseconds

18-10-2024T19:59:54 - [MESSAGE][PASSED] - Browser is opened with url: ''

18-10-2024T19:59:54 - [TEST_STEP][PASSED] - navigateToUrl("https://webflow.com/login"): Navigate to 'https://webflow.com/login' successfully

18-10-2024T20:00:04 - [MESSAGE][PASSED] - Navigate to 'https://webflow.com/login' successfully]]></system-out>
         <system-err><![CDATA[]]></system-err>
      </testcase>
      <testcase name="Test Cases/AI_TC2" time="9.022" classname="Test Cases/AI_TC2" status="PASSED">
         <system-out><![CDATA[18-10-2024T20:00:04 - [TEST_CASE][PASSED] - Test Cases/AI_TC2: Test Cases/AI_TC2

18-10-2024T20:00:05 - [TEST_STEP][PASSED] - openBrowser(""): Browser is opened with url: ''

18-10-2024T20:00:05 - [MESSAGE][WARNING] - A browser is already opened. Closing browser and opening a new one

18-10-2024T20:00:06 - [MESSAGE][INFO] - Starting 'Chrome' driver

18-10-2024T20:00:06 - [MESSAGE][INFO] - Action delay is set to 0 milliseconds

18-10-2024T20:00:09 - [MESSAGE][PASSED] - Browser is opened with url: ''

18-10-2024T20:00:09 - [TEST_STEP][PASSED] - maximizeWindow(): Current window maximized

18-10-2024T20:00:09 - [MESSAGE][PASSED] - Current window maximized

18-10-2024T20:00:09 - [TEST_STEP][PASSED] - navigateToUrl("https://google.com"): Navigate to 'https://google.com' successfully

18-10-2024T20:00:13 - [MESSAGE][PASSED] - Navigate to 'https://google.com' successfully]]></system-out>
         <system-err><![CDATA[]]></system-err>
      </testcase>
      <testcase name="Test Cases/AI4" time="12.328" classname="Test Cases/AI4" status="PASSED">
         <system-out><![CDATA[18-10-2024T20:00:13 - [TEST_CASE][PASSED] - Test Cases/AI4: Test Cases/AI4

18-10-2024T20:00:14 - [TEST_STEP][PASSED] - openBrowser(""): Browser is opened with url: ''

18-10-2024T20:00:14 - [MESSAGE][WARNING] - A browser is already opened. Closing browser and opening a new one

18-10-2024T20:00:15 - [MESSAGE][INFO] - Starting 'Chrome' driver

18-10-2024T20:00:15 - [MESSAGE][INFO] - Action delay is set to 0 milliseconds

18-10-2024T20:00:19 - [MESSAGE][PASSED] - Browser is opened with url: ''

18-10-2024T20:00:19 - [TEST_STEP][PASSED] - maximizeWindow(): Current window maximized

18-10-2024T20:00:19 - [MESSAGE][PASSED] - Current window maximized

18-10-2024T20:00:19 - [TEST_STEP][PASSED] - navigateToUrl("https://rahulshettyacademy.com/client"): Navigate to 'https://rahulshettyacademy.com/client' successfully

18-10-2024T20:00:26 - [MESSAGE][PASSED] - Navigate to 'https://rahulshettyacademy.com/client' successfully]]></system-out>
         <system-err><![CDATA[]]></system-err>
      </testcase>
      <system-out><![CDATA[18-10-2024T19:59:45 - [TEST_SUITE][PASSED] - AISuite: Test Cases/AI4]]></system-out>
      <system-err><![CDATA[]]></system-err>
   </testsuite>
</testsuites>
