<?xml version="1.0" encoding="UTF-8"?>
<testsuites name="tc48suite" time="14.867" tests="1" failures="0" errors="0">
   <testsuite name="tc48suite" tests="1" failures="0" errors="0" time="14.867" skipped="0" timestamp="22-10-2024T23:08:32" hostname="Anoop_G - 192.168.1.39" id="Test Suites/tc48suite">
      <properties>
         <property name="deviceName" value=""/>
         <property name="devicePlatform"/>
         <property name="logFolder" value="C:\\Users\\Anoop_G\\git\\GitKatalonIntegration\\GitKatalonIntegration\\Reports\\20241022_230817\\tc48suite\\20241022_230817"/>
         <property name="logFiles" value="C:\\Users\\Anoop_G\\git\\GitKatalonIntegration\\GitKatalonIntegration\\Reports\\20241022_230817\\tc48suite\\20241022_230817\\execution0.log"/>
         <property name="attachments" value=""/>
         <property name="hostName" value="Anoop_G - 192.168.1.39"/>
         <property name="os" value="Windows 11 64bit"/>
         <property name="katalonVersion" value="9.7.2.223"/>
         <property name="browser" value="Chrome 130.0.0.0"/>
         <property name="hostAddress" value="192.168.1.39"/>
         <property name="sessionId" value="4014ba6bfb4d5d1dfe1ebad6fe45bcd0"/>
         <property name="seleniumVersion" value="3.141.59"/>
         <property name="proxyInformation" value="ProxyInformation { proxyOption=NO_PROXY, proxyServerType=HTTP, username=, password=********, proxyServerAddress=, proxyServerPort=0, executionList=&quot;&quot;, isApplyToDesiredCapabilities=true }"/>
         <property name="platform" value="Windows 11"/>
      </properties>
      <testcase name="Test Cases/tc47" time="13.742" classname="Test Cases/tc47" status="PASSED">
         <system-out><![CDATA[22-10-2024T23:08:33 - [TEST_CASE][PASSED] - Test Cases/tc47: Test Cases/tc47

22-10-2024T23:08:34 - [TEST_STEP][PASSED] - openBrowser(""): Browser is opened with url: ''

22-10-2024T23:08:35 - [MESSAGE][INFO] - Starting 'Chrome' driver

22-10-2024T23:08:35 - [MESSAGE][INFO] - Action delay is set to 0 milliseconds

22-10-2024T23:08:40 - [MESSAGE][PASSED] - Browser is opened with url: ''

22-10-2024T23:08:40 - [TEST_STEP][PASSED] - navigateToUrl("https://automationbookstore.dev/"): Navigate to 'https://automationbookstore.dev/' successfully

22-10-2024T23:08:43 - [MESSAGE][PASSED] - Navigate to 'https://automationbookstore.dev/' successfully

22-10-2024T23:08:43 - [TEST_STEP][PASSED] - click(findTestObject("Object Repository/Page_Automation Bookstore/body_Automation BookstoreClear textAB Testi_7150f6")): Object: 'Object Repository/Page_Automation Bookstore/body_Automation BookstoreClear textAB Testi_7150f6' is clicked on

22-10-2024T23:08:45 - [MESSAGE][PASSED] - Object: 'Object Repository/Page_Automation Bookstore/body_Automation BookstoreClear textAB Testi_7150f6' is clicked on

22-10-2024T23:08:45 - [TEST_STEP][PASSED] - setText(findTestObject("Object Repository/Page_Automation Bookstore/input_Automation Bookstore_searchBar"), "agile te"): Text 'agile te' is set on object 'Object Repository/Page_Automation Bookstore/input_Automation Bookstore_searchBar'

22-10-2024T23:08:46 - [MESSAGE][PASSED] - Text 'agile te' is set on object 'Object Repository/Page_Automation Bookstore/input_Automation Bookstore_searchBar'

22-10-2024T23:08:46 - [TEST_STEP][PASSED] - verifyElementPresent(findTestObject("Object Repository/Page_Automation Bookstore/h2_Agile Testing"), 0): Object 'Object Repository/Page_Automation Bookstore/h2_Agile Testing' is present

22-10-2024T23:08:46 - [MESSAGE][WARNING] - Timeout '0' is invalid. Using default page load timeout: '30'

22-10-2024T23:08:47 - [MESSAGE][PASSED] - Object 'Object Repository/Page_Automation Bookstore/h2_Agile Testing' is present]]></system-out>
         <system-err><![CDATA[]]></system-err>
      </testcase>
      <system-out><![CDATA[22-10-2024T23:08:32 - [TEST_SUITE][PASSED] - tc48suite: Test Cases/tc47]]></system-out>
      <system-err><![CDATA[]]></system-err>
   </testsuite>
</testsuites>
