<?xml version="1.0" encoding="UTF-8"?>
<testsuites name="CuraTestSuite" time="21.3" tests="1" failures="0" errors="0">
   <testsuite name="CuraTestSuite" tests="1" failures="0" errors="0" time="21.3" skipped="0" timestamp="24-10-2024T22:02:55" hostname="Anoop_G - 192.168.1.39" id="Test Suites/CuraTestSuite">
      <properties>
         <property name="deviceName" value=""/>
         <property name="devicePlatform"/>
         <property name="logFolder" value="C:\\Users\\Anoop_G\\git\\GitKatalonIntegration\\GitKatalonIntegration\\Reports\\20241024_220238\\CuraTestSuite\\20241024_220238"/>
         <property name="logFiles" value="C:\\Users\\Anoop_G\\git\\GitKatalonIntegration\\GitKatalonIntegration\\Reports\\20241024_220238\\CuraTestSuite\\20241024_220238\\execution0.log"/>
         <property name="attachments" value=""/>
         <property name="hostName" value="Anoop_G - 192.168.1.39"/>
         <property name="os" value="Windows 11 64bit"/>
         <property name="katalonVersion" value="9.7.2.223"/>
         <property name="browser" value="Chrome 130.0.0.0"/>
         <property name="hostAddress" value="192.168.1.39"/>
         <property name="sessionId" value="bebd17f0566ccdba337330f94de41192"/>
         <property name="seleniumVersion" value="3.141.59"/>
         <property name="proxyInformation" value="ProxyInformation { proxyOption=NO_PROXY, proxyServerType=HTTP, username=, password=********, proxyServerAddress=, proxyServerPort=0, executionList=&quot;&quot;, isApplyToDesiredCapabilities=true }"/>
         <property name="platform" value="Windows 11"/>
      </properties>
      <testcase name="Test Cases/TC_CuraHealth_SelfHeal" time="20.469" classname="Test Cases/TC_CuraHealth_SelfHeal" status="PASSED">
         <system-out><![CDATA[24-10-2024T22:02:56 - [TEST_CASE][PASSED] - Test Cases/TC_CuraHealth_SelfHeal: Test Cases/TC_CuraHealth_SelfHeal

24-10-2024T22:02:57 - [TEST_STEP][PASSED] - openBrowser(""): Browser is opened with url: ''

24-10-2024T22:02:58 - [MESSAGE][INFO] - Starting 'Chrome' driver

24-10-2024T22:02:58 - [MESSAGE][INFO] - Action delay is set to 0 milliseconds

24-10-2024T22:03:04 - [MESSAGE][PASSED] - Browser is opened with url: ''

24-10-2024T22:03:04 - [TEST_STEP][PASSED] - navigateToUrl("https://katalon-demo-cura.herokuapp.com/"): Navigate to 'https://katalon-demo-cura.herokuapp.com/' successfully

24-10-2024T22:03:05 - [MESSAGE][PASSED] - Navigate to 'https://katalon-demo-cura.herokuapp.com/' successfully

24-10-2024T22:03:05 - [TEST_STEP][PASSED] - click(findTestObject("Object Repository/Page_CURA Healthcare Service/a_Make Appointment")): Object: 'Object Repository/Page_CURA Healthcare Service/a_Make Appointment' is clicked on

24-10-2024T22:03:10 - [MESSAGE][PASSED] - Object: 'Object Repository/Page_CURA Healthcare Service/a_Make Appointment' is clicked on

24-10-2024T22:03:10 - [TEST_STEP][PASSED] - username = findTestObject("Object Repository/Page_CURA Healthcare Service/input_Username_username"): null

24-10-2024T22:03:10 - [TEST_STEP][PASSED] - setText(username, "John Doe"): Text 'John Doe' is set on object 'Object Repository/Page_CURA Healthcare Service/input_Username_username'

24-10-2024T22:03:11 - [MESSAGE][PASSED] - Text 'John Doe' is set on object 'Object Repository/Page_CURA Healthcare Service/input_Username_username'

24-10-2024T22:03:12 - [TEST_STEP][PASSED] - verifyElementPresent(username, 5): Object 'Object Repository/Page_CURA Healthcare Service/input_Username_username' is present

24-10-2024T22:03:12 - [MESSAGE][PASSED] - Object 'Object Repository/Page_CURA Healthcare Service/input_Username_username' is present

24-10-2024T22:03:12 - [TEST_STEP][PASSED] - setText(findTestObject("Object Repository/Page_CURA Healthcare Service/input_Password_password"), "ThisIsNotAPassword"): Text 'ThisIsNotAPassword' is set on object 'Object Repository/Page_CURA Healthcare Service/input_Password_password'

24-10-2024T22:03:14 - [MESSAGE][PASSED] - Text 'ThisIsNotAPassword' is set on object 'Object Repository/Page_CURA Healthcare Service/input_Password_password'

24-10-2024T22:03:14 - [TEST_STEP][PASSED] - click(findTestObject("Page_CURA Healthcare Service/button_Login")): Object: 'Object Repository/Page_CURA Healthcare Service/button_Login' is clicked on

24-10-2024T22:03:16 - [MESSAGE][PASSED] - Object: 'Object Repository/Page_CURA Healthcare Service/button_Login' is clicked on

24-10-2024T22:03:16 - [TEST_STEP][PASSED] - verifyElementPresent(findTestObject("Object Repository/Page_CURA Healthcare Service/textMake_Appointment"), 0): Object 'Object Repository/Page_CURA Healthcare Service/textMake_Appointment' is present

24-10-2024T22:03:16 - [MESSAGE][WARNING] - Timeout '0' is invalid. Using default page load timeout: '30'

24-10-2024T22:03:16 - [MESSAGE][PASSED] - Object 'Object Repository/Page_CURA Healthcare Service/textMake_Appointment' is present]]></system-out>
         <system-err><![CDATA[]]></system-err>
      </testcase>
      <system-out><![CDATA[24-10-2024T22:02:55 - [TEST_SUITE][PASSED] - CuraTestSuite: Test Cases/TC_CuraHealth_SelfHeal]]></system-out>
      <system-err><![CDATA[]]></system-err>
   </testsuite>
</testsuites>
