<?xml version="1.0" encoding="UTF-8"?>
<testsuites name="AISuite" time="35.768" tests="3" failures="0" errors="0">
   <testsuite name="AISuite" tests="3" failures="0" errors="0" time="35.768" skipped="0" timestamp="21-10-2024T19:44:56" hostname="Anoop_G - 192.168.1.39" id="Test Suites/AISuite">
      <properties>
         <property name="deviceName" value=""/>
         <property name="devicePlatform"/>
         <property name="logFolder" value="C:\\Users\\Anoop_G\\git\\GitKatalonIntegration\\GitKatalonIntegration\\Reports\\20241021_194441\\AISuite\\20241021_194441"/>
         <property name="logFiles" value="C:\\Users\\Anoop_G\\git\\GitKatalonIntegration\\GitKatalonIntegration\\Reports\\20241021_194441\\AISuite\\20241021_194441\\execution0.log"/>
         <property name="attachments" value=""/>
         <property name="hostName" value="Anoop_G - 192.168.1.39"/>
         <property name="os" value="Windows 11 64bit"/>
         <property name="katalonVersion" value="9.7.2.223"/>
         <property name="browser" value="Chrome 130.0.0.0"/>
         <property name="hostAddress" value="192.168.1.39"/>
         <property name="sessionId" value="0a263a29272ba6ca645bc8f720e2cde7"/>
         <property name="seleniumVersion" value="3.141.59"/>
         <property name="proxyInformation" value="ProxyInformation { proxyOption=NO_PROXY, proxyServerType=HTTP, username=, password=********, proxyServerAddress=, proxyServerPort=0, executionList=&quot;&quot;, isApplyToDesiredCapabilities=true }"/>
         <property name="platform" value="Windows 11"/>
      </properties>
      <testcase name="Test Cases/AI3" time="17.135" classname="Test Cases/AI3" status="PASSED">
         <system-out><![CDATA[21-10-2024T19:44:57 - [TEST_CASE][PASSED] - Test Cases/AI3: Test Cases/AI3

21-10-2024T19:44:57 - [TEST_STEP][PASSED] - openBrowser(""): Browser is opened with url: ''

21-10-2024T19:44:59 - [MESSAGE][INFO] - Starting 'Chrome' driver

21-10-2024T19:44:59 - [MESSAGE][INFO] - Action delay is set to 0 milliseconds

21-10-2024T19:45:04 - [MESSAGE][PASSED] - Browser is opened with url: ''

21-10-2024T19:45:04 - [TEST_STEP][PASSED] - navigateToUrl("https://webflow.com/login"): Navigate to 'https://webflow.com/login' successfully

21-10-2024T19:45:14 - [MESSAGE][PASSED] - Navigate to 'https://webflow.com/login' successfully]]></system-out>
         <system-err><![CDATA[]]></system-err>
      </testcase>
      <testcase name="Test Cases/AI_TC2" time="10.62" classname="Test Cases/AI_TC2" status="PASSED">
         <system-out><![CDATA[21-10-2024T19:45:14 - [TEST_CASE][PASSED] - Test Cases/AI_TC2: Test Cases/AI_TC2

21-10-2024T19:45:15 - [TEST_STEP][PASSED] - openBrowser(""): Browser is opened with url: ''

21-10-2024T19:45:15 - [MESSAGE][WARNING] - A browser is already opened. Closing browser and opening a new one

21-10-2024T19:45:17 - [MESSAGE][INFO] - Starting 'Chrome' driver

21-10-2024T19:45:17 - [MESSAGE][INFO] - Action delay is set to 0 milliseconds

21-10-2024T19:45:20 - [MESSAGE][PASSED] - Browser is opened with url: ''

21-10-2024T19:45:20 - [TEST_STEP][PASSED] - maximizeWindow(): Current window maximized

21-10-2024T19:45:21 - [MESSAGE][PASSED] - Current window maximized

21-10-2024T19:45:21 - [TEST_STEP][PASSED] - navigateToUrl("https://google.com"): Navigate to 'https://google.com' successfully

21-10-2024T19:45:24 - [MESSAGE][PASSED] - Navigate to 'https://google.com' successfully]]></system-out>
         <system-err><![CDATA[]]></system-err>
      </testcase>
      <testcase name="Test Cases/AI4" time="7.194" classname="Test Cases/AI4" status="PASSED">
         <system-out><![CDATA[21-10-2024T19:45:24 - [TEST_CASE][PASSED] - Test Cases/AI4: Test Cases/AI4

21-10-2024T19:45:25 - [TEST_STEP][PASSED] - openBrowser(""): Browser is opened with url: ''

21-10-2024T19:45:25 - [MESSAGE][WARNING] - A browser is already opened. Closing browser and opening a new one

21-10-2024T19:45:27 - [MESSAGE][INFO] - Starting 'Chrome' driver

21-10-2024T19:45:27 - [MESSAGE][INFO] - Action delay is set to 0 milliseconds

21-10-2024T19:45:30 - [MESSAGE][PASSED] - Browser is opened with url: ''

21-10-2024T19:45:30 - [TEST_STEP][PASSED] - maximizeWindow(): Current window maximized

21-10-2024T19:45:30 - [MESSAGE][PASSED] - Current window maximized

21-10-2024T19:45:30 - [TEST_STEP][PASSED] - navigateToUrl("https://rahulshettyacademy.com/client"): Navigate to 'https://rahulshettyacademy.com/client' successfully

21-10-2024T19:45:32 - [MESSAGE][PASSED] - Navigate to 'https://rahulshettyacademy.com/client' successfully]]></system-out>
         <system-err><![CDATA[]]></system-err>
      </testcase>
      <system-out><![CDATA[21-10-2024T19:44:56 - [TEST_SUITE][PASSED] - AISuite: Test Cases/AI4]]></system-out>
      <system-err><![CDATA[]]></system-err>
   </testsuite>
</testsuites>
