<?xml version="1.0" encoding="UTF-8"?>
<testsuites name="TCSuite1" time="52.36" tests="2" failures="0" errors="0">
   <testsuite name="TCSuite1" tests="2" failures="0" errors="0" time="52.36" skipped="0" timestamp="19-10-2024T01:38:18" hostname="Anoop_G - 192.168.1.38" id="Test Suites/SauceLab/TCSuite1">
      <properties>
         <property name="deviceName" value=""/>
         <property name="devicePlatform"/>
         <property name="logFolder" value="C:\\Users\\Anoop_G\\git\\GitKatalonIntegration\\GitKatalonIntegration\\Reports\\20241019_013802\\SauceLab\\TCSuite1\\20241019_013802"/>
         <property name="logFiles" value="C:\\Users\\Anoop_G\\git\\GitKatalonIntegration\\GitKatalonIntegration\\Reports\\20241019_013802\\SauceLab\\TCSuite1\\20241019_013802\\execution0.log"/>
         <property name="attachments" value=""/>
         <property name="hostName" value="Anoop_G - 192.168.1.38"/>
         <property name="os" value="Windows 11 64bit"/>
         <property name="katalonVersion" value="9.7.2.223"/>
         <property name="browser" value="Chrome 129.0.0.0"/>
         <property name="hostAddress" value="192.168.1.38"/>
         <property name="sessionId" value="02283ee7af132abfdae9b7d2b11b20e0"/>
         <property name="seleniumVersion" value="3.141.59"/>
         <property name="proxyInformation" value="ProxyInformation { proxyOption=NO_PROXY, proxyServerType=HTTP, username=, password=********, proxyServerAddress=, proxyServerPort=0, executionList=&quot;&quot;, isApplyToDesiredCapabilities=true }"/>
         <property name="platform" value="Windows 11"/>
      </properties>
      <testcase name="Test Cases/DemoBlazeTagsAdded" time="20.134" classname="Test Cases/DemoBlazeTagsAdded" status="PASSED">
         <system-out><![CDATA[19-10-2024T01:38:19 - [TEST_CASE][PASSED] - Test Cases/DemoBlazeTagsAdded: Test Cases/DemoBlazeTagsAdded

19-10-2024T01:38:20 - [TEST_STEP][PASSED] - openBrowser(""): Browser is opened with url: ''

19-10-2024T01:38:21 - [MESSAGE][INFO] - Starting 'Chrome' driver

19-10-2024T01:38:21 - [MESSAGE][INFO] - Action delay is set to 0 milliseconds

19-10-2024T01:38:26 - [MESSAGE][PASSED] - Browser is opened with url: ''

19-10-2024T01:38:26 - [TEST_STEP][PASSED] - navigateToUrl("https://www.demoblaze.com/"): Navigate to 'https://www.demoblaze.com/' successfully

19-10-2024T01:38:28 - [MESSAGE][PASSED] - Navigate to 'https://www.demoblaze.com/' successfully

19-10-2024T01:38:28 - [TEST_STEP][PASSED] - click(findTestObject("Object Repository/Page_STORE/a_Monitors")): Object: 'Object Repository/Page_STORE/a_Monitors' is clicked on

19-10-2024T01:38:32 - [MESSAGE][PASSED] - Object: 'Object Repository/Page_STORE/a_Monitors' is clicked on

19-10-2024T01:38:32 - [TEST_STEP][PASSED] - click(findTestObject("Object Repository/Page_STORE/a_ASUS Full HD")): Object: 'Object Repository/Page_STORE/a_ASUS Full HD' is clicked on

19-10-2024T01:38:34 - [MESSAGE][PASSED] - Object: 'Object Repository/Page_STORE/a_ASUS Full HD' is clicked on

19-10-2024T01:38:34 - [TEST_STEP][PASSED] - verifyElementPresent(findTestObject("Object Repository/Page_STORE/h2_ASUS Full HD"), 0): Object 'Object Repository/Page_STORE/h2_ASUS Full HD' is present

19-10-2024T01:38:34 - [MESSAGE][WARNING] - Timeout '0' is invalid. Using default page load timeout: '30'

19-10-2024T01:38:35 - [MESSAGE][PASSED] - Object 'Object Repository/Page_STORE/h2_ASUS Full HD' is present

19-10-2024T01:38:35 - [TEST_STEP][PASSED] - click(findTestObject("Object Repository/Page_STORE/a_Add to cart")): Object: 'Object Repository/Page_STORE/a_Add to cart' is clicked on

19-10-2024T01:38:36 - [MESSAGE][PASSED] - Object: 'Object Repository/Page_STORE/a_Add to cart' is clicked on

19-10-2024T01:38:36 - [TEST_STEP][PASSED] - cart = findTestObject("Object Repository/Page_STORE/a_Add to cart"): null

19-10-2024T01:38:36 - [TEST_STEP][PASSED] - verifyElementPresent(cart, 3): Object 'Object Repository/Page_STORE/a_Add to cart' is present

19-10-2024T01:38:37 - [MESSAGE][PASSED] - Object 'Object Repository/Page_STORE/a_Add to cart' is present

19-10-2024T01:38:37 - [TEST_STEP][PASSED] - closeBrowser(): Browser is closed

19-10-2024T01:38:39 - [MESSAGE][PASSED] - Browser is closed]]></system-out>
         <system-err><![CDATA[]]></system-err>
      </testcase>
      <testcase name="Test Cases/ParaBank" time="31.251" classname="Test Cases/ParaBank" status="PASSED">
         <system-out><![CDATA[19-10-2024T01:38:39 - [TEST_CASE][PASSED] - Test Cases/ParaBank: Test Cases/ParaBank

19-10-2024T01:38:40 - [TEST_STEP][PASSED] - openBrowser(""): Browser is opened with url: ''

19-10-2024T01:38:40 - [MESSAGE][INFO] - Starting 'Chrome' driver

19-10-2024T01:38:40 - [MESSAGE][INFO] - Action delay is set to 0 milliseconds

19-10-2024T01:38:43 - [MESSAGE][PASSED] - Browser is opened with url: ''

19-10-2024T01:38:43 - [TEST_STEP][PASSED] - navigateToUrl("https://parabank.parasoft.com/parabank/index.htm;jsessionid=433A0C0C0BB91807C12AA4A71899882A"): Navigate to 'https://parabank.parasoft.com/parabank/index.htm;jsessionid=433A0C0C0BB91807C12AA4A71899882A' successfully

19-10-2024T01:38:47 - [MESSAGE][PASSED] - Navigate to 'https://parabank.parasoft.com/parabank/index.htm;jsessionid=433A0C0C0BB91807C12AA4A71899882A' successfully

19-10-2024T01:38:47 - [TEST_STEP][PASSED] - click(findTestObject("Object Repository/Page_ParaBank  Welcome  Online Banking/a_Register")): Object: 'Object Repository/Page_ParaBank  Welcome  Online Banking/a_Register' is clicked on

19-10-2024T01:38:50 - [MESSAGE][PASSED] - Object: 'Object Repository/Page_ParaBank  Welcome  Online Banking/a_Register' is clicked on

19-10-2024T01:38:50 - [TEST_STEP][PASSED] - setText(findTestObject("Object Repository/Page_ParaBank  Register for Free Online Acc_dbf84b/input_First Name_customer.firstName"), fname): Text 'test' is set on object 'Object Repository/Page_ParaBank  Register for Free Online Acc_dbf84b/input_First Name_customer.firstName'

19-10-2024T01:38:52 - [MESSAGE][PASSED] - Text 'test' is set on object 'Object Repository/Page_ParaBank  Register for Free Online Acc_dbf84b/input_First Name_customer.firstName'

19-10-2024T01:38:52 - [TEST_STEP][PASSED] - setText(findTestObject("Object Repository/Page_ParaBank  Register for Free Online Acc_dbf84b/input_Last Name_customer.lastName"), lname): Text 'last' is set on object 'Object Repository/Page_ParaBank  Register for Free Online Acc_dbf84b/input_Last Name_customer.lastName'

19-10-2024T01:38:53 - [MESSAGE][PASSED] - Text 'last' is set on object 'Object Repository/Page_ParaBank  Register for Free Online Acc_dbf84b/input_Last Name_customer.lastName'

19-10-2024T01:38:53 - [TEST_STEP][PASSED] - setText(findTestObject("Object Repository/Page_ParaBank  Register for Free Online Acc_dbf84b/input_Address_customer.address.street"), "t"): Text 't' is set on object 'Object Repository/Page_ParaBank  Register for Free Online Acc_dbf84b/input_Address_customer.address.street'

19-10-2024T01:38:53 - [MESSAGE][PASSED] - Text 't' is set on object 'Object Repository/Page_ParaBank  Register for Free Online Acc_dbf84b/input_Address_customer.address.street'

19-10-2024T01:38:53 - [TEST_STEP][PASSED] - setText(findTestObject("Object Repository/Page_ParaBank  Register for Free Online Acc_dbf84b/input_City_customer.address.city"), "t"): Text 't' is set on object 'Object Repository/Page_ParaBank  Register for Free Online Acc_dbf84b/input_City_customer.address.city'

19-10-2024T01:38:54 - [MESSAGE][PASSED] - Text 't' is set on object 'Object Repository/Page_ParaBank  Register for Free Online Acc_dbf84b/input_City_customer.address.city'

19-10-2024T01:38:54 - [TEST_STEP][PASSED] - click(findTestObject("Object Repository/Page_ParaBank  Register for Free Online Acc_dbf84b/input_City_customer.address.city")): Object: 'Object Repository/Page_ParaBank  Register for Free Online Acc_dbf84b/input_City_customer.address.city' is clicked on

19-10-2024T01:38:55 - [MESSAGE][PASSED] - Object: 'Object Repository/Page_ParaBank  Register for Free Online Acc_dbf84b/input_City_customer.address.city' is clicked on

19-10-2024T01:38:55 - [TEST_STEP][PASSED] - setText(findTestObject("Object Repository/Page_ParaBank  Register for Free Online Acc_dbf84b/input_State_customer.address.state"), "t"): Text 't' is set on object 'Object Repository/Page_ParaBank  Register for Free Online Acc_dbf84b/input_State_customer.address.state'

19-10-2024T01:38:56 - [MESSAGE][PASSED] - Text 't' is set on object 'Object Repository/Page_ParaBank  Register for Free Online Acc_dbf84b/input_State_customer.address.state'

19-10-2024T01:38:56 - [TEST_STEP][PASSED] - click(findTestObject("Object Repository/Page_ParaBank  Register for Free Online Acc_dbf84b/input_State_customer.address.state")): Object: 'Object Repository/Page_ParaBank  Register for Free Online Acc_dbf84b/input_State_customer.address.state' is clicked on

19-10-2024T01:38:57 - [MESSAGE][PASSED] - Object: 'Object Repository/Page_ParaBank  Register for Free Online Acc_dbf84b/input_State_customer.address.state' is clicked on

19-10-2024T01:38:57 - [TEST_STEP][PASSED] - setText(findTestObject("Object Repository/Page_ParaBank  Register for Free Online Acc_dbf84b/input_Zip Code_customer.address.zipCode"), "222"): Text '222' is set on object 'Object Repository/Page_ParaBank  Register for Free Online Acc_dbf84b/input_Zip Code_customer.address.zipCode'

19-10-2024T01:38:58 - [MESSAGE][PASSED] - Text '222' is set on object 'Object Repository/Page_ParaBank  Register for Free Online Acc_dbf84b/input_Zip Code_customer.address.zipCode'

19-10-2024T01:38:58 - [TEST_STEP][PASSED] - setText(findTestObject("Object Repository/Page_ParaBank  Register for Free Online Acc_dbf84b/input_Phone_customer.phoneNumber"), "22332"): Text '22332' is set on object 'Object Repository/Page_ParaBank  Register for Free Online Acc_dbf84b/input_Phone_customer.phoneNumber'

19-10-2024T01:39:00 - [MESSAGE][PASSED] - Text '22332' is set on object 'Object Repository/Page_ParaBank  Register for Free Online Acc_dbf84b/input_Phone_customer.phoneNumber'

19-10-2024T01:39:00 - [TEST_STEP][PASSED] - setText(findTestObject("Object Repository/Page_ParaBank  Register for Free Online Acc_dbf84b/input_SSN_customer.ssn"), ""): Text '' is set on object 'Object Repository/Page_ParaBank  Register for Free Online Acc_dbf84b/input_SSN_customer.ssn'

19-10-2024T01:39:01 - [MESSAGE][PASSED] - Text '' is set on object 'Object Repository/Page_ParaBank  Register for Free Online Acc_dbf84b/input_SSN_customer.ssn'

19-10-2024T01:39:01 - [TEST_STEP][PASSED] - click(findTestObject("Object Repository/Page_ParaBank  Register for Free Online Acc_dbf84b/input_SSN_customer.ssn")): Object: 'Object Repository/Page_ParaBank  Register for Free Online Acc_dbf84b/input_SSN_customer.ssn' is clicked on

19-10-2024T01:39:01 - [MESSAGE][PASSED] - Object: 'Object Repository/Page_ParaBank  Register for Free Online Acc_dbf84b/input_SSN_customer.ssn' is clicked on

19-10-2024T01:39:01 - [TEST_STEP][PASSED] - setText(findTestObject("Object Repository/Page_ParaBank  Register for Free Online Acc_dbf84b/input_Username_customer.username"), "test"): Text 'test' is set on object 'Object Repository/Page_ParaBank  Register for Free Online Acc_dbf84b/input_Username_customer.username'

19-10-2024T01:39:03 - [MESSAGE][PASSED] - Text 'test' is set on object 'Object Repository/Page_ParaBank  Register for Free Online Acc_dbf84b/input_Username_customer.username'

19-10-2024T01:39:03 - [TEST_STEP][PASSED] - setEncryptedText(findTestObject("Object Repository/Page_ParaBank  Register for Free Online Acc_dbf84b/input_Password_customer.password"), "P9ET2sDE0SE="): Text ****** has been set on object 'Object Repository/Page_ParaBank  Register for Free Online Acc_dbf84b/input_Password_customer.password'

19-10-2024T01:39:04 - [MESSAGE][PASSED] - Text ****** has been set on object 'Object Repository/Page_ParaBank  Register for Free Online Acc_dbf84b/input_Password_customer.password'

19-10-2024T01:39:04 - [TEST_STEP][PASSED] - setEncryptedText(findTestObject("Object Repository/Page_ParaBank  Register for Free Online Acc_dbf84b/input_Confirm_repeatedPassword"), "P9ET2sDE0SE="): Text ****** has been set on object 'Object Repository/Page_ParaBank  Register for Free Online Acc_dbf84b/input_Confirm_repeatedPassword'

19-10-2024T01:39:05 - [MESSAGE][PASSED] - Text ****** has been set on object 'Object Repository/Page_ParaBank  Register for Free Online Acc_dbf84b/input_Confirm_repeatedPassword'

19-10-2024T01:39:05 - [TEST_STEP][PASSED] - click(findTestObject("Object Repository/Page_ParaBank  Register for Free Online Acc_dbf84b/input_Confirm_button")): Object: 'Object Repository/Page_ParaBank  Register for Free Online Acc_dbf84b/input_Confirm_button' is clicked on

19-10-2024T01:39:07 - [MESSAGE][PASSED] - Object: 'Object Repository/Page_ParaBank  Register for Free Online Acc_dbf84b/input_Confirm_button' is clicked on

19-10-2024T01:39:07 - [TEST_STEP][PASSED] - setText(findTestObject("Object Repository/Page_ParaBank  Register for Free Online Acc_dbf84b/input_Username_username"), "test"): Text 'test' is set on object 'Object Repository/Page_ParaBank  Register for Free Online Acc_dbf84b/input_Username_username'

19-10-2024T01:39:08 - [MESSAGE][PASSED] - Text 'test' is set on object 'Object Repository/Page_ParaBank  Register for Free Online Acc_dbf84b/input_Username_username'

19-10-2024T01:39:08 - [TEST_STEP][PASSED] - setEncryptedText(findTestObject("Object Repository/Page_ParaBank  Register for Free Online Acc_dbf84b/input_Password_password"), "P9ET2sDE0SE="): Text ****** has been set on object 'Object Repository/Page_ParaBank  Register for Free Online Acc_dbf84b/input_Password_password'

19-10-2024T01:39:09 - [MESSAGE][PASSED] - Text ****** has been set on object 'Object Repository/Page_ParaBank  Register for Free Online Acc_dbf84b/input_Password_password'

19-10-2024T01:39:09 - [TEST_STEP][PASSED] - click(findTestObject("Object Repository/Page_ParaBank  Register for Free Online Acc_dbf84b/input_Password_button")): Object: 'Object Repository/Page_ParaBank  Register for Free Online Acc_dbf84b/input_Password_button' is clicked on

19-10-2024T01:39:10 - [MESSAGE][PASSED] - Object: 'Object Repository/Page_ParaBank  Register for Free Online Acc_dbf84b/input_Password_button' is clicked on

19-10-2024T01:39:10 - [TEST_STEP][PASSED] - verifyElementVisible(findTestObject("Object Repository/Page_ParaBank  Error/p_The username and password could not be verified")): Object 'Object Repository/Page_ParaBank  Error/p_The username and password could not be verified' is visible

19-10-2024T01:39:10 - [MESSAGE][PASSED] - Object 'Object Repository/Page_ParaBank  Error/p_The username and password could not be verified' is visible]]></system-out>
         <system-err><![CDATA[]]></system-err>
      </testcase>
      <system-out><![CDATA[19-10-2024T01:38:18 - [TEST_SUITE][PASSED] - TCSuite1: Test Cases/ParaBank]]></system-out>
      <system-err><![CDATA[]]></system-err>
   </testsuite>
</testsuites>
