<?xml version="1.0" encoding="UTF-8"?>
<testsuites name="keywordSuite1" time="29.29" tests="1" failures="0" errors="0">
   <testsuite name="keywordSuite1" tests="1" failures="0" errors="0" time="29.29" skipped="0" timestamp="22-10-2024T20:16:40" hostname="Anoop_G - 192.168.1.39" id="Test Suites/keywordSuite1">
      <properties>
         <property name="deviceName" value=""/>
         <property name="devicePlatform"/>
         <property name="logFolder" value="C:\\Users\\Anoop_G\\git\\GitKatalonIntegration\\GitKatalonIntegration\\Reports\\20241022_201626\\keywordSuite1\\20241022_201626"/>
         <property name="logFiles" value="C:\\Users\\Anoop_G\\git\\GitKatalonIntegration\\GitKatalonIntegration\\Reports\\20241022_201626\\keywordSuite1\\20241022_201626\\execution0.log"/>
         <property name="attachments" value=""/>
         <property name="hostName" value="Anoop_G - 192.168.1.39"/>
         <property name="os" value="Windows 11 64bit"/>
         <property name="katalonVersion" value="9.7.2.223"/>
         <property name="browser" value="Chrome 130.0.0.0"/>
         <property name="hostAddress" value="192.168.1.39"/>
         <property name="sessionId" value="def3b492eec5ce1bf68a891974699ba2"/>
         <property name="seleniumVersion" value="3.141.59"/>
         <property name="proxyInformation" value="ProxyInformation { proxyOption=NO_PROXY, proxyServerType=HTTP, username=, password=********, proxyServerAddress=, proxyServerPort=0, executionList=&quot;&quot;, isApplyToDesiredCapabilities=true }"/>
         <property name="platform" value="Windows 11"/>
      </properties>
      <testcase name="Test Cases/Keywordcases/createPIM_orange" time="28.577" classname="Test Cases/Keywordcases/createPIM_orange" status="PASSED">
         <system-out><![CDATA[22-10-2024T20:16:40 - [TEST_CASE][PASSED] - Test Cases/Keywordcases/createPIM_orange: Test Cases/Keywordcases/createPIM_orange

22-10-2024T20:16:41 - [TEST_STEP][PASSED] - openBrowser(""): Browser is opened with url: ''

22-10-2024T20:16:42 - [MESSAGE][INFO] - Starting 'Chrome' driver

22-10-2024T20:16:42 - [MESSAGE][INFO] - Action delay is set to 0 milliseconds

22-10-2024T20:16:48 - [MESSAGE][PASSED] - Browser is opened with url: ''

22-10-2024T20:16:48 - [TEST_STEP][PASSED] - navigateToUrl("https://opensource-demo.orangehrmlive.com/web/index.php/auth/login"): Navigate to 'https://opensource-demo.orangehrmlive.com/web/index.php/auth/login' successfully

22-10-2024T20:16:55 - [MESSAGE][PASSED] - Navigate to 'https://opensource-demo.orangehrmlive.com/web/index.php/auth/login' successfully

22-10-2024T20:16:55 - [TEST_STEP][PASSED] - setText(findTestObject("Object Repository/Page_OrangeHRM/input_Username_username"), "Admin"): Text 'Admin' is set on object 'Object Repository/Page_OrangeHRM/input_Username_username'

22-10-2024T20:16:57 - [MESSAGE][PASSED] - Text 'Admin' is set on object 'Object Repository/Page_OrangeHRM/input_Username_username'

22-10-2024T20:16:57 - [TEST_STEP][PASSED] - setEncryptedText(findTestObject("Object Repository/Page_OrangeHRM/input_Password_password"), "hUKwJTbofgPU9eVlw/CnDQ=="): Text ****** has been set on object 'Object Repository/Page_OrangeHRM/input_Password_password'

22-10-2024T20:16:58 - [MESSAGE][PASSED] - Text ****** has been set on object 'Object Repository/Page_OrangeHRM/input_Password_password'

22-10-2024T20:16:58 - [TEST_STEP][PASSED] - click(findTestObject("Object Repository/Page_OrangeHRM/button_Login")): Object: 'Object Repository/Page_OrangeHRM/button_Login' is clicked on

22-10-2024T20:17:00 - [MESSAGE][PASSED] - Object: 'Object Repository/Page_OrangeHRM/button_Login' is clicked on

22-10-2024T20:17:00 - [TEST_STEP][PASSED] - click(findTestObject("Object Repository/Page_OrangeHRM/a_PIM")): Object: 'Object Repository/Page_OrangeHRM/a_PIM' is clicked on

22-10-2024T20:17:03 - [MESSAGE][PASSED] - Object: 'Object Repository/Page_OrangeHRM/a_PIM' is clicked on

22-10-2024T20:17:03 - [TEST_STEP][PASSED] - click(findTestObject("Object Repository/Page_OrangeHRM/li_Add Employee")): Object: 'Object Repository/Page_OrangeHRM/li_Add Employee' is clicked on

22-10-2024T20:17:05 - [MESSAGE][PASSED] - Object: 'Object Repository/Page_OrangeHRM/li_Add Employee' is clicked on

22-10-2024T20:17:05 - [TEST_STEP][PASSED] - setText(findTestObject("Object Repository/Page_OrangeHRM/input_Employee Full Name_firstName"), "sree"): Text 'sree' is set on object 'Object Repository/Page_OrangeHRM/input_Employee Full Name_firstName'

22-10-2024T20:17:07 - [MESSAGE][PASSED] - Text 'sree' is set on object 'Object Repository/Page_OrangeHRM/input_Employee Full Name_firstName'

22-10-2024T20:17:07 - [TEST_STEP][PASSED] - setText(findTestObject("Object Repository/Page_OrangeHRM/input_Employee Full Name_lastName"), "s"): Text 's' is set on object 'Object Repository/Page_OrangeHRM/input_Employee Full Name_lastName'

22-10-2024T20:17:08 - [MESSAGE][PASSED] - Text 's' is set on object 'Object Repository/Page_OrangeHRM/input_Employee Full Name_lastName'

22-10-2024T20:17:08 - [TEST_STEP][PASSED] - click(findTestObject("Object Repository/Page_OrangeHRM/button_Save")): Object: 'Object Repository/Page_OrangeHRM/button_Save' is clicked on

22-10-2024T20:17:09 - [MESSAGE][PASSED] - Object: 'Object Repository/Page_OrangeHRM/button_Save' is clicked on

22-10-2024T20:17:09 - [TEST_STEP][PASSED] - com.test.pack1.customfunctionipm.createuser(): com.test.pack1.customfunctionipm.createuser is PASSED

22-10-2024T20:17:09 - [MESSAGE][PASSED] - com.test.pack1.customfunctionipm.createuser is PASSED]]></system-out>
         <system-err><![CDATA[]]></system-err>
      </testcase>
      <system-out><![CDATA[22-10-2024T20:16:40 - [TEST_SUITE][PASSED] - keywordSuite1: Test Cases/Keywordcases/createPIM_orange]]></system-out>
      <system-err><![CDATA[]]></system-err>
   </testsuite>
</testsuites>
