<?xml version="1.0" encoding="UTF-8"?>
<testsuites name="ai10ts" time="78.058" tests="1" failures="0" errors="0">
   <testsuite name="ai10ts" tests="1" failures="0" errors="0" time="78.058" skipped="0" timestamp="24-10-2024T00:20:21" hostname="Anoop_G - 192.168.1.39" id="Test Suites/ai10ts">
      <properties>
         <property name="deviceName" value=""/>
         <property name="devicePlatform"/>
         <property name="logFolder" value="C:\\Users\\Anoop_G\\git\\GitKatalonIntegration\\GitKatalonIntegration\\Reports\\20241024_002003\\ai10ts\\20241024_002003"/>
         <property name="logFiles" value="C:\\Users\\Anoop_G\\git\\GitKatalonIntegration\\GitKatalonIntegration\\Reports\\20241024_002003\\ai10ts\\20241024_002003\\execution0.log"/>
         <property name="attachments" value=""/>
         <property name="hostName" value="Anoop_G - 192.168.1.39"/>
         <property name="os" value="Windows 11 64bit"/>
         <property name="katalonVersion" value="9.7.2.223"/>
         <property name="browser" value="Chrome 130.0.0.0"/>
         <property name="hostAddress" value="192.168.1.39"/>
         <property name="sessionId" value="c404de29a6537a790aeef040bb46d754"/>
         <property name="seleniumVersion" value="3.141.59"/>
         <property name="proxyInformation" value="ProxyInformation { proxyOption=NO_PROXY, proxyServerType=HTTP, username=, password=********, proxyServerAddress=, proxyServerPort=0, executionList=&quot;&quot;, isApplyToDesiredCapabilities=true }"/>
         <property name="platform" value="Windows 11"/>
      </properties>
      <testcase name="Test Cases/AI10tc" time="74.324" classname="Test Cases/AI10tc" status="PASSED">
         <system-out><![CDATA[24-10-2024T00:20:25 - [TEST_CASE][PASSED] - Test Cases/AI10tc: Test Cases/AI10tc

24-10-2024T00:20:26 - [TEST_STEP][PASSED] - openBrowser(""): Browser is opened with url: ''

24-10-2024T00:20:28 - [MESSAGE][INFO] - Starting 'Chrome' driver

24-10-2024T00:20:29 - [MESSAGE][INFO] - Action delay is set to 0 milliseconds

24-10-2024T00:20:36 - [MESSAGE][PASSED] - Browser is opened with url: ''

24-10-2024T00:20:36 - [TEST_STEP][PASSED] - navigateToUrl("https://www.tutorialspoint.com/index.htm"): Navigate to 'https://www.tutorialspoint.com/index.htm' successfully

24-10-2024T00:20:37 - [MESSAGE][PASSED] - Navigate to 'https://www.tutorialspoint.com/index.htm' successfully

24-10-2024T00:20:37 - [TEST_STEP][PASSED] - click(findTestObject("Object Repository/Page_Quality Tutorials, Video Courses, and _b82182/a_CSS")): Object: 'Object Repository/Page_Quality Tutorials, Video Courses, and _b82182/a_CSS' is clicked on

24-10-2024T00:20:56 - [MESSAGE][PASSED] - Object: 'Object Repository/Page_Quality Tutorials, Video Courses, and _b82182/a_CSS' is clicked on

24-10-2024T00:20:56 - [TEST_STEP][PASSED] - click(findTestObject("Object Repository/Page_CSS Tutorial/a_Discussion")): Object: 'Object Repository/Page_CSS Tutorial/a_Discussion' is clicked on

24-10-2024T00:21:39 - [MESSAGE][PASSED] - Object: 'Object Repository/Page_CSS Tutorial/a_Discussion' is clicked on]]></system-out>
         <system-err><![CDATA[]]></system-err>
      </testcase>
      <system-out><![CDATA[24-10-2024T00:20:21 - [TEST_SUITE][PASSED] - ai10ts: Test Cases/AI10tc]]></system-out>
      <system-err><![CDATA[]]></system-err>
   </testsuite>
</testsuites>
