<?xml version="1.0" encoding="UTF-8"?>
<testsuites name="Suite_OrangeDemoBlaze" time="37.604" tests="2" failures="0" errors="0">
   <testsuite name="Suite_OrangeDemoBlaze" tests="2" failures="0" errors="0" time="37.604" skipped="0" timestamp="11-10-2024T18:34:09" hostname="Anoop_G - 192.168.1.38" id="Test Suites/Suite_OrangeDemoBlaze">
      <properties>
         <property name="deviceName" value=""/>
         <property name="devicePlatform"/>
         <property name="logFolder" value="C:\\Users\\Anoop_G\\git\\GitKatalonIntegration\\GitKatalonIntegration\\Reports\\20241011_183350\\Suite_OrangeDemoBlaze\\20241011_183350"/>
         <property name="logFiles" value="C:\\Users\\Anoop_G\\git\\GitKatalonIntegration\\GitKatalonIntegration\\Reports\\20241011_183350\\Suite_OrangeDemoBlaze\\20241011_183350\\execution0.log"/>
         <property name="attachments" value=""/>
         <property name="hostName" value="Anoop_G - 192.168.1.38"/>
         <property name="os" value="Windows 11 64bit"/>
         <property name="katalonVersion" value="9.7.2.223"/>
         <property name="browser" value="Chrome 129.0.0.0"/>
         <property name="hostAddress" value="192.168.1.38"/>
         <property name="sessionId" value="fbe93ef33c9a7d6ed4c6e41bc1a2906f"/>
         <property name="seleniumVersion" value="3.141.59"/>
         <property name="proxyInformation" value="ProxyInformation { proxyOption=NO_PROXY, proxyServerType=HTTP, username=, password=********, proxyServerAddress=, proxyServerPort=0, executionList=&quot;&quot;, isApplyToDesiredCapabilities=true }"/>
         <property name="platform" value="Windows 11"/>
      </properties>
      <testcase name="Test Cases/DemoBlazeTagsAdded" time="23.425" classname="Test Cases/DemoBlazeTagsAdded" status="PASSED">
         <system-out><![CDATA[11-10-2024T18:34:10 - [TEST_CASE][PASSED] - Test Cases/DemoBlazeTagsAdded: Test Cases/DemoBlazeTagsAdded

11-10-2024T18:34:11 - [TEST_STEP][PASSED] - openBrowser(""): Browser is opened with url: ''

11-10-2024T18:34:13 - [MESSAGE][INFO] - Starting 'Chrome' driver

11-10-2024T18:34:13 - [MESSAGE][INFO] - Action delay is set to 0 milliseconds

11-10-2024T18:34:20 - [MESSAGE][PASSED] - Browser is opened with url: ''

11-10-2024T18:34:20 - [TEST_STEP][PASSED] - navigateToUrl("https://www.demoblaze.com/"): Navigate to 'https://www.demoblaze.com/' successfully

11-10-2024T18:34:23 - [MESSAGE][PASSED] - Navigate to 'https://www.demoblaze.com/' successfully

11-10-2024T18:34:23 - [TEST_STEP][PASSED] - click(findTestObject("Object Repository/Page_STORE/a_Monitors")): Object: 'Object Repository/Page_STORE/a_Monitors' is clicked on

11-10-2024T18:34:26 - [MESSAGE][PASSED] - Object: 'Object Repository/Page_STORE/a_Monitors' is clicked on

11-10-2024T18:34:26 - [TEST_STEP][PASSED] - click(findTestObject("Object Repository/Page_STORE/a_ASUS Full HD")): Object: 'Object Repository/Page_STORE/a_ASUS Full HD' is clicked on

11-10-2024T18:34:28 - [MESSAGE][PASSED] - Object: 'Object Repository/Page_STORE/a_ASUS Full HD' is clicked on

11-10-2024T18:34:28 - [TEST_STEP][PASSED] - verifyElementPresent(findTestObject("Object Repository/Page_STORE/h2_ASUS Full HD"), 0): Object 'Object Repository/Page_STORE/h2_ASUS Full HD' is present

11-10-2024T18:34:28 - [MESSAGE][WARNING] - Timeout '0' is invalid. Using default page load timeout: '30'

11-10-2024T18:34:29 - [MESSAGE][PASSED] - Object 'Object Repository/Page_STORE/h2_ASUS Full HD' is present

11-10-2024T18:34:29 - [TEST_STEP][PASSED] - click(findTestObject("Object Repository/Page_STORE/a_Add to cart")): Object: 'Object Repository/Page_STORE/a_Add to cart' is clicked on

11-10-2024T18:34:30 - [MESSAGE][PASSED] - Object: 'Object Repository/Page_STORE/a_Add to cart' is clicked on

11-10-2024T18:34:30 - [TEST_STEP][PASSED] - cart = findTestObject("Object Repository/Page_STORE/a_Add to cart"): null

11-10-2024T18:34:30 - [TEST_STEP][PASSED] - verifyElementPresent(cart, 3): Object 'Object Repository/Page_STORE/a_Add to cart' is present

11-10-2024T18:34:31 - [MESSAGE][PASSED] - Object 'Object Repository/Page_STORE/a_Add to cart' is present

11-10-2024T18:34:31 - [TEST_STEP][PASSED] - closeBrowser(): Browser is closed

11-10-2024T18:34:33 - [MESSAGE][PASSED] - Browser is closed]]></system-out>
         <system-err><![CDATA[]]></system-err>
      </testcase>
      <testcase name="Test Cases/dempapplotz" time="13.02" classname="Test Cases/dempapplotz" status="PASSED">
         <system-out><![CDATA[11-10-2024T18:34:34 - [TEST_CASE][PASSED] - Test Cases/dempapplotz: Test Cases/dempapplotz

11-10-2024T18:34:35 - [TEST_STEP][PASSED] - openBrowser(""): Browser is opened with url: ''

11-10-2024T18:34:35 - [MESSAGE][INFO] - Starting 'Chrome' driver

11-10-2024T18:34:35 - [MESSAGE][INFO] - Action delay is set to 0 milliseconds

11-10-2024T18:34:39 - [MESSAGE][PASSED] - Browser is opened with url: ''

11-10-2024T18:34:39 - [TEST_STEP][PASSED] - navigateToUrl("https://demo.applitools.com/"): Navigate to 'https://demo.applitools.com/' successfully

11-10-2024T18:34:40 - [MESSAGE][PASSED] - Navigate to 'https://demo.applitools.com/' successfully

11-10-2024T18:34:40 - [TEST_STEP][PASSED] - setText(findTestObject("Object Repository/Page_ACME Demo App by Applitools/input_Username_username"), "test"): Text 'test' is set on object 'Object Repository/Page_ACME Demo App by Applitools/input_Username_username'

11-10-2024T18:34:42 - [MESSAGE][PASSED] - Text 'test' is set on object 'Object Repository/Page_ACME Demo App by Applitools/input_Username_username'

11-10-2024T18:34:42 - [TEST_STEP][PASSED] - setEncryptedText(findTestObject("Object Repository/Page_ACME Demo App by Applitools/input_Password_password"), "P9ET2sDE0SE="): Text ****** has been set on object 'Object Repository/Page_ACME Demo App by Applitools/input_Password_password'

11-10-2024T18:34:43 - [MESSAGE][PASSED] - Text ****** has been set on object 'Object Repository/Page_ACME Demo App by Applitools/input_Password_password'

11-10-2024T18:34:43 - [TEST_STEP][PASSED] - click(findTestObject("Object Repository/Page_ACME Demo App by Applitools/input_Remember Me_form-check-input")): Object: 'Object Repository/Page_ACME Demo App by Applitools/input_Remember Me_form-check-input' is clicked on

11-10-2024T18:34:43 - [MESSAGE][PASSED] - Object: 'Object Repository/Page_ACME Demo App by Applitools/input_Remember Me_form-check-input' is clicked on

11-10-2024T18:34:43 - [TEST_STEP][PASSED] - click(findTestObject("Object Repository/Page_ACME Demo App by Applitools/a_Sign in")): Object: 'Object Repository/Page_ACME Demo App by Applitools/a_Sign in' is clicked on

11-10-2024T18:34:45 - [MESSAGE][PASSED] - Object: 'Object Repository/Page_ACME Demo App by Applitools/a_Sign in' is clicked on

11-10-2024T18:34:45 - [TEST_STEP][PASSED] - verifyElementPresent(findTestObject("Object Repository/Page_ACME demo app/h6_Your nearest branch closes in 30m 5s"), 0): Object 'Object Repository/Page_ACME demo app/h6_Your nearest branch closes in 30m 5s' is present

11-10-2024T18:34:45 - [MESSAGE][WARNING] - Timeout '0' is invalid. Using default page load timeout: '30'

11-10-2024T18:34:45 - [MESSAGE][PASSED] - Object 'Object Repository/Page_ACME demo app/h6_Your nearest branch closes in 30m 5s' is present

11-10-2024T18:34:45 - [TEST_STEP][PASSED] - click(findTestObject("Object Repository/Page_ACME demo app/a_Restaurant  Cafe")): Object: 'Object Repository/Page_ACME demo app/a_Restaurant  Cafe' is clicked on

11-10-2024T18:34:46 - [MESSAGE][PASSED] - Object: 'Object Repository/Page_ACME demo app/a_Restaurant  Cafe' is clicked on

11-10-2024T18:34:46 - [TEST_STEP][PASSED] - verifyElementPresent(findTestObject("Object Repository/Page_ACME demo app/span_Starbucks coffee"), 0): Object 'Object Repository/Page_ACME demo app/span_Starbucks coffee' is present

11-10-2024T18:34:46 - [MESSAGE][WARNING] - Timeout '0' is invalid. Using default page load timeout: '30'

11-10-2024T18:34:47 - [MESSAGE][PASSED] - Object 'Object Repository/Page_ACME demo app/span_Starbucks coffee' is present]]></system-out>
         <system-err><![CDATA[]]></system-err>
      </testcase>
      <system-out><![CDATA[11-10-2024T18:34:09 - [TEST_SUITE][PASSED] - Suite_OrangeDemoBlaze: Test Cases/dempapplotz]]></system-out>
      <system-err><![CDATA[]]></system-err>
   </testsuite>
</testsuites>
